INFO - 2024-10-06 00:02:03 --> Session: Class initialized using 'CodeIgniter\Session\Handlers\FileHandler' driver.
INFO - 2024-10-06 00:02:14 --> Session: Class initialized using 'CodeIgniter\Session\Handlers\FileHandler' driver.
INFO - 2024-10-06 00:03:33 --> Session: Class initialized using 'CodeIgniter\Session\Handlers\FileHandler' driver.
INFO - 2024-10-06 00:03:45 --> Session: Class initialized using 'CodeIgniter\Session\Handlers\FileHandler' driver.
INFO - 2024-10-06 00:03:58 --> Session: Class initialized using 'CodeIgniter\Session\Handlers\FileHandler' driver.
INFO - 2024-10-06 00:13:02 --> Session: Class initialized using 'CodeIgniter\Session\Handlers\FileHandler' driver.
INFO - 2024-10-06 00:13:52 --> Session: Class initialized using 'CodeIgniter\Session\Handlers\FileHandler' driver.
INFO - 2024-10-06 00:14:18 --> Session: Class initialized using 'CodeIgniter\Session\Handlers\FileHandler' driver.
CRITICAL - 2024-10-06 00:26:58 --> ErrorException: Attempt to read property "id" on string
[Method: GET, Route: usuarios/criar]
in APPPATH\Views\Usuarios\criar.php on line 27.
 1 APPPATH\Views\Usuarios\criar.php(27): CodeIgniter\Debug\Exceptions->errorHandler(2, 'Attempt to read property "id" on string', 'C:\\xampp\\htdocs\\ordem\\app\\Views\\Usuarios\\criar.php', 27)
 2 SYSTEMPATH\View\View.php(234): include('C:\\xampp\\htdocs\\ordem\\app\\Views\\Usuarios\\criar.php')
 3 SYSTEMPATH\View\View.php(237): CodeIgniter\View\View->CodeIgniter\View\{closure}()
 4 SYSTEMPATH\Common.php(1171): CodeIgniter\View\View->render('Usuarios/criar', [], true)
 5 APPPATH\Controllers\Usuarios.php(80): view('Usuarios/criar', [...])
 6 SYSTEMPATH\CodeIgniter.php(933): App\Controllers\Usuarios->criar()
 7 SYSTEMPATH\CodeIgniter.php(509): CodeIgniter\CodeIgniter->runController(Object(App\Controllers\Usuarios))
 8 SYSTEMPATH\CodeIgniter.php(355): CodeIgniter\CodeIgniter->handleRequest(null, Object(Config\Cache), false)
 9 SYSTEMPATH\Boot.php(325): CodeIgniter\CodeIgniter->run()
10 SYSTEMPATH\Boot.php(67): CodeIgniter\Boot::runCodeIgniter(Object(CodeIgniter\CodeIgniter))
11 FCPATH\index.php(56): CodeIgniter\Boot::bootWeb(Object(Config\Paths))
12 SYSTEMPATH\rewrite.php(44): require_once('C:\\xampp\\htdocs\\ordem\\public\\index.php')
INFO - 2024-10-06 00:32:51 --> Session: Class initialized using 'CodeIgniter\Session\Handlers\FileHandler' driver.
INFO - 2024-10-06 01:11:57 --> Session: Class initialized using 'CodeIgniter\Session\Handlers\FileHandler' driver.
INFO - 2024-10-06 01:12:27 --> CSRF token verified.
INFO - 2024-10-06 01:18:59 --> Session: Class initialized using 'CodeIgniter\Session\Handlers\FileHandler' driver.
INFO - 2024-10-06 01:19:16 --> CSRF token verified.
CRITICAL - 2024-10-06 01:19:16 --> LogicException: No validation rules for the placeholder: "id". You must set the validation rules for the field. See <https://codeigniter4.github.io/userguide/libraries/validation.html#validation-placeholders>.
[Method: POST, Route: usuarios/cadastrar]
in SYSTEMPATH\Validation\Validation.php on line 806.
 1 SYSTEMPATH\Validation\Validation.php(158): CodeIgniter\Validation\Validation->fillPlaceholders([...], [...])
 2 SYSTEMPATH\BaseModel.php(1577): CodeIgniter\Validation\Validation->run([...], null, null)
 3 SYSTEMPATH\BaseModel.php(809): CodeIgniter\BaseModel->validate([...])
 4 SYSTEMPATH\Model.php(802): CodeIgniter\BaseModel->insert([...], false)
 5 SYSTEMPATH\BaseModel.php(751): CodeIgniter\Model->insert(Object(App\Entities\Usuario), false)
 6 APPPATH\Controllers\Usuarios.php(104): CodeIgniter\BaseModel->save(Object(App\Entities\Usuario))
 7 SYSTEMPATH\CodeIgniter.php(933): App\Controllers\Usuarios->cadastrar()
 8 SYSTEMPATH\CodeIgniter.php(509): CodeIgniter\CodeIgniter->runController(Object(App\Controllers\Usuarios))
 9 SYSTEMPATH\CodeIgniter.php(355): CodeIgniter\CodeIgniter->handleRequest(null, Object(Config\Cache), false)
10 SYSTEMPATH\Boot.php(325): CodeIgniter\CodeIgniter->run()
11 SYSTEMPATH\Boot.php(67): CodeIgniter\Boot::runCodeIgniter(Object(CodeIgniter\CodeIgniter))
12 FCPATH\index.php(56): CodeIgniter\Boot::bootWeb(Object(Config\Paths))
13 SYSTEMPATH\rewrite.php(44): require_once('C:\\xampp\\htdocs\\ordem\\public\\index.php')
CRITICAL - 2024-10-06 01:19:25 --> CodeIgniter\Security\Exceptions\SecurityException: A ação que você requisitou não é permitida.
[Method: POST, Route: usuarios/cadastrar]
in SYSTEMPATH\Security\Security.php on line 262.
 1 SYSTEMPATH\Security\Security.php(262): CodeIgniter\Security\Exceptions\SecurityException::forDisallowedAction()
 2 SYSTEMPATH\Filters\CSRF.php(52): CodeIgniter\Security\Security->verify(Object(CodeIgniter\HTTP\IncomingRequest))
 3 SYSTEMPATH\Filters\Filters.php(205): CodeIgniter\Filters\CSRF->before(Object(CodeIgniter\HTTP\IncomingRequest), null)
 4 SYSTEMPATH\Filters\Filters.php(184): CodeIgniter\Filters\Filters->runBefore([...])
 5 SYSTEMPATH\CodeIgniter.php(481): CodeIgniter\Filters\Filters->run('usuarios/cadastrar', 'before')
 6 SYSTEMPATH\CodeIgniter.php(355): CodeIgniter\CodeIgniter->handleRequest(null, Object(Config\Cache), false)
 7 SYSTEMPATH\Boot.php(325): CodeIgniter\CodeIgniter->run()
 8 SYSTEMPATH\Boot.php(67): CodeIgniter\Boot::runCodeIgniter(Object(CodeIgniter\CodeIgniter))
 9 FCPATH\index.php(56): CodeIgniter\Boot::bootWeb(Object(Config\Paths))
10 SYSTEMPATH\rewrite.php(44): require_once('C:\\xampp\\htdocs\\ordem\\public\\index.php')
INFO - 2024-10-06 01:22:28 --> Session: Class initialized using 'CodeIgniter\Session\Handlers\FileHandler' driver.
INFO - 2024-10-06 01:22:51 --> CSRF token verified.
CRITICAL - 2024-10-06 01:22:51 --> LogicException: No validation rules for the placeholder: "id". You must set the validation rules for the field. See <https://codeigniter4.github.io/userguide/libraries/validation.html#validation-placeholders>.
[Method: POST, Route: usuarios/cadastrar]
in SYSTEMPATH\Validation\Validation.php on line 806.
 1 SYSTEMPATH\Validation\Validation.php(158): CodeIgniter\Validation\Validation->fillPlaceholders([...], [...])
 2 SYSTEMPATH\BaseModel.php(1577): CodeIgniter\Validation\Validation->run([...], null, null)
 3 SYSTEMPATH\BaseModel.php(809): CodeIgniter\BaseModel->validate([...])
 4 SYSTEMPATH\Model.php(802): CodeIgniter\BaseModel->insert([...], false)
 5 SYSTEMPATH\BaseModel.php(751): CodeIgniter\Model->insert(Object(App\Entities\Usuario), false)
 6 APPPATH\Controllers\Usuarios.php(104): CodeIgniter\BaseModel->save(Object(App\Entities\Usuario))
 7 SYSTEMPATH\CodeIgniter.php(933): App\Controllers\Usuarios->cadastrar()
 8 SYSTEMPATH\CodeIgniter.php(509): CodeIgniter\CodeIgniter->runController(Object(App\Controllers\Usuarios))
 9 SYSTEMPATH\CodeIgniter.php(355): CodeIgniter\CodeIgniter->handleRequest(null, Object(Config\Cache), false)
10 SYSTEMPATH\Boot.php(325): CodeIgniter\CodeIgniter->run()
11 SYSTEMPATH\Boot.php(67): CodeIgniter\Boot::runCodeIgniter(Object(CodeIgniter\CodeIgniter))
12 FCPATH\index.php(56): CodeIgniter\Boot::bootWeb(Object(Config\Paths))
13 SYSTEMPATH\rewrite.php(44): require_once('C:\\xampp\\htdocs\\ordem\\public\\index.php')
CRITICAL - 2024-10-06 01:23:33 --> CodeIgniter\Security\Exceptions\SecurityException: A ação que você requisitou não é permitida.
[Method: POST, Route: usuarios/cadastrar]
in SYSTEMPATH\Security\Security.php on line 262.
 1 SYSTEMPATH\Security\Security.php(262): CodeIgniter\Security\Exceptions\SecurityException::forDisallowedAction()
 2 SYSTEMPATH\Filters\CSRF.php(52): CodeIgniter\Security\Security->verify(Object(CodeIgniter\HTTP\IncomingRequest))
 3 SYSTEMPATH\Filters\Filters.php(205): CodeIgniter\Filters\CSRF->before(Object(CodeIgniter\HTTP\IncomingRequest), null)
 4 SYSTEMPATH\Filters\Filters.php(184): CodeIgniter\Filters\Filters->runBefore([...])
 5 SYSTEMPATH\CodeIgniter.php(481): CodeIgniter\Filters\Filters->run('usuarios/cadastrar', 'before')
 6 SYSTEMPATH\CodeIgniter.php(355): CodeIgniter\CodeIgniter->handleRequest(null, Object(Config\Cache), false)
 7 SYSTEMPATH\Boot.php(325): CodeIgniter\CodeIgniter->run()
 8 SYSTEMPATH\Boot.php(67): CodeIgniter\Boot::runCodeIgniter(Object(CodeIgniter\CodeIgniter))
 9 FCPATH\index.php(56): CodeIgniter\Boot::bootWeb(Object(Config\Paths))
10 SYSTEMPATH\rewrite.php(44): require_once('C:\\xampp\\htdocs\\ordem\\public\\index.php')
INFO - 2024-10-06 01:26:35 --> Session: Class initialized using 'CodeIgniter\Session\Handlers\FileHandler' driver.
INFO - 2024-10-06 01:30:44 --> Session: Class initialized using 'CodeIgniter\Session\Handlers\FileHandler' driver.
INFO - 2024-10-06 01:30:49 --> Session: Class initialized using 'CodeIgniter\Session\Handlers\FileHandler' driver.
INFO - 2024-10-06 01:31:07 --> CSRF token verified.
CRITICAL - 2024-10-06 01:31:07 --> LogicException: No validation rules for the placeholder: "id". You must set the validation rules for the field. See <https://codeigniter4.github.io/userguide/libraries/validation.html#validation-placeholders>.
[Method: POST, Route: usuarios/cadastrar]
in SYSTEMPATH\Validation\Validation.php on line 806.
 1 SYSTEMPATH\Validation\Validation.php(158): CodeIgniter\Validation\Validation->fillPlaceholders([...], [...])
 2 SYSTEMPATH\BaseModel.php(1577): CodeIgniter\Validation\Validation->run([...], null, null)
 3 SYSTEMPATH\BaseModel.php(809): CodeIgniter\BaseModel->validate([...])
 4 SYSTEMPATH\Model.php(802): CodeIgniter\BaseModel->insert([...], false)
 5 SYSTEMPATH\BaseModel.php(751): CodeIgniter\Model->insert(Object(App\Entities\Usuario), false)
 6 APPPATH\Controllers\Usuarios.php(104): CodeIgniter\BaseModel->save(Object(App\Entities\Usuario))
 7 SYSTEMPATH\CodeIgniter.php(933): App\Controllers\Usuarios->cadastrar()
 8 SYSTEMPATH\CodeIgniter.php(509): CodeIgniter\CodeIgniter->runController(Object(App\Controllers\Usuarios))
 9 SYSTEMPATH\CodeIgniter.php(355): CodeIgniter\CodeIgniter->handleRequest(null, Object(Config\Cache), false)
10 SYSTEMPATH\Boot.php(325): CodeIgniter\CodeIgniter->run()
11 SYSTEMPATH\Boot.php(67): CodeIgniter\Boot::runCodeIgniter(Object(CodeIgniter\CodeIgniter))
12 FCPATH\index.php(56): CodeIgniter\Boot::bootWeb(Object(Config\Paths))
13 SYSTEMPATH\rewrite.php(44): require_once('C:\\xampp\\htdocs\\ordem\\public\\index.php')
INFO - 2024-10-06 01:34:15 --> Session: Class initialized using 'CodeIgniter\Session\Handlers\FileHandler' driver.
INFO - 2024-10-06 01:34:20 --> Session: Class initialized using 'CodeIgniter\Session\Handlers\FileHandler' driver.
CRITICAL - 2024-10-06 01:34:21 --> TypeError: App\Controllers\Usuarios::exibir(): Argument #1 ($id) must be of type ?int, string given, called in C:\xampp\htdocs\ordem\vendor\codeigniter4\framework\system\CodeIgniter.php on line 933
[Method: GET, Route: usuarios/exibir/img/avatar-3.jpg]
in APPPATH\Controllers\Usuarios.php on line 131.
 1 SYSTEMPATH\CodeIgniter.php(933): App\Controllers\Usuarios->exibir('img', 'avatar-3.jpg')
 2 SYSTEMPATH\CodeIgniter.php(509): CodeIgniter\CodeIgniter->runController(Object(App\Controllers\Usuarios))
 3 SYSTEMPATH\CodeIgniter.php(355): CodeIgniter\CodeIgniter->handleRequest(null, Object(Config\Cache), false)
 4 SYSTEMPATH\Boot.php(325): CodeIgniter\CodeIgniter->run()
 5 SYSTEMPATH\Boot.php(67): CodeIgniter\Boot::runCodeIgniter(Object(CodeIgniter\CodeIgniter))
 6 FCPATH\index.php(56): CodeIgniter\Boot::bootWeb(Object(Config\Paths))
 7 SYSTEMPATH\rewrite.php(44): require_once('C:\\xampp\\htdocs\\ordem\\public\\index.php')
CRITICAL - 2024-10-06 01:34:21 --> TypeError: App\Controllers\Usuarios::exibir(): Argument #1 ($id) must be of type ?int, string given, called in C:\xampp\htdocs\ordem\vendor\codeigniter4\framework\system\CodeIgniter.php on line 933
[Method: GET, Route: usuarios/exibir/img/avatar-2.jpg]
in APPPATH\Controllers\Usuarios.php on line 131.
 1 SYSTEMPATH\CodeIgniter.php(933): App\Controllers\Usuarios->exibir('img', 'avatar-2.jpg')
 2 SYSTEMPATH\CodeIgniter.php(509): CodeIgniter\CodeIgniter->runController(Object(App\Controllers\Usuarios))
 3 SYSTEMPATH\CodeIgniter.php(355): CodeIgniter\CodeIgniter->handleRequest(null, Object(Config\Cache), false)
 4 SYSTEMPATH\Boot.php(325): CodeIgniter\CodeIgniter->run()
 5 SYSTEMPATH\Boot.php(67): CodeIgniter\Boot::runCodeIgniter(Object(CodeIgniter\CodeIgniter))
 6 FCPATH\index.php(56): CodeIgniter\Boot::bootWeb(Object(Config\Paths))
 7 SYSTEMPATH\rewrite.php(44): require_once('C:\\xampp\\htdocs\\ordem\\public\\index.php')
CRITICAL - 2024-10-06 01:34:22 --> TypeError: App\Controllers\Usuarios::exibir(): Argument #1 ($id) must be of type ?int, string given, called in C:\xampp\htdocs\ordem\vendor\codeigniter4\framework\system\CodeIgniter.php on line 933
[Method: GET, Route: usuarios/exibir/img/avatar-5.jpg]
in APPPATH\Controllers\Usuarios.php on line 131.
 1 SYSTEMPATH\CodeIgniter.php(933): App\Controllers\Usuarios->exibir('img', 'avatar-5.jpg')
 2 SYSTEMPATH\CodeIgniter.php(509): CodeIgniter\CodeIgniter->runController(Object(App\Controllers\Usuarios))
 3 SYSTEMPATH\CodeIgniter.php(355): CodeIgniter\CodeIgniter->handleRequest(null, Object(Config\Cache), false)
 4 SYSTEMPATH\Boot.php(325): CodeIgniter\CodeIgniter->run()
 5 SYSTEMPATH\Boot.php(67): CodeIgniter\Boot::runCodeIgniter(Object(CodeIgniter\CodeIgniter))
 6 FCPATH\index.php(56): CodeIgniter\Boot::bootWeb(Object(Config\Paths))
 7 SYSTEMPATH\rewrite.php(44): require_once('C:\\xampp\\htdocs\\ordem\\public\\index.php')
CRITICAL - 2024-10-06 01:34:22 --> TypeError: App\Controllers\Usuarios::exibir(): Argument #1 ($id) must be of type ?int, string given, called in C:\xampp\htdocs\ordem\vendor\codeigniter4\framework\system\CodeIgniter.php on line 933
[Method: GET, Route: usuarios/exibir/img/avatar-1.jpg]
in APPPATH\Controllers\Usuarios.php on line 131.
 1 SYSTEMPATH\CodeIgniter.php(933): App\Controllers\Usuarios->exibir('img', 'avatar-1.jpg')
 2 SYSTEMPATH\CodeIgniter.php(509): CodeIgniter\CodeIgniter->runController(Object(App\Controllers\Usuarios))
 3 SYSTEMPATH\CodeIgniter.php(355): CodeIgniter\CodeIgniter->handleRequest(null, Object(Config\Cache), false)
 4 SYSTEMPATH\Boot.php(325): CodeIgniter\CodeIgniter->run()
 5 SYSTEMPATH\Boot.php(67): CodeIgniter\Boot::runCodeIgniter(Object(CodeIgniter\CodeIgniter))
 6 FCPATH\index.php(56): CodeIgniter\Boot::bootWeb(Object(Config\Paths))
 7 SYSTEMPATH\rewrite.php(44): require_once('C:\\xampp\\htdocs\\ordem\\public\\index.php')
CRITICAL - 2024-10-06 01:34:22 --> TypeError: App\Controllers\Usuarios::exibir(): Argument #1 ($id) must be of type ?int, string given, called in C:\xampp\htdocs\ordem\vendor\codeigniter4\framework\system\CodeIgniter.php on line 933
[Method: GET, Route: usuarios/exibir/img/flags/16/GB.png]
in APPPATH\Controllers\Usuarios.php on line 131.
 1 SYSTEMPATH\CodeIgniter.php(933): App\Controllers\Usuarios->exibir('img', 'flags', '16', 'GB.png')
 2 SYSTEMPATH\CodeIgniter.php(509): CodeIgniter\CodeIgniter->runController(Object(App\Controllers\Usuarios))
 3 SYSTEMPATH\CodeIgniter.php(355): CodeIgniter\CodeIgniter->handleRequest(null, Object(Config\Cache), false)
 4 SYSTEMPATH\Boot.php(325): CodeIgniter\CodeIgniter->run()
 5 SYSTEMPATH\Boot.php(67): CodeIgniter\Boot::runCodeIgniter(Object(CodeIgniter\CodeIgniter))
 6 FCPATH\index.php(56): CodeIgniter\Boot::bootWeb(Object(Config\Paths))
 7 SYSTEMPATH\rewrite.php(44): require_once('C:\\xampp\\htdocs\\ordem\\public\\index.php')
CRITICAL - 2024-10-06 01:34:22 --> TypeError: App\Controllers\Usuarios::exibir(): Argument #1 ($id) must be of type ?int, string given, called in C:\xampp\htdocs\ordem\vendor\codeigniter4\framework\system\CodeIgniter.php on line 933
[Method: GET, Route: usuarios/exibir/img/avatar-6.jpg]
in APPPATH\Controllers\Usuarios.php on line 131.
 1 SYSTEMPATH\CodeIgniter.php(933): App\Controllers\Usuarios->exibir('img', 'avatar-6.jpg')
 2 SYSTEMPATH\CodeIgniter.php(509): CodeIgniter\CodeIgniter->runController(Object(App\Controllers\Usuarios))
 3 SYSTEMPATH\CodeIgniter.php(355): CodeIgniter\CodeIgniter->handleRequest(null, Object(Config\Cache), false)
 4 SYSTEMPATH\Boot.php(325): CodeIgniter\CodeIgniter->run()
 5 SYSTEMPATH\Boot.php(67): CodeIgniter\Boot::runCodeIgniter(Object(CodeIgniter\CodeIgniter))
 6 FCPATH\index.php(56): CodeIgniter\Boot::bootWeb(Object(Config\Paths))
 7 SYSTEMPATH\rewrite.php(44): require_once('C:\\xampp\\htdocs\\ordem\\public\\index.php')
CRITICAL - 2024-10-06 01:34:22 --> TypeError: App\Controllers\Usuarios::exibir(): Argument #1 ($id) must be of type ?int, string given, called in C:\xampp\htdocs\ordem\vendor\codeigniter4\framework\system\CodeIgniter.php on line 933
[Method: GET, Route: usuarios/exibir/img/flags/16/DE.png]
in APPPATH\Controllers\Usuarios.php on line 131.
 1 SYSTEMPATH\CodeIgniter.php(933): App\Controllers\Usuarios->exibir('img', 'flags', '16', 'DE.png')
 2 SYSTEMPATH\CodeIgniter.php(509): CodeIgniter\CodeIgniter->runController(Object(App\Controllers\Usuarios))
 3 SYSTEMPATH\CodeIgniter.php(355): CodeIgniter\CodeIgniter->handleRequest(null, Object(Config\Cache), false)
 4 SYSTEMPATH\Boot.php(325): CodeIgniter\CodeIgniter->run()
 5 SYSTEMPATH\Boot.php(67): CodeIgniter\Boot::runCodeIgniter(Object(CodeIgniter\CodeIgniter))
 6 FCPATH\index.php(56): CodeIgniter\Boot::bootWeb(Object(Config\Paths))
 7 SYSTEMPATH\rewrite.php(44): require_once('C:\\xampp\\htdocs\\ordem\\public\\index.php')
CRITICAL - 2024-10-06 01:34:22 --> TypeError: App\Controllers\Usuarios::exibir(): Argument #1 ($id) must be of type ?int, string given, called in C:\xampp\htdocs\ordem\vendor\codeigniter4\framework\system\CodeIgniter.php on line 933
[Method: GET, Route: usuarios/exibir/img/flags/16/FR.png]
in APPPATH\Controllers\Usuarios.php on line 131.
 1 SYSTEMPATH\CodeIgniter.php(933): App\Controllers\Usuarios->exibir('img', 'flags', '16', 'FR.png')
 2 SYSTEMPATH\CodeIgniter.php(509): CodeIgniter\CodeIgniter->runController(Object(App\Controllers\Usuarios))
 3 SYSTEMPATH\CodeIgniter.php(355): CodeIgniter\CodeIgniter->handleRequest(null, Object(Config\Cache), false)
 4 SYSTEMPATH\Boot.php(325): CodeIgniter\CodeIgniter->run()
 5 SYSTEMPATH\Boot.php(67): CodeIgniter\Boot::runCodeIgniter(Object(CodeIgniter\CodeIgniter))
 6 FCPATH\index.php(56): CodeIgniter\Boot::bootWeb(Object(Config\Paths))
 7 SYSTEMPATH\rewrite.php(44): require_once('C:\\xampp\\htdocs\\ordem\\public\\index.php')
INFO - 2024-10-06 01:34:36 --> Session: Class initialized using 'CodeIgniter\Session\Handlers\FileHandler' driver.
CRITICAL - 2024-10-06 01:34:36 --> TypeError: App\Controllers\Usuarios::editar(): Argument #1 ($id) must be of type ?int, string given, called in C:\xampp\htdocs\ordem\vendor\codeigniter4\framework\system\CodeIgniter.php on line 933
[Method: GET, Route: usuarios/editar/img/avatar-3.jpg]
in APPPATH\Controllers\Usuarios.php on line 148.
 1 SYSTEMPATH\CodeIgniter.php(933): App\Controllers\Usuarios->editar('img', 'avatar-3.jpg')
 2 SYSTEMPATH\CodeIgniter.php(509): CodeIgniter\CodeIgniter->runController(Object(App\Controllers\Usuarios))
 3 SYSTEMPATH\CodeIgniter.php(355): CodeIgniter\CodeIgniter->handleRequest(null, Object(Config\Cache), false)
 4 SYSTEMPATH\Boot.php(325): CodeIgniter\CodeIgniter->run()
 5 SYSTEMPATH\Boot.php(67): CodeIgniter\Boot::runCodeIgniter(Object(CodeIgniter\CodeIgniter))
 6 FCPATH\index.php(56): CodeIgniter\Boot::bootWeb(Object(Config\Paths))
 7 SYSTEMPATH\rewrite.php(44): require_once('C:\\xampp\\htdocs\\ordem\\public\\index.php')
CRITICAL - 2024-10-06 01:34:36 --> TypeError: App\Controllers\Usuarios::editar(): Argument #1 ($id) must be of type ?int, string given, called in C:\xampp\htdocs\ordem\vendor\codeigniter4\framework\system\CodeIgniter.php on line 933
[Method: GET, Route: usuarios/editar/img/avatar-2.jpg]
in APPPATH\Controllers\Usuarios.php on line 148.
 1 SYSTEMPATH\CodeIgniter.php(933): App\Controllers\Usuarios->editar('img', 'avatar-2.jpg')
 2 SYSTEMPATH\CodeIgniter.php(509): CodeIgniter\CodeIgniter->runController(Object(App\Controllers\Usuarios))
 3 SYSTEMPATH\CodeIgniter.php(355): CodeIgniter\CodeIgniter->handleRequest(null, Object(Config\Cache), false)
 4 SYSTEMPATH\Boot.php(325): CodeIgniter\CodeIgniter->run()
 5 SYSTEMPATH\Boot.php(67): CodeIgniter\Boot::runCodeIgniter(Object(CodeIgniter\CodeIgniter))
 6 FCPATH\index.php(56): CodeIgniter\Boot::bootWeb(Object(Config\Paths))
 7 SYSTEMPATH\rewrite.php(44): require_once('C:\\xampp\\htdocs\\ordem\\public\\index.php')
CRITICAL - 2024-10-06 01:34:37 --> TypeError: App\Controllers\Usuarios::editar(): Argument #1 ($id) must be of type ?int, string given, called in C:\xampp\htdocs\ordem\vendor\codeigniter4\framework\system\CodeIgniter.php on line 933
[Method: GET, Route: usuarios/editar/img/avatar-1.jpg]
in APPPATH\Controllers\Usuarios.php on line 148.
 1 SYSTEMPATH\CodeIgniter.php(933): App\Controllers\Usuarios->editar('img', 'avatar-1.jpg')
 2 SYSTEMPATH\CodeIgniter.php(509): CodeIgniter\CodeIgniter->runController(Object(App\Controllers\Usuarios))
 3 SYSTEMPATH\CodeIgniter.php(355): CodeIgniter\CodeIgniter->handleRequest(null, Object(Config\Cache), false)
 4 SYSTEMPATH\Boot.php(325): CodeIgniter\CodeIgniter->run()
 5 SYSTEMPATH\Boot.php(67): CodeIgniter\Boot::runCodeIgniter(Object(CodeIgniter\CodeIgniter))
 6 FCPATH\index.php(56): CodeIgniter\Boot::bootWeb(Object(Config\Paths))
 7 SYSTEMPATH\rewrite.php(44): require_once('C:\\xampp\\htdocs\\ordem\\public\\index.php')
CRITICAL - 2024-10-06 01:34:37 --> TypeError: App\Controllers\Usuarios::editar(): Argument #1 ($id) must be of type ?int, string given, called in C:\xampp\htdocs\ordem\vendor\codeigniter4\framework\system\CodeIgniter.php on line 933
[Method: GET, Route: usuarios/editar/img/avatar-5.jpg]
in APPPATH\Controllers\Usuarios.php on line 148.
 1 SYSTEMPATH\CodeIgniter.php(933): App\Controllers\Usuarios->editar('img', 'avatar-5.jpg')
 2 SYSTEMPATH\CodeIgniter.php(509): CodeIgniter\CodeIgniter->runController(Object(App\Controllers\Usuarios))
 3 SYSTEMPATH\CodeIgniter.php(355): CodeIgniter\CodeIgniter->handleRequest(null, Object(Config\Cache), false)
 4 SYSTEMPATH\Boot.php(325): CodeIgniter\CodeIgniter->run()
 5 SYSTEMPATH\Boot.php(67): CodeIgniter\Boot::runCodeIgniter(Object(CodeIgniter\CodeIgniter))
 6 FCPATH\index.php(56): CodeIgniter\Boot::bootWeb(Object(Config\Paths))
 7 SYSTEMPATH\rewrite.php(44): require_once('C:\\xampp\\htdocs\\ordem\\public\\index.php')
CRITICAL - 2024-10-06 01:34:37 --> TypeError: App\Controllers\Usuarios::editar(): Argument #1 ($id) must be of type ?int, string given, called in C:\xampp\htdocs\ordem\vendor\codeigniter4\framework\system\CodeIgniter.php on line 933
[Method: GET, Route: usuarios/editar/img/flags/16/GB.png]
in APPPATH\Controllers\Usuarios.php on line 148.
 1 SYSTEMPATH\CodeIgniter.php(933): App\Controllers\Usuarios->editar('img', 'flags', '16', 'GB.png')
 2 SYSTEMPATH\CodeIgniter.php(509): CodeIgniter\CodeIgniter->runController(Object(App\Controllers\Usuarios))
 3 SYSTEMPATH\CodeIgniter.php(355): CodeIgniter\CodeIgniter->handleRequest(null, Object(Config\Cache), false)
 4 SYSTEMPATH\Boot.php(325): CodeIgniter\CodeIgniter->run()
 5 SYSTEMPATH\Boot.php(67): CodeIgniter\Boot::runCodeIgniter(Object(CodeIgniter\CodeIgniter))
 6 FCPATH\index.php(56): CodeIgniter\Boot::bootWeb(Object(Config\Paths))
 7 SYSTEMPATH\rewrite.php(44): require_once('C:\\xampp\\htdocs\\ordem\\public\\index.php')
CRITICAL - 2024-10-06 01:34:37 --> TypeError: App\Controllers\Usuarios::editar(): Argument #1 ($id) must be of type ?int, string given, called in C:\xampp\htdocs\ordem\vendor\codeigniter4\framework\system\CodeIgniter.php on line 933
[Method: GET, Route: usuarios/editar/img/avatar-6.jpg]
in APPPATH\Controllers\Usuarios.php on line 148.
 1 SYSTEMPATH\CodeIgniter.php(933): App\Controllers\Usuarios->editar('img', 'avatar-6.jpg')
 2 SYSTEMPATH\CodeIgniter.php(509): CodeIgniter\CodeIgniter->runController(Object(App\Controllers\Usuarios))
 3 SYSTEMPATH\CodeIgniter.php(355): CodeIgniter\CodeIgniter->handleRequest(null, Object(Config\Cache), false)
 4 SYSTEMPATH\Boot.php(325): CodeIgniter\CodeIgniter->run()
 5 SYSTEMPATH\Boot.php(67): CodeIgniter\Boot::runCodeIgniter(Object(CodeIgniter\CodeIgniter))
 6 FCPATH\index.php(56): CodeIgniter\Boot::bootWeb(Object(Config\Paths))
 7 SYSTEMPATH\rewrite.php(44): require_once('C:\\xampp\\htdocs\\ordem\\public\\index.php')
CRITICAL - 2024-10-06 01:34:38 --> TypeError: App\Controllers\Usuarios::editar(): Argument #1 ($id) must be of type ?int, string given, called in C:\xampp\htdocs\ordem\vendor\codeigniter4\framework\system\CodeIgniter.php on line 933
[Method: GET, Route: usuarios/editar/img/flags/16/DE.png]
in APPPATH\Controllers\Usuarios.php on line 148.
 1 SYSTEMPATH\CodeIgniter.php(933): App\Controllers\Usuarios->editar('img', 'flags', '16', 'DE.png')
 2 SYSTEMPATH\CodeIgniter.php(509): CodeIgniter\CodeIgniter->runController(Object(App\Controllers\Usuarios))
 3 SYSTEMPATH\CodeIgniter.php(355): CodeIgniter\CodeIgniter->handleRequest(null, Object(Config\Cache), false)
 4 SYSTEMPATH\Boot.php(325): CodeIgniter\CodeIgniter->run()
 5 SYSTEMPATH\Boot.php(67): CodeIgniter\Boot::runCodeIgniter(Object(CodeIgniter\CodeIgniter))
 6 FCPATH\index.php(56): CodeIgniter\Boot::bootWeb(Object(Config\Paths))
 7 SYSTEMPATH\rewrite.php(44): require_once('C:\\xampp\\htdocs\\ordem\\public\\index.php')
CRITICAL - 2024-10-06 01:34:38 --> TypeError: App\Controllers\Usuarios::editar(): Argument #1 ($id) must be of type ?int, string given, called in C:\xampp\htdocs\ordem\vendor\codeigniter4\framework\system\CodeIgniter.php on line 933
[Method: GET, Route: usuarios/editar/img/flags/16/FR.png]
in APPPATH\Controllers\Usuarios.php on line 148.
 1 SYSTEMPATH\CodeIgniter.php(933): App\Controllers\Usuarios->editar('img', 'flags', '16', 'FR.png')
 2 SYSTEMPATH\CodeIgniter.php(509): CodeIgniter\CodeIgniter->runController(Object(App\Controllers\Usuarios))
 3 SYSTEMPATH\CodeIgniter.php(355): CodeIgniter\CodeIgniter->handleRequest(null, Object(Config\Cache), false)
 4 SYSTEMPATH\Boot.php(325): CodeIgniter\CodeIgniter->run()
 5 SYSTEMPATH\Boot.php(67): CodeIgniter\Boot::runCodeIgniter(Object(CodeIgniter\CodeIgniter))
 6 FCPATH\index.php(56): CodeIgniter\Boot::bootWeb(Object(Config\Paths))
 7 SYSTEMPATH\rewrite.php(44): require_once('C:\\xampp\\htdocs\\ordem\\public\\index.php')
INFO - 2024-10-06 01:34:44 --> CSRF token verified.
INFO - 2024-10-06 01:34:49 --> Session: Class initialized using 'CodeIgniter\Session\Handlers\FileHandler' driver.
INFO - 2024-10-06 01:34:56 --> Session: Class initialized using 'CodeIgniter\Session\Handlers\FileHandler' driver.
INFO - 2024-10-06 01:35:28 --> CSRF token verified.
CRITICAL - 2024-10-06 01:35:28 --> LogicException: No validation rules for the placeholder: "id". You must set the validation rules for the field. See <https://codeigniter4.github.io/userguide/libraries/validation.html#validation-placeholders>.
[Method: POST, Route: usuarios/cadastrar]
in SYSTEMPATH\Validation\Validation.php on line 806.
 1 SYSTEMPATH\Validation\Validation.php(158): CodeIgniter\Validation\Validation->fillPlaceholders([...], [...])
 2 SYSTEMPATH\BaseModel.php(1577): CodeIgniter\Validation\Validation->run([...], null, null)
 3 SYSTEMPATH\BaseModel.php(809): CodeIgniter\BaseModel->validate([...])
 4 SYSTEMPATH\Model.php(802): CodeIgniter\BaseModel->insert([...], false)
 5 SYSTEMPATH\BaseModel.php(751): CodeIgniter\Model->insert(Object(App\Entities\Usuario), false)
 6 APPPATH\Controllers\Usuarios.php(104): CodeIgniter\BaseModel->save(Object(App\Entities\Usuario))
 7 SYSTEMPATH\CodeIgniter.php(933): App\Controllers\Usuarios->cadastrar()
 8 SYSTEMPATH\CodeIgniter.php(509): CodeIgniter\CodeIgniter->runController(Object(App\Controllers\Usuarios))
 9 SYSTEMPATH\CodeIgniter.php(355): CodeIgniter\CodeIgniter->handleRequest(null, Object(Config\Cache), false)
10 SYSTEMPATH\Boot.php(325): CodeIgniter\CodeIgniter->run()
11 SYSTEMPATH\Boot.php(67): CodeIgniter\Boot::runCodeIgniter(Object(CodeIgniter\CodeIgniter))
12 FCPATH\index.php(56): CodeIgniter\Boot::bootWeb(Object(Config\Paths))
13 SYSTEMPATH\rewrite.php(44): require_once('C:\\xampp\\htdocs\\ordem\\public\\index.php')
INFO - 2024-10-06 01:35:50 --> Session: Class initialized using 'CodeIgniter\Session\Handlers\FileHandler' driver.
INFO - 2024-10-06 01:50:07 --> Session: Class initialized using 'CodeIgniter\Session\Handlers\FileHandler' driver.
INFO - 2024-10-06 01:50:20 --> Session: Class initialized using 'CodeIgniter\Session\Handlers\FileHandler' driver.
INFO - 2024-10-06 01:50:28 --> Session: Class initialized using 'CodeIgniter\Session\Handlers\FileHandler' driver.
CRITICAL - 2024-10-06 01:50:29 --> TypeError: App\Controllers\Usuarios::exibir(): Argument #1 ($id) must be of type ?int, string given, called in C:\xampp\htdocs\ordem\vendor\codeigniter4\framework\system\CodeIgniter.php on line 933
[Method: GET, Route: usuarios/exibir/img/avatar-3.jpg]
in APPPATH\Controllers\Usuarios.php on line 131.
 1 SYSTEMPATH\CodeIgniter.php(933): App\Controllers\Usuarios->exibir('img', 'avatar-3.jpg')
 2 SYSTEMPATH\CodeIgniter.php(509): CodeIgniter\CodeIgniter->runController(Object(App\Controllers\Usuarios))
 3 SYSTEMPATH\CodeIgniter.php(355): CodeIgniter\CodeIgniter->handleRequest(null, Object(Config\Cache), false)
 4 SYSTEMPATH\Boot.php(325): CodeIgniter\CodeIgniter->run()
 5 SYSTEMPATH\Boot.php(67): CodeIgniter\Boot::runCodeIgniter(Object(CodeIgniter\CodeIgniter))
 6 FCPATH\index.php(56): CodeIgniter\Boot::bootWeb(Object(Config\Paths))
 7 SYSTEMPATH\rewrite.php(44): require_once('C:\\xampp\\htdocs\\ordem\\public\\index.php')
CRITICAL - 2024-10-06 01:50:29 --> TypeError: App\Controllers\Usuarios::exibir(): Argument #1 ($id) must be of type ?int, string given, called in C:\xampp\htdocs\ordem\vendor\codeigniter4\framework\system\CodeIgniter.php on line 933
[Method: GET, Route: usuarios/exibir/img/avatar-2.jpg]
in APPPATH\Controllers\Usuarios.php on line 131.
 1 SYSTEMPATH\CodeIgniter.php(933): App\Controllers\Usuarios->exibir('img', 'avatar-2.jpg')
 2 SYSTEMPATH\CodeIgniter.php(509): CodeIgniter\CodeIgniter->runController(Object(App\Controllers\Usuarios))
 3 SYSTEMPATH\CodeIgniter.php(355): CodeIgniter\CodeIgniter->handleRequest(null, Object(Config\Cache), false)
 4 SYSTEMPATH\Boot.php(325): CodeIgniter\CodeIgniter->run()
 5 SYSTEMPATH\Boot.php(67): CodeIgniter\Boot::runCodeIgniter(Object(CodeIgniter\CodeIgniter))
 6 FCPATH\index.php(56): CodeIgniter\Boot::bootWeb(Object(Config\Paths))
 7 SYSTEMPATH\rewrite.php(44): require_once('C:\\xampp\\htdocs\\ordem\\public\\index.php')
CRITICAL - 2024-10-06 01:50:29 --> TypeError: App\Controllers\Usuarios::exibir(): Argument #1 ($id) must be of type ?int, string given, called in C:\xampp\htdocs\ordem\vendor\codeigniter4\framework\system\CodeIgniter.php on line 933
[Method: GET, Route: usuarios/exibir/img/avatar-1.jpg]
in APPPATH\Controllers\Usuarios.php on line 131.
 1 SYSTEMPATH\CodeIgniter.php(933): App\Controllers\Usuarios->exibir('img', 'avatar-1.jpg')
 2 SYSTEMPATH\CodeIgniter.php(509): CodeIgniter\CodeIgniter->runController(Object(App\Controllers\Usuarios))
 3 SYSTEMPATH\CodeIgniter.php(355): CodeIgniter\CodeIgniter->handleRequest(null, Object(Config\Cache), false)
 4 SYSTEMPATH\Boot.php(325): CodeIgniter\CodeIgniter->run()
 5 SYSTEMPATH\Boot.php(67): CodeIgniter\Boot::runCodeIgniter(Object(CodeIgniter\CodeIgniter))
 6 FCPATH\index.php(56): CodeIgniter\Boot::bootWeb(Object(Config\Paths))
 7 SYSTEMPATH\rewrite.php(44): require_once('C:\\xampp\\htdocs\\ordem\\public\\index.php')
CRITICAL - 2024-10-06 01:50:30 --> TypeError: App\Controllers\Usuarios::exibir(): Argument #1 ($id) must be of type ?int, string given, called in C:\xampp\htdocs\ordem\vendor\codeigniter4\framework\system\CodeIgniter.php on line 933
[Method: GET, Route: usuarios/exibir/img/avatar-5.jpg]
in APPPATH\Controllers\Usuarios.php on line 131.
 1 SYSTEMPATH\CodeIgniter.php(933): App\Controllers\Usuarios->exibir('img', 'avatar-5.jpg')
 2 SYSTEMPATH\CodeIgniter.php(509): CodeIgniter\CodeIgniter->runController(Object(App\Controllers\Usuarios))
 3 SYSTEMPATH\CodeIgniter.php(355): CodeIgniter\CodeIgniter->handleRequest(null, Object(Config\Cache), false)
 4 SYSTEMPATH\Boot.php(325): CodeIgniter\CodeIgniter->run()
 5 SYSTEMPATH\Boot.php(67): CodeIgniter\Boot::runCodeIgniter(Object(CodeIgniter\CodeIgniter))
 6 FCPATH\index.php(56): CodeIgniter\Boot::bootWeb(Object(Config\Paths))
 7 SYSTEMPATH\rewrite.php(44): require_once('C:\\xampp\\htdocs\\ordem\\public\\index.php')
CRITICAL - 2024-10-06 01:50:30 --> TypeError: App\Controllers\Usuarios::exibir(): Argument #1 ($id) must be of type ?int, string given, called in C:\xampp\htdocs\ordem\vendor\codeigniter4\framework\system\CodeIgniter.php on line 933
[Method: GET, Route: usuarios/exibir/img/flags/16/GB.png]
in APPPATH\Controllers\Usuarios.php on line 131.
 1 SYSTEMPATH\CodeIgniter.php(933): App\Controllers\Usuarios->exibir('img', 'flags', '16', 'GB.png')
 2 SYSTEMPATH\CodeIgniter.php(509): CodeIgniter\CodeIgniter->runController(Object(App\Controllers\Usuarios))
 3 SYSTEMPATH\CodeIgniter.php(355): CodeIgniter\CodeIgniter->handleRequest(null, Object(Config\Cache), false)
 4 SYSTEMPATH\Boot.php(325): CodeIgniter\CodeIgniter->run()
 5 SYSTEMPATH\Boot.php(67): CodeIgniter\Boot::runCodeIgniter(Object(CodeIgniter\CodeIgniter))
 6 FCPATH\index.php(56): CodeIgniter\Boot::bootWeb(Object(Config\Paths))
 7 SYSTEMPATH\rewrite.php(44): require_once('C:\\xampp\\htdocs\\ordem\\public\\index.php')
CRITICAL - 2024-10-06 01:50:30 --> TypeError: App\Controllers\Usuarios::exibir(): Argument #1 ($id) must be of type ?int, string given, called in C:\xampp\htdocs\ordem\vendor\codeigniter4\framework\system\CodeIgniter.php on line 933
[Method: GET, Route: usuarios/exibir/img/avatar-6.jpg]
in APPPATH\Controllers\Usuarios.php on line 131.
 1 SYSTEMPATH\CodeIgniter.php(933): App\Controllers\Usuarios->exibir('img', 'avatar-6.jpg')
 2 SYSTEMPATH\CodeIgniter.php(509): CodeIgniter\CodeIgniter->runController(Object(App\Controllers\Usuarios))
 3 SYSTEMPATH\CodeIgniter.php(355): CodeIgniter\CodeIgniter->handleRequest(null, Object(Config\Cache), false)
 4 SYSTEMPATH\Boot.php(325): CodeIgniter\CodeIgniter->run()
 5 SYSTEMPATH\Boot.php(67): CodeIgniter\Boot::runCodeIgniter(Object(CodeIgniter\CodeIgniter))
 6 FCPATH\index.php(56): CodeIgniter\Boot::bootWeb(Object(Config\Paths))
 7 SYSTEMPATH\rewrite.php(44): require_once('C:\\xampp\\htdocs\\ordem\\public\\index.php')
CRITICAL - 2024-10-06 01:50:30 --> TypeError: App\Controllers\Usuarios::exibir(): Argument #1 ($id) must be of type ?int, string given, called in C:\xampp\htdocs\ordem\vendor\codeigniter4\framework\system\CodeIgniter.php on line 933
[Method: GET, Route: usuarios/exibir/img/flags/16/DE.png]
in APPPATH\Controllers\Usuarios.php on line 131.
 1 SYSTEMPATH\CodeIgniter.php(933): App\Controllers\Usuarios->exibir('img', 'flags', '16', 'DE.png')
 2 SYSTEMPATH\CodeIgniter.php(509): CodeIgniter\CodeIgniter->runController(Object(App\Controllers\Usuarios))
 3 SYSTEMPATH\CodeIgniter.php(355): CodeIgniter\CodeIgniter->handleRequest(null, Object(Config\Cache), false)
 4 SYSTEMPATH\Boot.php(325): CodeIgniter\CodeIgniter->run()
 5 SYSTEMPATH\Boot.php(67): CodeIgniter\Boot::runCodeIgniter(Object(CodeIgniter\CodeIgniter))
 6 FCPATH\index.php(56): CodeIgniter\Boot::bootWeb(Object(Config\Paths))
 7 SYSTEMPATH\rewrite.php(44): require_once('C:\\xampp\\htdocs\\ordem\\public\\index.php')
CRITICAL - 2024-10-06 01:50:31 --> TypeError: App\Controllers\Usuarios::exibir(): Argument #1 ($id) must be of type ?int, string given, called in C:\xampp\htdocs\ordem\vendor\codeigniter4\framework\system\CodeIgniter.php on line 933
[Method: GET, Route: usuarios/exibir/img/flags/16/FR.png]
in APPPATH\Controllers\Usuarios.php on line 131.
 1 SYSTEMPATH\CodeIgniter.php(933): App\Controllers\Usuarios->exibir('img', 'flags', '16', 'FR.png')
 2 SYSTEMPATH\CodeIgniter.php(509): CodeIgniter\CodeIgniter->runController(Object(App\Controllers\Usuarios))
 3 SYSTEMPATH\CodeIgniter.php(355): CodeIgniter\CodeIgniter->handleRequest(null, Object(Config\Cache), false)
 4 SYSTEMPATH\Boot.php(325): CodeIgniter\CodeIgniter->run()
 5 SYSTEMPATH\Boot.php(67): CodeIgniter\Boot::runCodeIgniter(Object(CodeIgniter\CodeIgniter))
 6 FCPATH\index.php(56): CodeIgniter\Boot::bootWeb(Object(Config\Paths))
 7 SYSTEMPATH\rewrite.php(44): require_once('C:\\xampp\\htdocs\\ordem\\public\\index.php')
INFO - 2024-10-06 01:51:00 --> Session: Class initialized using 'CodeIgniter\Session\Handlers\FileHandler' driver.
INFO - 2024-10-06 01:51:08 --> Session: Class initialized using 'CodeIgniter\Session\Handlers\FileHandler' driver.
INFO - 2024-10-06 01:51:25 --> CSRF token verified.
CRITICAL - 2024-10-06 01:51:25 --> LogicException: No validation rules for the placeholder: "id". You must set the validation rules for the field. See <https://codeigniter4.github.io/userguide/libraries/validation.html#validation-placeholders>.
[Method: POST, Route: usuarios/cadastrar]
in SYSTEMPATH\Validation\Validation.php on line 806.
 1 SYSTEMPATH\Validation\Validation.php(158): CodeIgniter\Validation\Validation->fillPlaceholders([...], [...])
 2 SYSTEMPATH\BaseModel.php(1577): CodeIgniter\Validation\Validation->run([...], null, null)
 3 SYSTEMPATH\BaseModel.php(809): CodeIgniter\BaseModel->validate([...])
 4 SYSTEMPATH\Model.php(802): CodeIgniter\BaseModel->insert([...], false)
 5 SYSTEMPATH\BaseModel.php(751): CodeIgniter\Model->insert(Object(App\Entities\Usuario), false)
 6 APPPATH\Controllers\Usuarios.php(104): CodeIgniter\BaseModel->save(Object(App\Entities\Usuario))
 7 SYSTEMPATH\CodeIgniter.php(933): App\Controllers\Usuarios->cadastrar()
 8 SYSTEMPATH\CodeIgniter.php(509): CodeIgniter\CodeIgniter->runController(Object(App\Controllers\Usuarios))
 9 SYSTEMPATH\CodeIgniter.php(355): CodeIgniter\CodeIgniter->handleRequest(null, Object(Config\Cache), false)
10 SYSTEMPATH\Boot.php(325): CodeIgniter\CodeIgniter->run()
11 SYSTEMPATH\Boot.php(67): CodeIgniter\Boot::runCodeIgniter(Object(CodeIgniter\CodeIgniter))
12 FCPATH\index.php(56): CodeIgniter\Boot::bootWeb(Object(Config\Paths))
13 SYSTEMPATH\rewrite.php(44): require_once('C:\\xampp\\htdocs\\ordem\\public\\index.php')
INFO - 2024-10-06 22:51:37 --> Session: Class initialized using 'CodeIgniter\Session\Handlers\FileHandler' driver.
INFO - 2024-10-06 22:51:42 --> Session: Class initialized using 'CodeIgniter\Session\Handlers\FileHandler' driver.
INFO - 2024-10-06 22:51:49 --> Session: Class initialized using 'CodeIgniter\Session\Handlers\FileHandler' driver.
CRITICAL - 2024-10-06 22:51:49 --> TypeError: App\Controllers\Usuarios::exibir(): Argument #1 ($id) must be of type ?int, string given, called in C:\xampp\htdocs\ordem\vendor\codeigniter4\framework\system\CodeIgniter.php on line 933
[Method: GET, Route: usuarios/exibir/img/avatar-3.jpg]
in APPPATH\Controllers\Usuarios.php on line 131.
 1 SYSTEMPATH\CodeIgniter.php(933): App\Controllers\Usuarios->exibir('img', 'avatar-3.jpg')
 2 SYSTEMPATH\CodeIgniter.php(509): CodeIgniter\CodeIgniter->runController(Object(App\Controllers\Usuarios))
 3 SYSTEMPATH\CodeIgniter.php(355): CodeIgniter\CodeIgniter->handleRequest(null, Object(Config\Cache), false)
 4 SYSTEMPATH\Boot.php(325): CodeIgniter\CodeIgniter->run()
 5 SYSTEMPATH\Boot.php(67): CodeIgniter\Boot::runCodeIgniter(Object(CodeIgniter\CodeIgniter))
 6 FCPATH\index.php(56): CodeIgniter\Boot::bootWeb(Object(Config\Paths))
 7 SYSTEMPATH\rewrite.php(44): require_once('C:\\xampp\\htdocs\\ordem\\public\\index.php')
CRITICAL - 2024-10-06 22:51:50 --> TypeError: App\Controllers\Usuarios::exibir(): Argument #1 ($id) must be of type ?int, string given, called in C:\xampp\htdocs\ordem\vendor\codeigniter4\framework\system\CodeIgniter.php on line 933
[Method: GET, Route: usuarios/exibir/img/avatar-2.jpg]
in APPPATH\Controllers\Usuarios.php on line 131.
 1 SYSTEMPATH\CodeIgniter.php(933): App\Controllers\Usuarios->exibir('img', 'avatar-2.jpg')
 2 SYSTEMPATH\CodeIgniter.php(509): CodeIgniter\CodeIgniter->runController(Object(App\Controllers\Usuarios))
 3 SYSTEMPATH\CodeIgniter.php(355): CodeIgniter\CodeIgniter->handleRequest(null, Object(Config\Cache), false)
 4 SYSTEMPATH\Boot.php(325): CodeIgniter\CodeIgniter->run()
 5 SYSTEMPATH\Boot.php(67): CodeIgniter\Boot::runCodeIgniter(Object(CodeIgniter\CodeIgniter))
 6 FCPATH\index.php(56): CodeIgniter\Boot::bootWeb(Object(Config\Paths))
 7 SYSTEMPATH\rewrite.php(44): require_once('C:\\xampp\\htdocs\\ordem\\public\\index.php')
CRITICAL - 2024-10-06 22:51:50 --> TypeError: App\Controllers\Usuarios::exibir(): Argument #1 ($id) must be of type ?int, string given, called in C:\xampp\htdocs\ordem\vendor\codeigniter4\framework\system\CodeIgniter.php on line 933
[Method: GET, Route: usuarios/exibir/img/avatar-1.jpg]
in APPPATH\Controllers\Usuarios.php on line 131.
 1 SYSTEMPATH\CodeIgniter.php(933): App\Controllers\Usuarios->exibir('img', 'avatar-1.jpg')
 2 SYSTEMPATH\CodeIgniter.php(509): CodeIgniter\CodeIgniter->runController(Object(App\Controllers\Usuarios))
 3 SYSTEMPATH\CodeIgniter.php(355): CodeIgniter\CodeIgniter->handleRequest(null, Object(Config\Cache), false)
 4 SYSTEMPATH\Boot.php(325): CodeIgniter\CodeIgniter->run()
 5 SYSTEMPATH\Boot.php(67): CodeIgniter\Boot::runCodeIgniter(Object(CodeIgniter\CodeIgniter))
 6 FCPATH\index.php(56): CodeIgniter\Boot::bootWeb(Object(Config\Paths))
 7 SYSTEMPATH\rewrite.php(44): require_once('C:\\xampp\\htdocs\\ordem\\public\\index.php')
CRITICAL - 2024-10-06 22:51:50 --> TypeError: App\Controllers\Usuarios::exibir(): Argument #1 ($id) must be of type ?int, string given, called in C:\xampp\htdocs\ordem\vendor\codeigniter4\framework\system\CodeIgniter.php on line 933
[Method: GET, Route: usuarios/exibir/img/avatar-5.jpg]
in APPPATH\Controllers\Usuarios.php on line 131.
 1 SYSTEMPATH\CodeIgniter.php(933): App\Controllers\Usuarios->exibir('img', 'avatar-5.jpg')
 2 SYSTEMPATH\CodeIgniter.php(509): CodeIgniter\CodeIgniter->runController(Object(App\Controllers\Usuarios))
 3 SYSTEMPATH\CodeIgniter.php(355): CodeIgniter\CodeIgniter->handleRequest(null, Object(Config\Cache), false)
 4 SYSTEMPATH\Boot.php(325): CodeIgniter\CodeIgniter->run()
 5 SYSTEMPATH\Boot.php(67): CodeIgniter\Boot::runCodeIgniter(Object(CodeIgniter\CodeIgniter))
 6 FCPATH\index.php(56): CodeIgniter\Boot::bootWeb(Object(Config\Paths))
 7 SYSTEMPATH\rewrite.php(44): require_once('C:\\xampp\\htdocs\\ordem\\public\\index.php')
CRITICAL - 2024-10-06 22:51:50 --> TypeError: App\Controllers\Usuarios::exibir(): Argument #1 ($id) must be of type ?int, string given, called in C:\xampp\htdocs\ordem\vendor\codeigniter4\framework\system\CodeIgniter.php on line 933
[Method: GET, Route: usuarios/exibir/img/flags/16/GB.png]
in APPPATH\Controllers\Usuarios.php on line 131.
 1 SYSTEMPATH\CodeIgniter.php(933): App\Controllers\Usuarios->exibir('img', 'flags', '16', 'GB.png')
 2 SYSTEMPATH\CodeIgniter.php(509): CodeIgniter\CodeIgniter->runController(Object(App\Controllers\Usuarios))
 3 SYSTEMPATH\CodeIgniter.php(355): CodeIgniter\CodeIgniter->handleRequest(null, Object(Config\Cache), false)
 4 SYSTEMPATH\Boot.php(325): CodeIgniter\CodeIgniter->run()
 5 SYSTEMPATH\Boot.php(67): CodeIgniter\Boot::runCodeIgniter(Object(CodeIgniter\CodeIgniter))
 6 FCPATH\index.php(56): CodeIgniter\Boot::bootWeb(Object(Config\Paths))
 7 SYSTEMPATH\rewrite.php(44): require_once('C:\\xampp\\htdocs\\ordem\\public\\index.php')
CRITICAL - 2024-10-06 22:51:50 --> TypeError: App\Controllers\Usuarios::exibir(): Argument #1 ($id) must be of type ?int, string given, called in C:\xampp\htdocs\ordem\vendor\codeigniter4\framework\system\CodeIgniter.php on line 933
[Method: GET, Route: usuarios/exibir/img/avatar-6.jpg]
in APPPATH\Controllers\Usuarios.php on line 131.
 1 SYSTEMPATH\CodeIgniter.php(933): App\Controllers\Usuarios->exibir('img', 'avatar-6.jpg')
 2 SYSTEMPATH\CodeIgniter.php(509): CodeIgniter\CodeIgniter->runController(Object(App\Controllers\Usuarios))
 3 SYSTEMPATH\CodeIgniter.php(355): CodeIgniter\CodeIgniter->handleRequest(null, Object(Config\Cache), false)
 4 SYSTEMPATH\Boot.php(325): CodeIgniter\CodeIgniter->run()
 5 SYSTEMPATH\Boot.php(67): CodeIgniter\Boot::runCodeIgniter(Object(CodeIgniter\CodeIgniter))
 6 FCPATH\index.php(56): CodeIgniter\Boot::bootWeb(Object(Config\Paths))
 7 SYSTEMPATH\rewrite.php(44): require_once('C:\\xampp\\htdocs\\ordem\\public\\index.php')
CRITICAL - 2024-10-06 22:51:51 --> TypeError: App\Controllers\Usuarios::exibir(): Argument #1 ($id) must be of type ?int, string given, called in C:\xampp\htdocs\ordem\vendor\codeigniter4\framework\system\CodeIgniter.php on line 933
[Method: GET, Route: usuarios/exibir/img/flags/16/DE.png]
in APPPATH\Controllers\Usuarios.php on line 131.
 1 SYSTEMPATH\CodeIgniter.php(933): App\Controllers\Usuarios->exibir('img', 'flags', '16', 'DE.png')
 2 SYSTEMPATH\CodeIgniter.php(509): CodeIgniter\CodeIgniter->runController(Object(App\Controllers\Usuarios))
 3 SYSTEMPATH\CodeIgniter.php(355): CodeIgniter\CodeIgniter->handleRequest(null, Object(Config\Cache), false)
 4 SYSTEMPATH\Boot.php(325): CodeIgniter\CodeIgniter->run()
 5 SYSTEMPATH\Boot.php(67): CodeIgniter\Boot::runCodeIgniter(Object(CodeIgniter\CodeIgniter))
 6 FCPATH\index.php(56): CodeIgniter\Boot::bootWeb(Object(Config\Paths))
 7 SYSTEMPATH\rewrite.php(44): require_once('C:\\xampp\\htdocs\\ordem\\public\\index.php')
CRITICAL - 2024-10-06 22:51:51 --> TypeError: App\Controllers\Usuarios::exibir(): Argument #1 ($id) must be of type ?int, string given, called in C:\xampp\htdocs\ordem\vendor\codeigniter4\framework\system\CodeIgniter.php on line 933
[Method: GET, Route: usuarios/exibir/img/flags/16/FR.png]
in APPPATH\Controllers\Usuarios.php on line 131.
 1 SYSTEMPATH\CodeIgniter.php(933): App\Controllers\Usuarios->exibir('img', 'flags', '16', 'FR.png')
 2 SYSTEMPATH\CodeIgniter.php(509): CodeIgniter\CodeIgniter->runController(Object(App\Controllers\Usuarios))
 3 SYSTEMPATH\CodeIgniter.php(355): CodeIgniter\CodeIgniter->handleRequest(null, Object(Config\Cache), false)
 4 SYSTEMPATH\Boot.php(325): CodeIgniter\CodeIgniter->run()
 5 SYSTEMPATH\Boot.php(67): CodeIgniter\Boot::runCodeIgniter(Object(CodeIgniter\CodeIgniter))
 6 FCPATH\index.php(56): CodeIgniter\Boot::bootWeb(Object(Config\Paths))
 7 SYSTEMPATH\rewrite.php(44): require_once('C:\\xampp\\htdocs\\ordem\\public\\index.php')
INFO - 2024-10-06 22:51:54 --> Session: Class initialized using 'CodeIgniter\Session\Handlers\FileHandler' driver.
INFO - 2024-10-06 22:51:56 --> Session: Class initialized using 'CodeIgniter\Session\Handlers\FileHandler' driver.
INFO - 2024-10-06 22:52:38 --> CSRF token verified.
CRITICAL - 2024-10-06 22:52:38 --> LogicException: No validation rules for the placeholder: "id". You must set the validation rules for the field. See <https://codeigniter4.github.io/userguide/libraries/validation.html#validation-placeholders>.
[Method: POST, Route: usuarios/cadastrar]
in SYSTEMPATH\Validation\Validation.php on line 806.
 1 SYSTEMPATH\Validation\Validation.php(158): CodeIgniter\Validation\Validation->fillPlaceholders([...], [...])
 2 SYSTEMPATH\BaseModel.php(1577): CodeIgniter\Validation\Validation->run([...], null, null)
 3 SYSTEMPATH\BaseModel.php(809): CodeIgniter\BaseModel->validate([...])
 4 SYSTEMPATH\Model.php(802): CodeIgniter\BaseModel->insert([...], false)
 5 SYSTEMPATH\BaseModel.php(751): CodeIgniter\Model->insert(Object(App\Entities\Usuario), false)
 6 APPPATH\Controllers\Usuarios.php(104): CodeIgniter\BaseModel->save(Object(App\Entities\Usuario))
 7 SYSTEMPATH\CodeIgniter.php(933): App\Controllers\Usuarios->cadastrar()
 8 SYSTEMPATH\CodeIgniter.php(509): CodeIgniter\CodeIgniter->runController(Object(App\Controllers\Usuarios))
 9 SYSTEMPATH\CodeIgniter.php(355): CodeIgniter\CodeIgniter->handleRequest(null, Object(Config\Cache), false)
10 SYSTEMPATH\Boot.php(325): CodeIgniter\CodeIgniter->run()
11 SYSTEMPATH\Boot.php(67): CodeIgniter\Boot::runCodeIgniter(Object(CodeIgniter\CodeIgniter))
12 FCPATH\index.php(56): CodeIgniter\Boot::bootWeb(Object(Config\Paths))
13 SYSTEMPATH\rewrite.php(44): require_once('C:\\xampp\\htdocs\\ordem\\public\\index.php')
CRITICAL - 2024-10-06 22:57:15 --> CodeIgniter\Security\Exceptions\SecurityException: A ação que você requisitou não é permitida.
[Method: POST, Route: usuarios/cadastrar]
in SYSTEMPATH\Security\Security.php on line 262.
 1 SYSTEMPATH\Security\Security.php(262): CodeIgniter\Security\Exceptions\SecurityException::forDisallowedAction()
 2 SYSTEMPATH\Filters\CSRF.php(52): CodeIgniter\Security\Security->verify(Object(CodeIgniter\HTTP\IncomingRequest))
 3 SYSTEMPATH\Filters\Filters.php(205): CodeIgniter\Filters\CSRF->before(Object(CodeIgniter\HTTP\IncomingRequest), null)
 4 SYSTEMPATH\Filters\Filters.php(184): CodeIgniter\Filters\Filters->runBefore([...])
 5 SYSTEMPATH\CodeIgniter.php(481): CodeIgniter\Filters\Filters->run('usuarios/cadastrar', 'before')
 6 SYSTEMPATH\CodeIgniter.php(355): CodeIgniter\CodeIgniter->handleRequest(null, Object(Config\Cache), false)
 7 SYSTEMPATH\Boot.php(325): CodeIgniter\CodeIgniter->run()
 8 SYSTEMPATH\Boot.php(67): CodeIgniter\Boot::runCodeIgniter(Object(CodeIgniter\CodeIgniter))
 9 FCPATH\index.php(56): CodeIgniter\Boot::bootWeb(Object(Config\Paths))
10 SYSTEMPATH\rewrite.php(44): require_once('C:\\xampp\\htdocs\\ordem\\public\\index.php')
