INFO - 2024-10-16 20:33:11 --> Session: Class initialized using 'CodeIgniter\Session\Handlers\FileHandler' driver.
INFO - 2024-10-16 20:33:17 --> Session: Class initialized using 'CodeIgniter\Session\Handlers\FileHandler' driver.
CRITICAL - 2024-10-16 20:33:18 --> TypeError: App\Controllers\Usuarios::exibir(): Argument #1 ($id) must be of type ?int, string given, called in C:\xampp\htdocs\ordem\vendor\codeigniter4\framework\system\CodeIgniter.php on line 933
[Method: GET, Route: usuarios/exibir/img/avatar-3.jpg]
in APPPATH\Controllers\Usuarios.php on line 133.
 1 SYSTEMPATH\CodeIgniter.php(933): App\Controllers\Usuarios->exibir('img', 'avatar-3.jpg')
 2 SYSTEMPATH\CodeIgniter.php(509): CodeIgniter\CodeIgniter->runController(Object(App\Controllers\Usuarios))
 3 SYSTEMPATH\CodeIgniter.php(355): CodeIgniter\CodeIgniter->handleRequest(null, Object(Config\Cache), false)
 4 SYSTEMPATH\Boot.php(325): CodeIgniter\CodeIgniter->run()
 5 SYSTEMPATH\Boot.php(67): CodeIgniter\Boot::runCodeIgniter(Object(CodeIgniter\CodeIgniter))
 6 FCPATH\index.php(56): CodeIgniter\Boot::bootWeb(Object(Config\Paths))
 7 SYSTEMPATH\rewrite.php(44): require_once('C:\\xampp\\htdocs\\ordem\\public\\index.php')
CRITICAL - 2024-10-16 20:33:18 --> TypeError: App\Controllers\Usuarios::exibir(): Argument #1 ($id) must be of type ?int, string given, called in C:\xampp\htdocs\ordem\vendor\codeigniter4\framework\system\CodeIgniter.php on line 933
[Method: GET, Route: usuarios/exibir/img/avatar-2.jpg]
in APPPATH\Controllers\Usuarios.php on line 133.
 1 SYSTEMPATH\CodeIgniter.php(933): App\Controllers\Usuarios->exibir('img', 'avatar-2.jpg')
 2 SYSTEMPATH\CodeIgniter.php(509): CodeIgniter\CodeIgniter->runController(Object(App\Controllers\Usuarios))
 3 SYSTEMPATH\CodeIgniter.php(355): CodeIgniter\CodeIgniter->handleRequest(null, Object(Config\Cache), false)
 4 SYSTEMPATH\Boot.php(325): CodeIgniter\CodeIgniter->run()
 5 SYSTEMPATH\Boot.php(67): CodeIgniter\Boot::runCodeIgniter(Object(CodeIgniter\CodeIgniter))
 6 FCPATH\index.php(56): CodeIgniter\Boot::bootWeb(Object(Config\Paths))
 7 SYSTEMPATH\rewrite.php(44): require_once('C:\\xampp\\htdocs\\ordem\\public\\index.php')
CRITICAL - 2024-10-16 20:33:18 --> TypeError: App\Controllers\Usuarios::exibir(): Argument #1 ($id) must be of type ?int, string given, called in C:\xampp\htdocs\ordem\vendor\codeigniter4\framework\system\CodeIgniter.php on line 933
[Method: GET, Route: usuarios/exibir/img/avatar-1.jpg]
in APPPATH\Controllers\Usuarios.php on line 133.
 1 SYSTEMPATH\CodeIgniter.php(933): App\Controllers\Usuarios->exibir('img', 'avatar-1.jpg')
 2 SYSTEMPATH\CodeIgniter.php(509): CodeIgniter\CodeIgniter->runController(Object(App\Controllers\Usuarios))
 3 SYSTEMPATH\CodeIgniter.php(355): CodeIgniter\CodeIgniter->handleRequest(null, Object(Config\Cache), false)
 4 SYSTEMPATH\Boot.php(325): CodeIgniter\CodeIgniter->run()
 5 SYSTEMPATH\Boot.php(67): CodeIgniter\Boot::runCodeIgniter(Object(CodeIgniter\CodeIgniter))
 6 FCPATH\index.php(56): CodeIgniter\Boot::bootWeb(Object(Config\Paths))
 7 SYSTEMPATH\rewrite.php(44): require_once('C:\\xampp\\htdocs\\ordem\\public\\index.php')
CRITICAL - 2024-10-16 20:33:18 --> TypeError: App\Controllers\Usuarios::exibir(): Argument #1 ($id) must be of type ?int, string given, called in C:\xampp\htdocs\ordem\vendor\codeigniter4\framework\system\CodeIgniter.php on line 933
[Method: GET, Route: usuarios/exibir/img/avatar-5.jpg]
in APPPATH\Controllers\Usuarios.php on line 133.
 1 SYSTEMPATH\CodeIgniter.php(933): App\Controllers\Usuarios->exibir('img', 'avatar-5.jpg')
 2 SYSTEMPATH\CodeIgniter.php(509): CodeIgniter\CodeIgniter->runController(Object(App\Controllers\Usuarios))
 3 SYSTEMPATH\CodeIgniter.php(355): CodeIgniter\CodeIgniter->handleRequest(null, Object(Config\Cache), false)
 4 SYSTEMPATH\Boot.php(325): CodeIgniter\CodeIgniter->run()
 5 SYSTEMPATH\Boot.php(67): CodeIgniter\Boot::runCodeIgniter(Object(CodeIgniter\CodeIgniter))
 6 FCPATH\index.php(56): CodeIgniter\Boot::bootWeb(Object(Config\Paths))
 7 SYSTEMPATH\rewrite.php(44): require_once('C:\\xampp\\htdocs\\ordem\\public\\index.php')
CRITICAL - 2024-10-16 20:33:18 --> TypeError: App\Controllers\Usuarios::exibir(): Argument #1 ($id) must be of type ?int, string given, called in C:\xampp\htdocs\ordem\vendor\codeigniter4\framework\system\CodeIgniter.php on line 933
[Method: GET, Route: usuarios/exibir/img/flags/16/GB.png]
in APPPATH\Controllers\Usuarios.php on line 133.
 1 SYSTEMPATH\CodeIgniter.php(933): App\Controllers\Usuarios->exibir('img', 'flags', '16', 'GB.png')
 2 SYSTEMPATH\CodeIgniter.php(509): CodeIgniter\CodeIgniter->runController(Object(App\Controllers\Usuarios))
 3 SYSTEMPATH\CodeIgniter.php(355): CodeIgniter\CodeIgniter->handleRequest(null, Object(Config\Cache), false)
 4 SYSTEMPATH\Boot.php(325): CodeIgniter\CodeIgniter->run()
 5 SYSTEMPATH\Boot.php(67): CodeIgniter\Boot::runCodeIgniter(Object(CodeIgniter\CodeIgniter))
 6 FCPATH\index.php(56): CodeIgniter\Boot::bootWeb(Object(Config\Paths))
 7 SYSTEMPATH\rewrite.php(44): require_once('C:\\xampp\\htdocs\\ordem\\public\\index.php')
CRITICAL - 2024-10-16 20:33:18 --> TypeError: App\Controllers\Usuarios::exibir(): Argument #1 ($id) must be of type ?int, string given, called in C:\xampp\htdocs\ordem\vendor\codeigniter4\framework\system\CodeIgniter.php on line 933
[Method: GET, Route: usuarios/exibir/img/avatar-6.jpg]
in APPPATH\Controllers\Usuarios.php on line 133.
 1 SYSTEMPATH\CodeIgniter.php(933): App\Controllers\Usuarios->exibir('img', 'avatar-6.jpg')
 2 SYSTEMPATH\CodeIgniter.php(509): CodeIgniter\CodeIgniter->runController(Object(App\Controllers\Usuarios))
 3 SYSTEMPATH\CodeIgniter.php(355): CodeIgniter\CodeIgniter->handleRequest(null, Object(Config\Cache), false)
 4 SYSTEMPATH\Boot.php(325): CodeIgniter\CodeIgniter->run()
 5 SYSTEMPATH\Boot.php(67): CodeIgniter\Boot::runCodeIgniter(Object(CodeIgniter\CodeIgniter))
 6 FCPATH\index.php(56): CodeIgniter\Boot::bootWeb(Object(Config\Paths))
 7 SYSTEMPATH\rewrite.php(44): require_once('C:\\xampp\\htdocs\\ordem\\public\\index.php')
CRITICAL - 2024-10-16 20:33:19 --> TypeError: App\Controllers\Usuarios::exibir(): Argument #1 ($id) must be of type ?int, string given, called in C:\xampp\htdocs\ordem\vendor\codeigniter4\framework\system\CodeIgniter.php on line 933
[Method: GET, Route: usuarios/exibir/img/flags/16/DE.png]
in APPPATH\Controllers\Usuarios.php on line 133.
 1 SYSTEMPATH\CodeIgniter.php(933): App\Controllers\Usuarios->exibir('img', 'flags', '16', 'DE.png')
 2 SYSTEMPATH\CodeIgniter.php(509): CodeIgniter\CodeIgniter->runController(Object(App\Controllers\Usuarios))
 3 SYSTEMPATH\CodeIgniter.php(355): CodeIgniter\CodeIgniter->handleRequest(null, Object(Config\Cache), false)
 4 SYSTEMPATH\Boot.php(325): CodeIgniter\CodeIgniter->run()
 5 SYSTEMPATH\Boot.php(67): CodeIgniter\Boot::runCodeIgniter(Object(CodeIgniter\CodeIgniter))
 6 FCPATH\index.php(56): CodeIgniter\Boot::bootWeb(Object(Config\Paths))
 7 SYSTEMPATH\rewrite.php(44): require_once('C:\\xampp\\htdocs\\ordem\\public\\index.php')
CRITICAL - 2024-10-16 20:33:19 --> TypeError: App\Controllers\Usuarios::exibir(): Argument #1 ($id) must be of type ?int, string given, called in C:\xampp\htdocs\ordem\vendor\codeigniter4\framework\system\CodeIgniter.php on line 933
[Method: GET, Route: usuarios/exibir/img/flags/16/FR.png]
in APPPATH\Controllers\Usuarios.php on line 133.
 1 SYSTEMPATH\CodeIgniter.php(933): App\Controllers\Usuarios->exibir('img', 'flags', '16', 'FR.png')
 2 SYSTEMPATH\CodeIgniter.php(509): CodeIgniter\CodeIgniter->runController(Object(App\Controllers\Usuarios))
 3 SYSTEMPATH\CodeIgniter.php(355): CodeIgniter\CodeIgniter->handleRequest(null, Object(Config\Cache), false)
 4 SYSTEMPATH\Boot.php(325): CodeIgniter\CodeIgniter->run()
 5 SYSTEMPATH\Boot.php(67): CodeIgniter\Boot::runCodeIgniter(Object(CodeIgniter\CodeIgniter))
 6 FCPATH\index.php(56): CodeIgniter\Boot::bootWeb(Object(Config\Paths))
 7 SYSTEMPATH\rewrite.php(44): require_once('C:\\xampp\\htdocs\\ordem\\public\\index.php')
INFO - 2024-10-16 20:33:21 --> Session: Class initialized using 'CodeIgniter\Session\Handlers\FileHandler' driver.
CRITICAL - 2024-10-16 20:33:21 --> TypeError: App\Controllers\Usuarios::editarImagem(): Argument #1 ($id) must be of type ?int, string given, called in C:\xampp\htdocs\ordem\vendor\codeigniter4\framework\system\CodeIgniter.php on line 933
[Method: GET, Route: usuarios/editarimagem/img/avatar-3.jpg]
in APPPATH\Controllers\Usuarios.php on line 225.
 1 SYSTEMPATH\CodeIgniter.php(933): App\Controllers\Usuarios->editarImagem('img', 'avatar-3.jpg')
 2 SYSTEMPATH\CodeIgniter.php(509): CodeIgniter\CodeIgniter->runController(Object(App\Controllers\Usuarios))
 3 SYSTEMPATH\CodeIgniter.php(355): CodeIgniter\CodeIgniter->handleRequest(null, Object(Config\Cache), false)
 4 SYSTEMPATH\Boot.php(325): CodeIgniter\CodeIgniter->run()
 5 SYSTEMPATH\Boot.php(67): CodeIgniter\Boot::runCodeIgniter(Object(CodeIgniter\CodeIgniter))
 6 FCPATH\index.php(56): CodeIgniter\Boot::bootWeb(Object(Config\Paths))
 7 SYSTEMPATH\rewrite.php(44): require_once('C:\\xampp\\htdocs\\ordem\\public\\index.php')
CRITICAL - 2024-10-16 20:33:22 --> TypeError: App\Controllers\Usuarios::editarImagem(): Argument #1 ($id) must be of type ?int, string given, called in C:\xampp\htdocs\ordem\vendor\codeigniter4\framework\system\CodeIgniter.php on line 933
[Method: GET, Route: usuarios/editarimagem/img/avatar-2.jpg]
in APPPATH\Controllers\Usuarios.php on line 225.
 1 SYSTEMPATH\CodeIgniter.php(933): App\Controllers\Usuarios->editarImagem('img', 'avatar-2.jpg')
 2 SYSTEMPATH\CodeIgniter.php(509): CodeIgniter\CodeIgniter->runController(Object(App\Controllers\Usuarios))
 3 SYSTEMPATH\CodeIgniter.php(355): CodeIgniter\CodeIgniter->handleRequest(null, Object(Config\Cache), false)
 4 SYSTEMPATH\Boot.php(325): CodeIgniter\CodeIgniter->run()
 5 SYSTEMPATH\Boot.php(67): CodeIgniter\Boot::runCodeIgniter(Object(CodeIgniter\CodeIgniter))
 6 FCPATH\index.php(56): CodeIgniter\Boot::bootWeb(Object(Config\Paths))
 7 SYSTEMPATH\rewrite.php(44): require_once('C:\\xampp\\htdocs\\ordem\\public\\index.php')
CRITICAL - 2024-10-16 20:33:22 --> TypeError: App\Controllers\Usuarios::editarImagem(): Argument #1 ($id) must be of type ?int, string given, called in C:\xampp\htdocs\ordem\vendor\codeigniter4\framework\system\CodeIgniter.php on line 933
[Method: GET, Route: usuarios/editarimagem/img/avatar-1.jpg]
in APPPATH\Controllers\Usuarios.php on line 225.
 1 SYSTEMPATH\CodeIgniter.php(933): App\Controllers\Usuarios->editarImagem('img', 'avatar-1.jpg')
 2 SYSTEMPATH\CodeIgniter.php(509): CodeIgniter\CodeIgniter->runController(Object(App\Controllers\Usuarios))
 3 SYSTEMPATH\CodeIgniter.php(355): CodeIgniter\CodeIgniter->handleRequest(null, Object(Config\Cache), false)
 4 SYSTEMPATH\Boot.php(325): CodeIgniter\CodeIgniter->run()
 5 SYSTEMPATH\Boot.php(67): CodeIgniter\Boot::runCodeIgniter(Object(CodeIgniter\CodeIgniter))
 6 FCPATH\index.php(56): CodeIgniter\Boot::bootWeb(Object(Config\Paths))
 7 SYSTEMPATH\rewrite.php(44): require_once('C:\\xampp\\htdocs\\ordem\\public\\index.php')
CRITICAL - 2024-10-16 20:33:22 --> TypeError: App\Controllers\Usuarios::editarImagem(): Argument #1 ($id) must be of type ?int, string given, called in C:\xampp\htdocs\ordem\vendor\codeigniter4\framework\system\CodeIgniter.php on line 933
[Method: GET, Route: usuarios/editarimagem/img/avatar-5.jpg]
in APPPATH\Controllers\Usuarios.php on line 225.
 1 SYSTEMPATH\CodeIgniter.php(933): App\Controllers\Usuarios->editarImagem('img', 'avatar-5.jpg')
 2 SYSTEMPATH\CodeIgniter.php(509): CodeIgniter\CodeIgniter->runController(Object(App\Controllers\Usuarios))
 3 SYSTEMPATH\CodeIgniter.php(355): CodeIgniter\CodeIgniter->handleRequest(null, Object(Config\Cache), false)
 4 SYSTEMPATH\Boot.php(325): CodeIgniter\CodeIgniter->run()
 5 SYSTEMPATH\Boot.php(67): CodeIgniter\Boot::runCodeIgniter(Object(CodeIgniter\CodeIgniter))
 6 FCPATH\index.php(56): CodeIgniter\Boot::bootWeb(Object(Config\Paths))
 7 SYSTEMPATH\rewrite.php(44): require_once('C:\\xampp\\htdocs\\ordem\\public\\index.php')
CRITICAL - 2024-10-16 20:33:22 --> TypeError: App\Controllers\Usuarios::editarImagem(): Argument #1 ($id) must be of type ?int, string given, called in C:\xampp\htdocs\ordem\vendor\codeigniter4\framework\system\CodeIgniter.php on line 933
[Method: GET, Route: usuarios/editarimagem/img/flags/16/GB.png]
in APPPATH\Controllers\Usuarios.php on line 225.
 1 SYSTEMPATH\CodeIgniter.php(933): App\Controllers\Usuarios->editarImagem('img', 'flags', '16', 'GB.png')
 2 SYSTEMPATH\CodeIgniter.php(509): CodeIgniter\CodeIgniter->runController(Object(App\Controllers\Usuarios))
 3 SYSTEMPATH\CodeIgniter.php(355): CodeIgniter\CodeIgniter->handleRequest(null, Object(Config\Cache), false)
 4 SYSTEMPATH\Boot.php(325): CodeIgniter\CodeIgniter->run()
 5 SYSTEMPATH\Boot.php(67): CodeIgniter\Boot::runCodeIgniter(Object(CodeIgniter\CodeIgniter))
 6 FCPATH\index.php(56): CodeIgniter\Boot::bootWeb(Object(Config\Paths))
 7 SYSTEMPATH\rewrite.php(44): require_once('C:\\xampp\\htdocs\\ordem\\public\\index.php')
CRITICAL - 2024-10-16 20:33:22 --> TypeError: App\Controllers\Usuarios::editarImagem(): Argument #1 ($id) must be of type ?int, string given, called in C:\xampp\htdocs\ordem\vendor\codeigniter4\framework\system\CodeIgniter.php on line 933
[Method: GET, Route: usuarios/editarimagem/img/avatar-6.jpg]
in APPPATH\Controllers\Usuarios.php on line 225.
 1 SYSTEMPATH\CodeIgniter.php(933): App\Controllers\Usuarios->editarImagem('img', 'avatar-6.jpg')
 2 SYSTEMPATH\CodeIgniter.php(509): CodeIgniter\CodeIgniter->runController(Object(App\Controllers\Usuarios))
 3 SYSTEMPATH\CodeIgniter.php(355): CodeIgniter\CodeIgniter->handleRequest(null, Object(Config\Cache), false)
 4 SYSTEMPATH\Boot.php(325): CodeIgniter\CodeIgniter->run()
 5 SYSTEMPATH\Boot.php(67): CodeIgniter\Boot::runCodeIgniter(Object(CodeIgniter\CodeIgniter))
 6 FCPATH\index.php(56): CodeIgniter\Boot::bootWeb(Object(Config\Paths))
 7 SYSTEMPATH\rewrite.php(44): require_once('C:\\xampp\\htdocs\\ordem\\public\\index.php')
CRITICAL - 2024-10-16 20:33:23 --> TypeError: App\Controllers\Usuarios::editarImagem(): Argument #1 ($id) must be of type ?int, string given, called in C:\xampp\htdocs\ordem\vendor\codeigniter4\framework\system\CodeIgniter.php on line 933
[Method: GET, Route: usuarios/editarimagem/img/flags/16/DE.png]
in APPPATH\Controllers\Usuarios.php on line 225.
 1 SYSTEMPATH\CodeIgniter.php(933): App\Controllers\Usuarios->editarImagem('img', 'flags', '16', 'DE.png')
 2 SYSTEMPATH\CodeIgniter.php(509): CodeIgniter\CodeIgniter->runController(Object(App\Controllers\Usuarios))
 3 SYSTEMPATH\CodeIgniter.php(355): CodeIgniter\CodeIgniter->handleRequest(null, Object(Config\Cache), false)
 4 SYSTEMPATH\Boot.php(325): CodeIgniter\CodeIgniter->run()
 5 SYSTEMPATH\Boot.php(67): CodeIgniter\Boot::runCodeIgniter(Object(CodeIgniter\CodeIgniter))
 6 FCPATH\index.php(56): CodeIgniter\Boot::bootWeb(Object(Config\Paths))
 7 SYSTEMPATH\rewrite.php(44): require_once('C:\\xampp\\htdocs\\ordem\\public\\index.php')
CRITICAL - 2024-10-16 20:33:23 --> TypeError: App\Controllers\Usuarios::editarImagem(): Argument #1 ($id) must be of type ?int, string given, called in C:\xampp\htdocs\ordem\vendor\codeigniter4\framework\system\CodeIgniter.php on line 933
[Method: GET, Route: usuarios/editarimagem/img/flags/16/FR.png]
in APPPATH\Controllers\Usuarios.php on line 225.
 1 SYSTEMPATH\CodeIgniter.php(933): App\Controllers\Usuarios->editarImagem('img', 'flags', '16', 'FR.png')
 2 SYSTEMPATH\CodeIgniter.php(509): CodeIgniter\CodeIgniter->runController(Object(App\Controllers\Usuarios))
 3 SYSTEMPATH\CodeIgniter.php(355): CodeIgniter\CodeIgniter->handleRequest(null, Object(Config\Cache), false)
 4 SYSTEMPATH\Boot.php(325): CodeIgniter\CodeIgniter->run()
 5 SYSTEMPATH\Boot.php(67): CodeIgniter\Boot::runCodeIgniter(Object(CodeIgniter\CodeIgniter))
 6 FCPATH\index.php(56): CodeIgniter\Boot::bootWeb(Object(Config\Paths))
 7 SYSTEMPATH\rewrite.php(44): require_once('C:\\xampp\\htdocs\\ordem\\public\\index.php')
INFO - 2024-10-16 20:33:24 --> CSRF token verified.
INFO - 2024-10-16 20:33:29 --> Session: Class initialized using 'CodeIgniter\Session\Handlers\FileHandler' driver.
CRITICAL - 2024-10-16 20:33:30 --> TypeError: App\Controllers\Usuarios::editarImagem(): Argument #1 ($id) must be of type ?int, string given, called in C:\xampp\htdocs\ordem\vendor\codeigniter4\framework\system\CodeIgniter.php on line 933
[Method: GET, Route: usuarios/editarimagem/img/avatar-3.jpg]
in APPPATH\Controllers\Usuarios.php on line 225.
 1 SYSTEMPATH\CodeIgniter.php(933): App\Controllers\Usuarios->editarImagem('img', 'avatar-3.jpg')
 2 SYSTEMPATH\CodeIgniter.php(509): CodeIgniter\CodeIgniter->runController(Object(App\Controllers\Usuarios))
 3 SYSTEMPATH\CodeIgniter.php(355): CodeIgniter\CodeIgniter->handleRequest(null, Object(Config\Cache), false)
 4 SYSTEMPATH\Boot.php(325): CodeIgniter\CodeIgniter->run()
 5 SYSTEMPATH\Boot.php(67): CodeIgniter\Boot::runCodeIgniter(Object(CodeIgniter\CodeIgniter))
 6 FCPATH\index.php(56): CodeIgniter\Boot::bootWeb(Object(Config\Paths))
 7 SYSTEMPATH\rewrite.php(44): require_once('C:\\xampp\\htdocs\\ordem\\public\\index.php')
CRITICAL - 2024-10-16 20:33:30 --> TypeError: App\Controllers\Usuarios::editarImagem(): Argument #1 ($id) must be of type ?int, string given, called in C:\xampp\htdocs\ordem\vendor\codeigniter4\framework\system\CodeIgniter.php on line 933
[Method: GET, Route: usuarios/editarimagem/img/avatar-2.jpg]
in APPPATH\Controllers\Usuarios.php on line 225.
 1 SYSTEMPATH\CodeIgniter.php(933): App\Controllers\Usuarios->editarImagem('img', 'avatar-2.jpg')
 2 SYSTEMPATH\CodeIgniter.php(509): CodeIgniter\CodeIgniter->runController(Object(App\Controllers\Usuarios))
 3 SYSTEMPATH\CodeIgniter.php(355): CodeIgniter\CodeIgniter->handleRequest(null, Object(Config\Cache), false)
 4 SYSTEMPATH\Boot.php(325): CodeIgniter\CodeIgniter->run()
 5 SYSTEMPATH\Boot.php(67): CodeIgniter\Boot::runCodeIgniter(Object(CodeIgniter\CodeIgniter))
 6 FCPATH\index.php(56): CodeIgniter\Boot::bootWeb(Object(Config\Paths))
 7 SYSTEMPATH\rewrite.php(44): require_once('C:\\xampp\\htdocs\\ordem\\public\\index.php')
CRITICAL - 2024-10-16 20:33:30 --> TypeError: App\Controllers\Usuarios::editarImagem(): Argument #1 ($id) must be of type ?int, string given, called in C:\xampp\htdocs\ordem\vendor\codeigniter4\framework\system\CodeIgniter.php on line 933
[Method: GET, Route: usuarios/editarimagem/img/avatar-1.jpg]
in APPPATH\Controllers\Usuarios.php on line 225.
 1 SYSTEMPATH\CodeIgniter.php(933): App\Controllers\Usuarios->editarImagem('img', 'avatar-1.jpg')
 2 SYSTEMPATH\CodeIgniter.php(509): CodeIgniter\CodeIgniter->runController(Object(App\Controllers\Usuarios))
 3 SYSTEMPATH\CodeIgniter.php(355): CodeIgniter\CodeIgniter->handleRequest(null, Object(Config\Cache), false)
 4 SYSTEMPATH\Boot.php(325): CodeIgniter\CodeIgniter->run()
 5 SYSTEMPATH\Boot.php(67): CodeIgniter\Boot::runCodeIgniter(Object(CodeIgniter\CodeIgniter))
 6 FCPATH\index.php(56): CodeIgniter\Boot::bootWeb(Object(Config\Paths))
 7 SYSTEMPATH\rewrite.php(44): require_once('C:\\xampp\\htdocs\\ordem\\public\\index.php')
CRITICAL - 2024-10-16 20:33:30 --> TypeError: App\Controllers\Usuarios::editarImagem(): Argument #1 ($id) must be of type ?int, string given, called in C:\xampp\htdocs\ordem\vendor\codeigniter4\framework\system\CodeIgniter.php on line 933
[Method: GET, Route: usuarios/editarimagem/img/avatar-5.jpg]
in APPPATH\Controllers\Usuarios.php on line 225.
 1 SYSTEMPATH\CodeIgniter.php(933): App\Controllers\Usuarios->editarImagem('img', 'avatar-5.jpg')
 2 SYSTEMPATH\CodeIgniter.php(509): CodeIgniter\CodeIgniter->runController(Object(App\Controllers\Usuarios))
 3 SYSTEMPATH\CodeIgniter.php(355): CodeIgniter\CodeIgniter->handleRequest(null, Object(Config\Cache), false)
 4 SYSTEMPATH\Boot.php(325): CodeIgniter\CodeIgniter->run()
 5 SYSTEMPATH\Boot.php(67): CodeIgniter\Boot::runCodeIgniter(Object(CodeIgniter\CodeIgniter))
 6 FCPATH\index.php(56): CodeIgniter\Boot::bootWeb(Object(Config\Paths))
 7 SYSTEMPATH\rewrite.php(44): require_once('C:\\xampp\\htdocs\\ordem\\public\\index.php')
CRITICAL - 2024-10-16 20:33:31 --> TypeError: App\Controllers\Usuarios::editarImagem(): Argument #1 ($id) must be of type ?int, string given, called in C:\xampp\htdocs\ordem\vendor\codeigniter4\framework\system\CodeIgniter.php on line 933
[Method: GET, Route: usuarios/editarimagem/img/flags/16/GB.png]
in APPPATH\Controllers\Usuarios.php on line 225.
 1 SYSTEMPATH\CodeIgniter.php(933): App\Controllers\Usuarios->editarImagem('img', 'flags', '16', 'GB.png')
 2 SYSTEMPATH\CodeIgniter.php(509): CodeIgniter\CodeIgniter->runController(Object(App\Controllers\Usuarios))
 3 SYSTEMPATH\CodeIgniter.php(355): CodeIgniter\CodeIgniter->handleRequest(null, Object(Config\Cache), false)
 4 SYSTEMPATH\Boot.php(325): CodeIgniter\CodeIgniter->run()
 5 SYSTEMPATH\Boot.php(67): CodeIgniter\Boot::runCodeIgniter(Object(CodeIgniter\CodeIgniter))
 6 FCPATH\index.php(56): CodeIgniter\Boot::bootWeb(Object(Config\Paths))
 7 SYSTEMPATH\rewrite.php(44): require_once('C:\\xampp\\htdocs\\ordem\\public\\index.php')
CRITICAL - 2024-10-16 20:33:31 --> TypeError: App\Controllers\Usuarios::editarImagem(): Argument #1 ($id) must be of type ?int, string given, called in C:\xampp\htdocs\ordem\vendor\codeigniter4\framework\system\CodeIgniter.php on line 933
[Method: GET, Route: usuarios/editarimagem/img/avatar-6.jpg]
in APPPATH\Controllers\Usuarios.php on line 225.
 1 SYSTEMPATH\CodeIgniter.php(933): App\Controllers\Usuarios->editarImagem('img', 'avatar-6.jpg')
 2 SYSTEMPATH\CodeIgniter.php(509): CodeIgniter\CodeIgniter->runController(Object(App\Controllers\Usuarios))
 3 SYSTEMPATH\CodeIgniter.php(355): CodeIgniter\CodeIgniter->handleRequest(null, Object(Config\Cache), false)
 4 SYSTEMPATH\Boot.php(325): CodeIgniter\CodeIgniter->run()
 5 SYSTEMPATH\Boot.php(67): CodeIgniter\Boot::runCodeIgniter(Object(CodeIgniter\CodeIgniter))
 6 FCPATH\index.php(56): CodeIgniter\Boot::bootWeb(Object(Config\Paths))
 7 SYSTEMPATH\rewrite.php(44): require_once('C:\\xampp\\htdocs\\ordem\\public\\index.php')
CRITICAL - 2024-10-16 20:33:31 --> TypeError: App\Controllers\Usuarios::editarImagem(): Argument #1 ($id) must be of type ?int, string given, called in C:\xampp\htdocs\ordem\vendor\codeigniter4\framework\system\CodeIgniter.php on line 933
[Method: GET, Route: usuarios/editarimagem/img/flags/16/DE.png]
in APPPATH\Controllers\Usuarios.php on line 225.
 1 SYSTEMPATH\CodeIgniter.php(933): App\Controllers\Usuarios->editarImagem('img', 'flags', '16', 'DE.png')
 2 SYSTEMPATH\CodeIgniter.php(509): CodeIgniter\CodeIgniter->runController(Object(App\Controllers\Usuarios))
 3 SYSTEMPATH\CodeIgniter.php(355): CodeIgniter\CodeIgniter->handleRequest(null, Object(Config\Cache), false)
 4 SYSTEMPATH\Boot.php(325): CodeIgniter\CodeIgniter->run()
 5 SYSTEMPATH\Boot.php(67): CodeIgniter\Boot::runCodeIgniter(Object(CodeIgniter\CodeIgniter))
 6 FCPATH\index.php(56): CodeIgniter\Boot::bootWeb(Object(Config\Paths))
 7 SYSTEMPATH\rewrite.php(44): require_once('C:\\xampp\\htdocs\\ordem\\public\\index.php')
CRITICAL - 2024-10-16 20:33:31 --> TypeError: App\Controllers\Usuarios::editarImagem(): Argument #1 ($id) must be of type ?int, string given, called in C:\xampp\htdocs\ordem\vendor\codeigniter4\framework\system\CodeIgniter.php on line 933
[Method: GET, Route: usuarios/editarimagem/img/flags/16/FR.png]
in APPPATH\Controllers\Usuarios.php on line 225.
 1 SYSTEMPATH\CodeIgniter.php(933): App\Controllers\Usuarios->editarImagem('img', 'flags', '16', 'FR.png')
 2 SYSTEMPATH\CodeIgniter.php(509): CodeIgniter\CodeIgniter->runController(Object(App\Controllers\Usuarios))
 3 SYSTEMPATH\CodeIgniter.php(355): CodeIgniter\CodeIgniter->handleRequest(null, Object(Config\Cache), false)
 4 SYSTEMPATH\Boot.php(325): CodeIgniter\CodeIgniter->run()
 5 SYSTEMPATH\Boot.php(67): CodeIgniter\Boot::runCodeIgniter(Object(CodeIgniter\CodeIgniter))
 6 FCPATH\index.php(56): CodeIgniter\Boot::bootWeb(Object(Config\Paths))
 7 SYSTEMPATH\rewrite.php(44): require_once('C:\\xampp\\htdocs\\ordem\\public\\index.php')
INFO - 2024-10-16 20:34:06 --> CSRF token verified.
