CRITICAL - 2024-09-26 23:33:06 --> TypeError: App\Controllers\Usuarios::exibir(): Argument #1 ($id) must be of type ?int, string given, called in C:\xampp\htdocs\ordem\vendor\codeigniter4\framework\system\CodeIgniter.php on line 933
[Method: GET, Route: usuarios/exibir/img/avatar-3.jpg]
in APPPATH\Controllers\Usuarios.php on line 69.
 1 SYSTEMPATH\CodeIgniter.php(933): App\Controllers\Usuarios->exibir('img', 'avatar-3.jpg')
 2 SYSTEMPATH\CodeIgniter.php(509): CodeIgniter\CodeIgniter->runController(Object(App\Controllers\Usuarios))
 3 SYSTEMPATH\CodeIgniter.php(355): CodeIgniter\CodeIgniter->handleRequest(null, Object(Config\Cache), false)
 4 SYSTEMPATH\Boot.php(325): CodeIgniter\CodeIgniter->run()
 5 SYSTEMPATH\Boot.php(67): CodeIgniter\Boot::runCodeIgniter(Object(CodeIgniter\CodeIgniter))
 6 FCPATH\index.php(56): CodeIgniter\Boot::bootWeb(Object(Config\Paths))
 7 SYSTEMPATH\rewrite.php(44): require_once('C:\\xampp\\htdocs\\ordem\\public\\index.php')
CRITICAL - 2024-09-26 23:33:06 --> TypeError: App\Controllers\Usuarios::exibir(): Argument #1 ($id) must be of type ?int, string given, called in C:\xampp\htdocs\ordem\vendor\codeigniter4\framework\system\CodeIgniter.php on line 933
[Method: GET, Route: usuarios/exibir/img/avatar-2.jpg]
in APPPATH\Controllers\Usuarios.php on line 69.
 1 SYSTEMPATH\CodeIgniter.php(933): App\Controllers\Usuarios->exibir('img', 'avatar-2.jpg')
 2 SYSTEMPATH\CodeIgniter.php(509): CodeIgniter\CodeIgniter->runController(Object(App\Controllers\Usuarios))
 3 SYSTEMPATH\CodeIgniter.php(355): CodeIgniter\CodeIgniter->handleRequest(null, Object(Config\Cache), false)
 4 SYSTEMPATH\Boot.php(325): CodeIgniter\CodeIgniter->run()
 5 SYSTEMPATH\Boot.php(67): CodeIgniter\Boot::runCodeIgniter(Object(CodeIgniter\CodeIgniter))
 6 FCPATH\index.php(56): CodeIgniter\Boot::bootWeb(Object(Config\Paths))
 7 SYSTEMPATH\rewrite.php(44): require_once('C:\\xampp\\htdocs\\ordem\\public\\index.php')
CRITICAL - 2024-09-26 23:33:06 --> TypeError: App\Controllers\Usuarios::exibir(): Argument #1 ($id) must be of type ?int, string given, called in C:\xampp\htdocs\ordem\vendor\codeigniter4\framework\system\CodeIgniter.php on line 933
[Method: GET, Route: usuarios/exibir/img/avatar-1.jpg]
in APPPATH\Controllers\Usuarios.php on line 69.
 1 SYSTEMPATH\CodeIgniter.php(933): App\Controllers\Usuarios->exibir('img', 'avatar-1.jpg')
 2 SYSTEMPATH\CodeIgniter.php(509): CodeIgniter\CodeIgniter->runController(Object(App\Controllers\Usuarios))
 3 SYSTEMPATH\CodeIgniter.php(355): CodeIgniter\CodeIgniter->handleRequest(null, Object(Config\Cache), false)
 4 SYSTEMPATH\Boot.php(325): CodeIgniter\CodeIgniter->run()
 5 SYSTEMPATH\Boot.php(67): CodeIgniter\Boot::runCodeIgniter(Object(CodeIgniter\CodeIgniter))
 6 FCPATH\index.php(56): CodeIgniter\Boot::bootWeb(Object(Config\Paths))
 7 SYSTEMPATH\rewrite.php(44): require_once('C:\\xampp\\htdocs\\ordem\\public\\index.php')
CRITICAL - 2024-09-26 23:33:06 --> TypeError: App\Controllers\Usuarios::exibir(): Argument #1 ($id) must be of type ?int, string given, called in C:\xampp\htdocs\ordem\vendor\codeigniter4\framework\system\CodeIgniter.php on line 933
[Method: GET, Route: usuarios/exibir/img/avatar-5.jpg]
in APPPATH\Controllers\Usuarios.php on line 69.
 1 SYSTEMPATH\CodeIgniter.php(933): App\Controllers\Usuarios->exibir('img', 'avatar-5.jpg')
 2 SYSTEMPATH\CodeIgniter.php(509): CodeIgniter\CodeIgniter->runController(Object(App\Controllers\Usuarios))
 3 SYSTEMPATH\CodeIgniter.php(355): CodeIgniter\CodeIgniter->handleRequest(null, Object(Config\Cache), false)
 4 SYSTEMPATH\Boot.php(325): CodeIgniter\CodeIgniter->run()
 5 SYSTEMPATH\Boot.php(67): CodeIgniter\Boot::runCodeIgniter(Object(CodeIgniter\CodeIgniter))
 6 FCPATH\index.php(56): CodeIgniter\Boot::bootWeb(Object(Config\Paths))
 7 SYSTEMPATH\rewrite.php(44): require_once('C:\\xampp\\htdocs\\ordem\\public\\index.php')
CRITICAL - 2024-09-26 23:33:07 --> TypeError: App\Controllers\Usuarios::exibir(): Argument #1 ($id) must be of type ?int, string given, called in C:\xampp\htdocs\ordem\vendor\codeigniter4\framework\system\CodeIgniter.php on line 933
[Method: GET, Route: usuarios/exibir/img/flags/16/GB.png]
in APPPATH\Controllers\Usuarios.php on line 69.
 1 SYSTEMPATH\CodeIgniter.php(933): App\Controllers\Usuarios->exibir('img', 'flags', '16', 'GB.png')
 2 SYSTEMPATH\CodeIgniter.php(509): CodeIgniter\CodeIgniter->runController(Object(App\Controllers\Usuarios))
 3 SYSTEMPATH\CodeIgniter.php(355): CodeIgniter\CodeIgniter->handleRequest(null, Object(Config\Cache), false)
 4 SYSTEMPATH\Boot.php(325): CodeIgniter\CodeIgniter->run()
 5 SYSTEMPATH\Boot.php(67): CodeIgniter\Boot::runCodeIgniter(Object(CodeIgniter\CodeIgniter))
 6 FCPATH\index.php(56): CodeIgniter\Boot::bootWeb(Object(Config\Paths))
 7 SYSTEMPATH\rewrite.php(44): require_once('C:\\xampp\\htdocs\\ordem\\public\\index.php')
CRITICAL - 2024-09-26 23:33:07 --> TypeError: App\Controllers\Usuarios::exibir(): Argument #1 ($id) must be of type ?int, string given, called in C:\xampp\htdocs\ordem\vendor\codeigniter4\framework\system\CodeIgniter.php on line 933
[Method: GET, Route: usuarios/exibir/img/avatar-6.jpg]
in APPPATH\Controllers\Usuarios.php on line 69.
 1 SYSTEMPATH\CodeIgniter.php(933): App\Controllers\Usuarios->exibir('img', 'avatar-6.jpg')
 2 SYSTEMPATH\CodeIgniter.php(509): CodeIgniter\CodeIgniter->runController(Object(App\Controllers\Usuarios))
 3 SYSTEMPATH\CodeIgniter.php(355): CodeIgniter\CodeIgniter->handleRequest(null, Object(Config\Cache), false)
 4 SYSTEMPATH\Boot.php(325): CodeIgniter\CodeIgniter->run()
 5 SYSTEMPATH\Boot.php(67): CodeIgniter\Boot::runCodeIgniter(Object(CodeIgniter\CodeIgniter))
 6 FCPATH\index.php(56): CodeIgniter\Boot::bootWeb(Object(Config\Paths))
 7 SYSTEMPATH\rewrite.php(44): require_once('C:\\xampp\\htdocs\\ordem\\public\\index.php')
CRITICAL - 2024-09-26 23:33:07 --> TypeError: App\Controllers\Usuarios::exibir(): Argument #1 ($id) must be of type ?int, string given, called in C:\xampp\htdocs\ordem\vendor\codeigniter4\framework\system\CodeIgniter.php on line 933
[Method: GET, Route: usuarios/exibir/img/flags/16/DE.png]
in APPPATH\Controllers\Usuarios.php on line 69.
 1 SYSTEMPATH\CodeIgniter.php(933): App\Controllers\Usuarios->exibir('img', 'flags', '16', 'DE.png')
 2 SYSTEMPATH\CodeIgniter.php(509): CodeIgniter\CodeIgniter->runController(Object(App\Controllers\Usuarios))
 3 SYSTEMPATH\CodeIgniter.php(355): CodeIgniter\CodeIgniter->handleRequest(null, Object(Config\Cache), false)
 4 SYSTEMPATH\Boot.php(325): CodeIgniter\CodeIgniter->run()
 5 SYSTEMPATH\Boot.php(67): CodeIgniter\Boot::runCodeIgniter(Object(CodeIgniter\CodeIgniter))
 6 FCPATH\index.php(56): CodeIgniter\Boot::bootWeb(Object(Config\Paths))
 7 SYSTEMPATH\rewrite.php(44): require_once('C:\\xampp\\htdocs\\ordem\\public\\index.php')
CRITICAL - 2024-09-26 23:33:07 --> TypeError: App\Controllers\Usuarios::exibir(): Argument #1 ($id) must be of type ?int, string given, called in C:\xampp\htdocs\ordem\vendor\codeigniter4\framework\system\CodeIgniter.php on line 933
[Method: GET, Route: usuarios/exibir/img/flags/16/FR.png]
in APPPATH\Controllers\Usuarios.php on line 69.
 1 SYSTEMPATH\CodeIgniter.php(933): App\Controllers\Usuarios->exibir('img', 'flags', '16', 'FR.png')
 2 SYSTEMPATH\CodeIgniter.php(509): CodeIgniter\CodeIgniter->runController(Object(App\Controllers\Usuarios))
 3 SYSTEMPATH\CodeIgniter.php(355): CodeIgniter\CodeIgniter->handleRequest(null, Object(Config\Cache), false)
 4 SYSTEMPATH\Boot.php(325): CodeIgniter\CodeIgniter->run()
 5 SYSTEMPATH\Boot.php(67): CodeIgniter\Boot::runCodeIgniter(Object(CodeIgniter\CodeIgniter))
 6 FCPATH\index.php(56): CodeIgniter\Boot::bootWeb(Object(Config\Paths))
 7 SYSTEMPATH\rewrite.php(44): require_once('C:\\xampp\\htdocs\\ordem\\public\\index.php')
CRITICAL - 2024-09-26 23:33:11 --> TypeError: App\Controllers\Usuarios::editar(): Argument #1 ($id) must be of type ?int, string given, called in C:\xampp\htdocs\ordem\vendor\codeigniter4\framework\system\CodeIgniter.php on line 933
[Method: GET, Route: usuarios/editar/img/avatar-3.jpg]
in APPPATH\Controllers\Usuarios.php on line 86.
 1 SYSTEMPATH\CodeIgniter.php(933): App\Controllers\Usuarios->editar('img', 'avatar-3.jpg')
 2 SYSTEMPATH\CodeIgniter.php(509): CodeIgniter\CodeIgniter->runController(Object(App\Controllers\Usuarios))
 3 SYSTEMPATH\CodeIgniter.php(355): CodeIgniter\CodeIgniter->handleRequest(null, Object(Config\Cache), false)
 4 SYSTEMPATH\Boot.php(325): CodeIgniter\CodeIgniter->run()
 5 SYSTEMPATH\Boot.php(67): CodeIgniter\Boot::runCodeIgniter(Object(CodeIgniter\CodeIgniter))
 6 FCPATH\index.php(56): CodeIgniter\Boot::bootWeb(Object(Config\Paths))
 7 SYSTEMPATH\rewrite.php(44): require_once('C:\\xampp\\htdocs\\ordem\\public\\index.php')
CRITICAL - 2024-09-26 23:33:11 --> TypeError: App\Controllers\Usuarios::editar(): Argument #1 ($id) must be of type ?int, string given, called in C:\xampp\htdocs\ordem\vendor\codeigniter4\framework\system\CodeIgniter.php on line 933
[Method: GET, Route: usuarios/editar/img/avatar-2.jpg]
in APPPATH\Controllers\Usuarios.php on line 86.
 1 SYSTEMPATH\CodeIgniter.php(933): App\Controllers\Usuarios->editar('img', 'avatar-2.jpg')
 2 SYSTEMPATH\CodeIgniter.php(509): CodeIgniter\CodeIgniter->runController(Object(App\Controllers\Usuarios))
 3 SYSTEMPATH\CodeIgniter.php(355): CodeIgniter\CodeIgniter->handleRequest(null, Object(Config\Cache), false)
 4 SYSTEMPATH\Boot.php(325): CodeIgniter\CodeIgniter->run()
 5 SYSTEMPATH\Boot.php(67): CodeIgniter\Boot::runCodeIgniter(Object(CodeIgniter\CodeIgniter))
 6 FCPATH\index.php(56): CodeIgniter\Boot::bootWeb(Object(Config\Paths))
 7 SYSTEMPATH\rewrite.php(44): require_once('C:\\xampp\\htdocs\\ordem\\public\\index.php')
CRITICAL - 2024-09-26 23:33:11 --> TypeError: App\Controllers\Usuarios::editar(): Argument #1 ($id) must be of type ?int, string given, called in C:\xampp\htdocs\ordem\vendor\codeigniter4\framework\system\CodeIgniter.php on line 933
[Method: GET, Route: usuarios/editar/img/avatar-1.jpg]
in APPPATH\Controllers\Usuarios.php on line 86.
 1 SYSTEMPATH\CodeIgniter.php(933): App\Controllers\Usuarios->editar('img', 'avatar-1.jpg')
 2 SYSTEMPATH\CodeIgniter.php(509): CodeIgniter\CodeIgniter->runController(Object(App\Controllers\Usuarios))
 3 SYSTEMPATH\CodeIgniter.php(355): CodeIgniter\CodeIgniter->handleRequest(null, Object(Config\Cache), false)
 4 SYSTEMPATH\Boot.php(325): CodeIgniter\CodeIgniter->run()
 5 SYSTEMPATH\Boot.php(67): CodeIgniter\Boot::runCodeIgniter(Object(CodeIgniter\CodeIgniter))
 6 FCPATH\index.php(56): CodeIgniter\Boot::bootWeb(Object(Config\Paths))
 7 SYSTEMPATH\rewrite.php(44): require_once('C:\\xampp\\htdocs\\ordem\\public\\index.php')
CRITICAL - 2024-09-26 23:33:11 --> TypeError: App\Controllers\Usuarios::editar(): Argument #1 ($id) must be of type ?int, string given, called in C:\xampp\htdocs\ordem\vendor\codeigniter4\framework\system\CodeIgniter.php on line 933
[Method: GET, Route: usuarios/editar/img/avatar-5.jpg]
in APPPATH\Controllers\Usuarios.php on line 86.
 1 SYSTEMPATH\CodeIgniter.php(933): App\Controllers\Usuarios->editar('img', 'avatar-5.jpg')
 2 SYSTEMPATH\CodeIgniter.php(509): CodeIgniter\CodeIgniter->runController(Object(App\Controllers\Usuarios))
 3 SYSTEMPATH\CodeIgniter.php(355): CodeIgniter\CodeIgniter->handleRequest(null, Object(Config\Cache), false)
 4 SYSTEMPATH\Boot.php(325): CodeIgniter\CodeIgniter->run()
 5 SYSTEMPATH\Boot.php(67): CodeIgniter\Boot::runCodeIgniter(Object(CodeIgniter\CodeIgniter))
 6 FCPATH\index.php(56): CodeIgniter\Boot::bootWeb(Object(Config\Paths))
 7 SYSTEMPATH\rewrite.php(44): require_once('C:\\xampp\\htdocs\\ordem\\public\\index.php')
CRITICAL - 2024-09-26 23:33:12 --> TypeError: App\Controllers\Usuarios::editar(): Argument #1 ($id) must be of type ?int, string given, called in C:\xampp\htdocs\ordem\vendor\codeigniter4\framework\system\CodeIgniter.php on line 933
[Method: GET, Route: usuarios/editar/img/flags/16/GB.png]
in APPPATH\Controllers\Usuarios.php on line 86.
 1 SYSTEMPATH\CodeIgniter.php(933): App\Controllers\Usuarios->editar('img', 'flags', '16', 'GB.png')
 2 SYSTEMPATH\CodeIgniter.php(509): CodeIgniter\CodeIgniter->runController(Object(App\Controllers\Usuarios))
 3 SYSTEMPATH\CodeIgniter.php(355): CodeIgniter\CodeIgniter->handleRequest(null, Object(Config\Cache), false)
 4 SYSTEMPATH\Boot.php(325): CodeIgniter\CodeIgniter->run()
 5 SYSTEMPATH\Boot.php(67): CodeIgniter\Boot::runCodeIgniter(Object(CodeIgniter\CodeIgniter))
 6 FCPATH\index.php(56): CodeIgniter\Boot::bootWeb(Object(Config\Paths))
 7 SYSTEMPATH\rewrite.php(44): require_once('C:\\xampp\\htdocs\\ordem\\public\\index.php')
CRITICAL - 2024-09-26 23:33:12 --> TypeError: App\Controllers\Usuarios::editar(): Argument #1 ($id) must be of type ?int, string given, called in C:\xampp\htdocs\ordem\vendor\codeigniter4\framework\system\CodeIgniter.php on line 933
[Method: GET, Route: usuarios/editar/img/avatar-6.jpg]
in APPPATH\Controllers\Usuarios.php on line 86.
 1 SYSTEMPATH\CodeIgniter.php(933): App\Controllers\Usuarios->editar('img', 'avatar-6.jpg')
 2 SYSTEMPATH\CodeIgniter.php(509): CodeIgniter\CodeIgniter->runController(Object(App\Controllers\Usuarios))
 3 SYSTEMPATH\CodeIgniter.php(355): CodeIgniter\CodeIgniter->handleRequest(null, Object(Config\Cache), false)
 4 SYSTEMPATH\Boot.php(325): CodeIgniter\CodeIgniter->run()
 5 SYSTEMPATH\Boot.php(67): CodeIgniter\Boot::runCodeIgniter(Object(CodeIgniter\CodeIgniter))
 6 FCPATH\index.php(56): CodeIgniter\Boot::bootWeb(Object(Config\Paths))
 7 SYSTEMPATH\rewrite.php(44): require_once('C:\\xampp\\htdocs\\ordem\\public\\index.php')
CRITICAL - 2024-09-26 23:33:12 --> TypeError: App\Controllers\Usuarios::editar(): Argument #1 ($id) must be of type ?int, string given, called in C:\xampp\htdocs\ordem\vendor\codeigniter4\framework\system\CodeIgniter.php on line 933
[Method: GET, Route: usuarios/editar/img/flags/16/DE.png]
in APPPATH\Controllers\Usuarios.php on line 86.
 1 SYSTEMPATH\CodeIgniter.php(933): App\Controllers\Usuarios->editar('img', 'flags', '16', 'DE.png')
 2 SYSTEMPATH\CodeIgniter.php(509): CodeIgniter\CodeIgniter->runController(Object(App\Controllers\Usuarios))
 3 SYSTEMPATH\CodeIgniter.php(355): CodeIgniter\CodeIgniter->handleRequest(null, Object(Config\Cache), false)
 4 SYSTEMPATH\Boot.php(325): CodeIgniter\CodeIgniter->run()
 5 SYSTEMPATH\Boot.php(67): CodeIgniter\Boot::runCodeIgniter(Object(CodeIgniter\CodeIgniter))
 6 FCPATH\index.php(56): CodeIgniter\Boot::bootWeb(Object(Config\Paths))
 7 SYSTEMPATH\rewrite.php(44): require_once('C:\\xampp\\htdocs\\ordem\\public\\index.php')
CRITICAL - 2024-09-26 23:33:12 --> TypeError: App\Controllers\Usuarios::editar(): Argument #1 ($id) must be of type ?int, string given, called in C:\xampp\htdocs\ordem\vendor\codeigniter4\framework\system\CodeIgniter.php on line 933
[Method: GET, Route: usuarios/editar/img/flags/16/FR.png]
in APPPATH\Controllers\Usuarios.php on line 86.
 1 SYSTEMPATH\CodeIgniter.php(933): App\Controllers\Usuarios->editar('img', 'flags', '16', 'FR.png')
 2 SYSTEMPATH\CodeIgniter.php(509): CodeIgniter\CodeIgniter->runController(Object(App\Controllers\Usuarios))
 3 SYSTEMPATH\CodeIgniter.php(355): CodeIgniter\CodeIgniter->handleRequest(null, Object(Config\Cache), false)
 4 SYSTEMPATH\Boot.php(325): CodeIgniter\CodeIgniter->run()
 5 SYSTEMPATH\Boot.php(67): CodeIgniter\Boot::runCodeIgniter(Object(CodeIgniter\CodeIgniter))
 6 FCPATH\index.php(56): CodeIgniter\Boot::bootWeb(Object(Config\Paths))
 7 SYSTEMPATH\rewrite.php(44): require_once('C:\\xampp\\htdocs\\ordem\\public\\index.php')
CRITICAL - 2024-09-26 23:33:17 --> TypeError: App\Controllers\Usuarios::exibir(): Argument #1 ($id) must be of type ?int, string given, called in C:\xampp\htdocs\ordem\vendor\codeigniter4\framework\system\CodeIgniter.php on line 933
[Method: GET, Route: usuarios/exibir/img/avatar-3.jpg]
in APPPATH\Controllers\Usuarios.php on line 69.
 1 SYSTEMPATH\CodeIgniter.php(933): App\Controllers\Usuarios->exibir('img', 'avatar-3.jpg')
 2 SYSTEMPATH\CodeIgniter.php(509): CodeIgniter\CodeIgniter->runController(Object(App\Controllers\Usuarios))
 3 SYSTEMPATH\CodeIgniter.php(355): CodeIgniter\CodeIgniter->handleRequest(null, Object(Config\Cache), false)
 4 SYSTEMPATH\Boot.php(325): CodeIgniter\CodeIgniter->run()
 5 SYSTEMPATH\Boot.php(67): CodeIgniter\Boot::runCodeIgniter(Object(CodeIgniter\CodeIgniter))
 6 FCPATH\index.php(56): CodeIgniter\Boot::bootWeb(Object(Config\Paths))
 7 SYSTEMPATH\rewrite.php(44): require_once('C:\\xampp\\htdocs\\ordem\\public\\index.php')
CRITICAL - 2024-09-26 23:33:17 --> TypeError: App\Controllers\Usuarios::exibir(): Argument #1 ($id) must be of type ?int, string given, called in C:\xampp\htdocs\ordem\vendor\codeigniter4\framework\system\CodeIgniter.php on line 933
[Method: GET, Route: usuarios/exibir/img/avatar-2.jpg]
in APPPATH\Controllers\Usuarios.php on line 69.
 1 SYSTEMPATH\CodeIgniter.php(933): App\Controllers\Usuarios->exibir('img', 'avatar-2.jpg')
 2 SYSTEMPATH\CodeIgniter.php(509): CodeIgniter\CodeIgniter->runController(Object(App\Controllers\Usuarios))
 3 SYSTEMPATH\CodeIgniter.php(355): CodeIgniter\CodeIgniter->handleRequest(null, Object(Config\Cache), false)
 4 SYSTEMPATH\Boot.php(325): CodeIgniter\CodeIgniter->run()
 5 SYSTEMPATH\Boot.php(67): CodeIgniter\Boot::runCodeIgniter(Object(CodeIgniter\CodeIgniter))
 6 FCPATH\index.php(56): CodeIgniter\Boot::bootWeb(Object(Config\Paths))
 7 SYSTEMPATH\rewrite.php(44): require_once('C:\\xampp\\htdocs\\ordem\\public\\index.php')
CRITICAL - 2024-09-26 23:33:17 --> TypeError: App\Controllers\Usuarios::exibir(): Argument #1 ($id) must be of type ?int, string given, called in C:\xampp\htdocs\ordem\vendor\codeigniter4\framework\system\CodeIgniter.php on line 933
[Method: GET, Route: usuarios/exibir/img/avatar-1.jpg]
in APPPATH\Controllers\Usuarios.php on line 69.
 1 SYSTEMPATH\CodeIgniter.php(933): App\Controllers\Usuarios->exibir('img', 'avatar-1.jpg')
 2 SYSTEMPATH\CodeIgniter.php(509): CodeIgniter\CodeIgniter->runController(Object(App\Controllers\Usuarios))
 3 SYSTEMPATH\CodeIgniter.php(355): CodeIgniter\CodeIgniter->handleRequest(null, Object(Config\Cache), false)
 4 SYSTEMPATH\Boot.php(325): CodeIgniter\CodeIgniter->run()
 5 SYSTEMPATH\Boot.php(67): CodeIgniter\Boot::runCodeIgniter(Object(CodeIgniter\CodeIgniter))
 6 FCPATH\index.php(56): CodeIgniter\Boot::bootWeb(Object(Config\Paths))
 7 SYSTEMPATH\rewrite.php(44): require_once('C:\\xampp\\htdocs\\ordem\\public\\index.php')
CRITICAL - 2024-09-26 23:33:17 --> TypeError: App\Controllers\Usuarios::exibir(): Argument #1 ($id) must be of type ?int, string given, called in C:\xampp\htdocs\ordem\vendor\codeigniter4\framework\system\CodeIgniter.php on line 933
[Method: GET, Route: usuarios/exibir/img/avatar-5.jpg]
in APPPATH\Controllers\Usuarios.php on line 69.
 1 SYSTEMPATH\CodeIgniter.php(933): App\Controllers\Usuarios->exibir('img', 'avatar-5.jpg')
 2 SYSTEMPATH\CodeIgniter.php(509): CodeIgniter\CodeIgniter->runController(Object(App\Controllers\Usuarios))
 3 SYSTEMPATH\CodeIgniter.php(355): CodeIgniter\CodeIgniter->handleRequest(null, Object(Config\Cache), false)
 4 SYSTEMPATH\Boot.php(325): CodeIgniter\CodeIgniter->run()
 5 SYSTEMPATH\Boot.php(67): CodeIgniter\Boot::runCodeIgniter(Object(CodeIgniter\CodeIgniter))
 6 FCPATH\index.php(56): CodeIgniter\Boot::bootWeb(Object(Config\Paths))
 7 SYSTEMPATH\rewrite.php(44): require_once('C:\\xampp\\htdocs\\ordem\\public\\index.php')
CRITICAL - 2024-09-26 23:33:18 --> TypeError: App\Controllers\Usuarios::exibir(): Argument #1 ($id) must be of type ?int, string given, called in C:\xampp\htdocs\ordem\vendor\codeigniter4\framework\system\CodeIgniter.php on line 933
[Method: GET, Route: usuarios/exibir/img/flags/16/GB.png]
in APPPATH\Controllers\Usuarios.php on line 69.
 1 SYSTEMPATH\CodeIgniter.php(933): App\Controllers\Usuarios->exibir('img', 'flags', '16', 'GB.png')
 2 SYSTEMPATH\CodeIgniter.php(509): CodeIgniter\CodeIgniter->runController(Object(App\Controllers\Usuarios))
 3 SYSTEMPATH\CodeIgniter.php(355): CodeIgniter\CodeIgniter->handleRequest(null, Object(Config\Cache), false)
 4 SYSTEMPATH\Boot.php(325): CodeIgniter\CodeIgniter->run()
 5 SYSTEMPATH\Boot.php(67): CodeIgniter\Boot::runCodeIgniter(Object(CodeIgniter\CodeIgniter))
 6 FCPATH\index.php(56): CodeIgniter\Boot::bootWeb(Object(Config\Paths))
 7 SYSTEMPATH\rewrite.php(44): require_once('C:\\xampp\\htdocs\\ordem\\public\\index.php')
CRITICAL - 2024-09-26 23:33:18 --> TypeError: App\Controllers\Usuarios::exibir(): Argument #1 ($id) must be of type ?int, string given, called in C:\xampp\htdocs\ordem\vendor\codeigniter4\framework\system\CodeIgniter.php on line 933
[Method: GET, Route: usuarios/exibir/img/avatar-6.jpg]
in APPPATH\Controllers\Usuarios.php on line 69.
 1 SYSTEMPATH\CodeIgniter.php(933): App\Controllers\Usuarios->exibir('img', 'avatar-6.jpg')
 2 SYSTEMPATH\CodeIgniter.php(509): CodeIgniter\CodeIgniter->runController(Object(App\Controllers\Usuarios))
 3 SYSTEMPATH\CodeIgniter.php(355): CodeIgniter\CodeIgniter->handleRequest(null, Object(Config\Cache), false)
 4 SYSTEMPATH\Boot.php(325): CodeIgniter\CodeIgniter->run()
 5 SYSTEMPATH\Boot.php(67): CodeIgniter\Boot::runCodeIgniter(Object(CodeIgniter\CodeIgniter))
 6 FCPATH\index.php(56): CodeIgniter\Boot::bootWeb(Object(Config\Paths))
 7 SYSTEMPATH\rewrite.php(44): require_once('C:\\xampp\\htdocs\\ordem\\public\\index.php')
CRITICAL - 2024-09-26 23:33:18 --> TypeError: App\Controllers\Usuarios::exibir(): Argument #1 ($id) must be of type ?int, string given, called in C:\xampp\htdocs\ordem\vendor\codeigniter4\framework\system\CodeIgniter.php on line 933
[Method: GET, Route: usuarios/exibir/img/flags/16/DE.png]
in APPPATH\Controllers\Usuarios.php on line 69.
 1 SYSTEMPATH\CodeIgniter.php(933): App\Controllers\Usuarios->exibir('img', 'flags', '16', 'DE.png')
 2 SYSTEMPATH\CodeIgniter.php(509): CodeIgniter\CodeIgniter->runController(Object(App\Controllers\Usuarios))
 3 SYSTEMPATH\CodeIgniter.php(355): CodeIgniter\CodeIgniter->handleRequest(null, Object(Config\Cache), false)
 4 SYSTEMPATH\Boot.php(325): CodeIgniter\CodeIgniter->run()
 5 SYSTEMPATH\Boot.php(67): CodeIgniter\Boot::runCodeIgniter(Object(CodeIgniter\CodeIgniter))
 6 FCPATH\index.php(56): CodeIgniter\Boot::bootWeb(Object(Config\Paths))
 7 SYSTEMPATH\rewrite.php(44): require_once('C:\\xampp\\htdocs\\ordem\\public\\index.php')
CRITICAL - 2024-09-26 23:33:18 --> TypeError: App\Controllers\Usuarios::exibir(): Argument #1 ($id) must be of type ?int, string given, called in C:\xampp\htdocs\ordem\vendor\codeigniter4\framework\system\CodeIgniter.php on line 933
[Method: GET, Route: usuarios/exibir/img/flags/16/FR.png]
in APPPATH\Controllers\Usuarios.php on line 69.
 1 SYSTEMPATH\CodeIgniter.php(933): App\Controllers\Usuarios->exibir('img', 'flags', '16', 'FR.png')
 2 SYSTEMPATH\CodeIgniter.php(509): CodeIgniter\CodeIgniter->runController(Object(App\Controllers\Usuarios))
 3 SYSTEMPATH\CodeIgniter.php(355): CodeIgniter\CodeIgniter->handleRequest(null, Object(Config\Cache), false)
 4 SYSTEMPATH\Boot.php(325): CodeIgniter\CodeIgniter->run()
 5 SYSTEMPATH\Boot.php(67): CodeIgniter\Boot::runCodeIgniter(Object(CodeIgniter\CodeIgniter))
 6 FCPATH\index.php(56): CodeIgniter\Boot::bootWeb(Object(Config\Paths))
 7 SYSTEMPATH\rewrite.php(44): require_once('C:\\xampp\\htdocs\\ordem\\public\\index.php')
CRITICAL - 2024-09-26 23:33:27 --> TypeError: App\Controllers\Usuarios::exibir(): Argument #1 ($id) must be of type ?int, string given, called in C:\xampp\htdocs\ordem\vendor\codeigniter4\framework\system\CodeIgniter.php on line 933
[Method: GET, Route: usuarios/exibir/img/avatar-3.jpg]
in APPPATH\Controllers\Usuarios.php on line 69.
 1 SYSTEMPATH\CodeIgniter.php(933): App\Controllers\Usuarios->exibir('img', 'avatar-3.jpg')
 2 SYSTEMPATH\CodeIgniter.php(509): CodeIgniter\CodeIgniter->runController(Object(App\Controllers\Usuarios))
 3 SYSTEMPATH\CodeIgniter.php(355): CodeIgniter\CodeIgniter->handleRequest(null, Object(Config\Cache), false)
 4 SYSTEMPATH\Boot.php(325): CodeIgniter\CodeIgniter->run()
 5 SYSTEMPATH\Boot.php(67): CodeIgniter\Boot::runCodeIgniter(Object(CodeIgniter\CodeIgniter))
 6 FCPATH\index.php(56): CodeIgniter\Boot::bootWeb(Object(Config\Paths))
 7 SYSTEMPATH\rewrite.php(44): require_once('C:\\xampp\\htdocs\\ordem\\public\\index.php')
CRITICAL - 2024-09-26 23:33:27 --> TypeError: App\Controllers\Usuarios::exibir(): Argument #1 ($id) must be of type ?int, string given, called in C:\xampp\htdocs\ordem\vendor\codeigniter4\framework\system\CodeIgniter.php on line 933
[Method: GET, Route: usuarios/exibir/img/avatar-2.jpg]
in APPPATH\Controllers\Usuarios.php on line 69.
 1 SYSTEMPATH\CodeIgniter.php(933): App\Controllers\Usuarios->exibir('img', 'avatar-2.jpg')
 2 SYSTEMPATH\CodeIgniter.php(509): CodeIgniter\CodeIgniter->runController(Object(App\Controllers\Usuarios))
 3 SYSTEMPATH\CodeIgniter.php(355): CodeIgniter\CodeIgniter->handleRequest(null, Object(Config\Cache), false)
 4 SYSTEMPATH\Boot.php(325): CodeIgniter\CodeIgniter->run()
 5 SYSTEMPATH\Boot.php(67): CodeIgniter\Boot::runCodeIgniter(Object(CodeIgniter\CodeIgniter))
 6 FCPATH\index.php(56): CodeIgniter\Boot::bootWeb(Object(Config\Paths))
 7 SYSTEMPATH\rewrite.php(44): require_once('C:\\xampp\\htdocs\\ordem\\public\\index.php')
CRITICAL - 2024-09-26 23:33:28 --> TypeError: App\Controllers\Usuarios::exibir(): Argument #1 ($id) must be of type ?int, string given, called in C:\xampp\htdocs\ordem\vendor\codeigniter4\framework\system\CodeIgniter.php on line 933
[Method: GET, Route: usuarios/exibir/img/avatar-1.jpg]
in APPPATH\Controllers\Usuarios.php on line 69.
 1 SYSTEMPATH\CodeIgniter.php(933): App\Controllers\Usuarios->exibir('img', 'avatar-1.jpg')
 2 SYSTEMPATH\CodeIgniter.php(509): CodeIgniter\CodeIgniter->runController(Object(App\Controllers\Usuarios))
 3 SYSTEMPATH\CodeIgniter.php(355): CodeIgniter\CodeIgniter->handleRequest(null, Object(Config\Cache), false)
 4 SYSTEMPATH\Boot.php(325): CodeIgniter\CodeIgniter->run()
 5 SYSTEMPATH\Boot.php(67): CodeIgniter\Boot::runCodeIgniter(Object(CodeIgniter\CodeIgniter))
 6 FCPATH\index.php(56): CodeIgniter\Boot::bootWeb(Object(Config\Paths))
 7 SYSTEMPATH\rewrite.php(44): require_once('C:\\xampp\\htdocs\\ordem\\public\\index.php')
CRITICAL - 2024-09-26 23:33:28 --> TypeError: App\Controllers\Usuarios::exibir(): Argument #1 ($id) must be of type ?int, string given, called in C:\xampp\htdocs\ordem\vendor\codeigniter4\framework\system\CodeIgniter.php on line 933
[Method: GET, Route: usuarios/exibir/img/avatar-5.jpg]
in APPPATH\Controllers\Usuarios.php on line 69.
 1 SYSTEMPATH\CodeIgniter.php(933): App\Controllers\Usuarios->exibir('img', 'avatar-5.jpg')
 2 SYSTEMPATH\CodeIgniter.php(509): CodeIgniter\CodeIgniter->runController(Object(App\Controllers\Usuarios))
 3 SYSTEMPATH\CodeIgniter.php(355): CodeIgniter\CodeIgniter->handleRequest(null, Object(Config\Cache), false)
 4 SYSTEMPATH\Boot.php(325): CodeIgniter\CodeIgniter->run()
 5 SYSTEMPATH\Boot.php(67): CodeIgniter\Boot::runCodeIgniter(Object(CodeIgniter\CodeIgniter))
 6 FCPATH\index.php(56): CodeIgniter\Boot::bootWeb(Object(Config\Paths))
 7 SYSTEMPATH\rewrite.php(44): require_once('C:\\xampp\\htdocs\\ordem\\public\\index.php')
CRITICAL - 2024-09-26 23:33:28 --> TypeError: App\Controllers\Usuarios::exibir(): Argument #1 ($id) must be of type ?int, string given, called in C:\xampp\htdocs\ordem\vendor\codeigniter4\framework\system\CodeIgniter.php on line 933
[Method: GET, Route: usuarios/exibir/img/flags/16/GB.png]
in APPPATH\Controllers\Usuarios.php on line 69.
 1 SYSTEMPATH\CodeIgniter.php(933): App\Controllers\Usuarios->exibir('img', 'flags', '16', 'GB.png')
 2 SYSTEMPATH\CodeIgniter.php(509): CodeIgniter\CodeIgniter->runController(Object(App\Controllers\Usuarios))
 3 SYSTEMPATH\CodeIgniter.php(355): CodeIgniter\CodeIgniter->handleRequest(null, Object(Config\Cache), false)
 4 SYSTEMPATH\Boot.php(325): CodeIgniter\CodeIgniter->run()
 5 SYSTEMPATH\Boot.php(67): CodeIgniter\Boot::runCodeIgniter(Object(CodeIgniter\CodeIgniter))
 6 FCPATH\index.php(56): CodeIgniter\Boot::bootWeb(Object(Config\Paths))
 7 SYSTEMPATH\rewrite.php(44): require_once('C:\\xampp\\htdocs\\ordem\\public\\index.php')
CRITICAL - 2024-09-26 23:33:28 --> TypeError: App\Controllers\Usuarios::exibir(): Argument #1 ($id) must be of type ?int, string given, called in C:\xampp\htdocs\ordem\vendor\codeigniter4\framework\system\CodeIgniter.php on line 933
[Method: GET, Route: usuarios/exibir/img/avatar-6.jpg]
in APPPATH\Controllers\Usuarios.php on line 69.
 1 SYSTEMPATH\CodeIgniter.php(933): App\Controllers\Usuarios->exibir('img', 'avatar-6.jpg')
 2 SYSTEMPATH\CodeIgniter.php(509): CodeIgniter\CodeIgniter->runController(Object(App\Controllers\Usuarios))
 3 SYSTEMPATH\CodeIgniter.php(355): CodeIgniter\CodeIgniter->handleRequest(null, Object(Config\Cache), false)
 4 SYSTEMPATH\Boot.php(325): CodeIgniter\CodeIgniter->run()
 5 SYSTEMPATH\Boot.php(67): CodeIgniter\Boot::runCodeIgniter(Object(CodeIgniter\CodeIgniter))
 6 FCPATH\index.php(56): CodeIgniter\Boot::bootWeb(Object(Config\Paths))
 7 SYSTEMPATH\rewrite.php(44): require_once('C:\\xampp\\htdocs\\ordem\\public\\index.php')
CRITICAL - 2024-09-26 23:33:28 --> TypeError: App\Controllers\Usuarios::exibir(): Argument #1 ($id) must be of type ?int, string given, called in C:\xampp\htdocs\ordem\vendor\codeigniter4\framework\system\CodeIgniter.php on line 933
[Method: GET, Route: usuarios/exibir/img/flags/16/DE.png]
in APPPATH\Controllers\Usuarios.php on line 69.
 1 SYSTEMPATH\CodeIgniter.php(933): App\Controllers\Usuarios->exibir('img', 'flags', '16', 'DE.png')
 2 SYSTEMPATH\CodeIgniter.php(509): CodeIgniter\CodeIgniter->runController(Object(App\Controllers\Usuarios))
 3 SYSTEMPATH\CodeIgniter.php(355): CodeIgniter\CodeIgniter->handleRequest(null, Object(Config\Cache), false)
 4 SYSTEMPATH\Boot.php(325): CodeIgniter\CodeIgniter->run()
 5 SYSTEMPATH\Boot.php(67): CodeIgniter\Boot::runCodeIgniter(Object(CodeIgniter\CodeIgniter))
 6 FCPATH\index.php(56): CodeIgniter\Boot::bootWeb(Object(Config\Paths))
 7 SYSTEMPATH\rewrite.php(44): require_once('C:\\xampp\\htdocs\\ordem\\public\\index.php')
CRITICAL - 2024-09-26 23:33:28 --> TypeError: App\Controllers\Usuarios::exibir(): Argument #1 ($id) must be of type ?int, string given, called in C:\xampp\htdocs\ordem\vendor\codeigniter4\framework\system\CodeIgniter.php on line 933
[Method: GET, Route: usuarios/exibir/img/flags/16/FR.png]
in APPPATH\Controllers\Usuarios.php on line 69.
 1 SYSTEMPATH\CodeIgniter.php(933): App\Controllers\Usuarios->exibir('img', 'flags', '16', 'FR.png')
 2 SYSTEMPATH\CodeIgniter.php(509): CodeIgniter\CodeIgniter->runController(Object(App\Controllers\Usuarios))
 3 SYSTEMPATH\CodeIgniter.php(355): CodeIgniter\CodeIgniter->handleRequest(null, Object(Config\Cache), false)
 4 SYSTEMPATH\Boot.php(325): CodeIgniter\CodeIgniter->run()
 5 SYSTEMPATH\Boot.php(67): CodeIgniter\Boot::runCodeIgniter(Object(CodeIgniter\CodeIgniter))
 6 FCPATH\index.php(56): CodeIgniter\Boot::bootWeb(Object(Config\Paths))
 7 SYSTEMPATH\rewrite.php(44): require_once('C:\\xampp\\htdocs\\ordem\\public\\index.php')
CRITICAL - 2024-09-26 23:33:32 --> TypeError: App\Controllers\Usuarios::editar(): Argument #1 ($id) must be of type ?int, string given, called in C:\xampp\htdocs\ordem\vendor\codeigniter4\framework\system\CodeIgniter.php on line 933
[Method: GET, Route: usuarios/editar/img/avatar-3.jpg]
in APPPATH\Controllers\Usuarios.php on line 86.
 1 SYSTEMPATH\CodeIgniter.php(933): App\Controllers\Usuarios->editar('img', 'avatar-3.jpg')
 2 SYSTEMPATH\CodeIgniter.php(509): CodeIgniter\CodeIgniter->runController(Object(App\Controllers\Usuarios))
 3 SYSTEMPATH\CodeIgniter.php(355): CodeIgniter\CodeIgniter->handleRequest(null, Object(Config\Cache), false)
 4 SYSTEMPATH\Boot.php(325): CodeIgniter\CodeIgniter->run()
 5 SYSTEMPATH\Boot.php(67): CodeIgniter\Boot::runCodeIgniter(Object(CodeIgniter\CodeIgniter))
 6 FCPATH\index.php(56): CodeIgniter\Boot::bootWeb(Object(Config\Paths))
 7 SYSTEMPATH\rewrite.php(44): require_once('C:\\xampp\\htdocs\\ordem\\public\\index.php')
CRITICAL - 2024-09-26 23:33:32 --> TypeError: App\Controllers\Usuarios::editar(): Argument #1 ($id) must be of type ?int, string given, called in C:\xampp\htdocs\ordem\vendor\codeigniter4\framework\system\CodeIgniter.php on line 933
[Method: GET, Route: usuarios/editar/img/avatar-2.jpg]
in APPPATH\Controllers\Usuarios.php on line 86.
 1 SYSTEMPATH\CodeIgniter.php(933): App\Controllers\Usuarios->editar('img', 'avatar-2.jpg')
 2 SYSTEMPATH\CodeIgniter.php(509): CodeIgniter\CodeIgniter->runController(Object(App\Controllers\Usuarios))
 3 SYSTEMPATH\CodeIgniter.php(355): CodeIgniter\CodeIgniter->handleRequest(null, Object(Config\Cache), false)
 4 SYSTEMPATH\Boot.php(325): CodeIgniter\CodeIgniter->run()
 5 SYSTEMPATH\Boot.php(67): CodeIgniter\Boot::runCodeIgniter(Object(CodeIgniter\CodeIgniter))
 6 FCPATH\index.php(56): CodeIgniter\Boot::bootWeb(Object(Config\Paths))
 7 SYSTEMPATH\rewrite.php(44): require_once('C:\\xampp\\htdocs\\ordem\\public\\index.php')
CRITICAL - 2024-09-26 23:33:32 --> TypeError: App\Controllers\Usuarios::editar(): Argument #1 ($id) must be of type ?int, string given, called in C:\xampp\htdocs\ordem\vendor\codeigniter4\framework\system\CodeIgniter.php on line 933
[Method: GET, Route: usuarios/editar/img/avatar-1.jpg]
in APPPATH\Controllers\Usuarios.php on line 86.
 1 SYSTEMPATH\CodeIgniter.php(933): App\Controllers\Usuarios->editar('img', 'avatar-1.jpg')
 2 SYSTEMPATH\CodeIgniter.php(509): CodeIgniter\CodeIgniter->runController(Object(App\Controllers\Usuarios))
 3 SYSTEMPATH\CodeIgniter.php(355): CodeIgniter\CodeIgniter->handleRequest(null, Object(Config\Cache), false)
 4 SYSTEMPATH\Boot.php(325): CodeIgniter\CodeIgniter->run()
 5 SYSTEMPATH\Boot.php(67): CodeIgniter\Boot::runCodeIgniter(Object(CodeIgniter\CodeIgniter))
 6 FCPATH\index.php(56): CodeIgniter\Boot::bootWeb(Object(Config\Paths))
 7 SYSTEMPATH\rewrite.php(44): require_once('C:\\xampp\\htdocs\\ordem\\public\\index.php')
CRITICAL - 2024-09-26 23:33:33 --> TypeError: App\Controllers\Usuarios::editar(): Argument #1 ($id) must be of type ?int, string given, called in C:\xampp\htdocs\ordem\vendor\codeigniter4\framework\system\CodeIgniter.php on line 933
[Method: GET, Route: usuarios/editar/img/avatar-5.jpg]
in APPPATH\Controllers\Usuarios.php on line 86.
 1 SYSTEMPATH\CodeIgniter.php(933): App\Controllers\Usuarios->editar('img', 'avatar-5.jpg')
 2 SYSTEMPATH\CodeIgniter.php(509): CodeIgniter\CodeIgniter->runController(Object(App\Controllers\Usuarios))
 3 SYSTEMPATH\CodeIgniter.php(355): CodeIgniter\CodeIgniter->handleRequest(null, Object(Config\Cache), false)
 4 SYSTEMPATH\Boot.php(325): CodeIgniter\CodeIgniter->run()
 5 SYSTEMPATH\Boot.php(67): CodeIgniter\Boot::runCodeIgniter(Object(CodeIgniter\CodeIgniter))
 6 FCPATH\index.php(56): CodeIgniter\Boot::bootWeb(Object(Config\Paths))
 7 SYSTEMPATH\rewrite.php(44): require_once('C:\\xampp\\htdocs\\ordem\\public\\index.php')
CRITICAL - 2024-09-26 23:33:33 --> TypeError: App\Controllers\Usuarios::editar(): Argument #1 ($id) must be of type ?int, string given, called in C:\xampp\htdocs\ordem\vendor\codeigniter4\framework\system\CodeIgniter.php on line 933
[Method: GET, Route: usuarios/editar/img/flags/16/GB.png]
in APPPATH\Controllers\Usuarios.php on line 86.
 1 SYSTEMPATH\CodeIgniter.php(933): App\Controllers\Usuarios->editar('img', 'flags', '16', 'GB.png')
 2 SYSTEMPATH\CodeIgniter.php(509): CodeIgniter\CodeIgniter->runController(Object(App\Controllers\Usuarios))
 3 SYSTEMPATH\CodeIgniter.php(355): CodeIgniter\CodeIgniter->handleRequest(null, Object(Config\Cache), false)
 4 SYSTEMPATH\Boot.php(325): CodeIgniter\CodeIgniter->run()
 5 SYSTEMPATH\Boot.php(67): CodeIgniter\Boot::runCodeIgniter(Object(CodeIgniter\CodeIgniter))
 6 FCPATH\index.php(56): CodeIgniter\Boot::bootWeb(Object(Config\Paths))
 7 SYSTEMPATH\rewrite.php(44): require_once('C:\\xampp\\htdocs\\ordem\\public\\index.php')
CRITICAL - 2024-09-26 23:33:33 --> TypeError: App\Controllers\Usuarios::editar(): Argument #1 ($id) must be of type ?int, string given, called in C:\xampp\htdocs\ordem\vendor\codeigniter4\framework\system\CodeIgniter.php on line 933
[Method: GET, Route: usuarios/editar/img/avatar-6.jpg]
in APPPATH\Controllers\Usuarios.php on line 86.
 1 SYSTEMPATH\CodeIgniter.php(933): App\Controllers\Usuarios->editar('img', 'avatar-6.jpg')
 2 SYSTEMPATH\CodeIgniter.php(509): CodeIgniter\CodeIgniter->runController(Object(App\Controllers\Usuarios))
 3 SYSTEMPATH\CodeIgniter.php(355): CodeIgniter\CodeIgniter->handleRequest(null, Object(Config\Cache), false)
 4 SYSTEMPATH\Boot.php(325): CodeIgniter\CodeIgniter->run()
 5 SYSTEMPATH\Boot.php(67): CodeIgniter\Boot::runCodeIgniter(Object(CodeIgniter\CodeIgniter))
 6 FCPATH\index.php(56): CodeIgniter\Boot::bootWeb(Object(Config\Paths))
 7 SYSTEMPATH\rewrite.php(44): require_once('C:\\xampp\\htdocs\\ordem\\public\\index.php')
CRITICAL - 2024-09-26 23:33:33 --> TypeError: App\Controllers\Usuarios::editar(): Argument #1 ($id) must be of type ?int, string given, called in C:\xampp\htdocs\ordem\vendor\codeigniter4\framework\system\CodeIgniter.php on line 933
[Method: GET, Route: usuarios/editar/img/flags/16/DE.png]
in APPPATH\Controllers\Usuarios.php on line 86.
 1 SYSTEMPATH\CodeIgniter.php(933): App\Controllers\Usuarios->editar('img', 'flags', '16', 'DE.png')
 2 SYSTEMPATH\CodeIgniter.php(509): CodeIgniter\CodeIgniter->runController(Object(App\Controllers\Usuarios))
 3 SYSTEMPATH\CodeIgniter.php(355): CodeIgniter\CodeIgniter->handleRequest(null, Object(Config\Cache), false)
 4 SYSTEMPATH\Boot.php(325): CodeIgniter\CodeIgniter->run()
 5 SYSTEMPATH\Boot.php(67): CodeIgniter\Boot::runCodeIgniter(Object(CodeIgniter\CodeIgniter))
 6 FCPATH\index.php(56): CodeIgniter\Boot::bootWeb(Object(Config\Paths))
 7 SYSTEMPATH\rewrite.php(44): require_once('C:\\xampp\\htdocs\\ordem\\public\\index.php')
CRITICAL - 2024-09-26 23:33:33 --> TypeError: App\Controllers\Usuarios::editar(): Argument #1 ($id) must be of type ?int, string given, called in C:\xampp\htdocs\ordem\vendor\codeigniter4\framework\system\CodeIgniter.php on line 933
[Method: GET, Route: usuarios/editar/img/flags/16/FR.png]
in APPPATH\Controllers\Usuarios.php on line 86.
 1 SYSTEMPATH\CodeIgniter.php(933): App\Controllers\Usuarios->editar('img', 'flags', '16', 'FR.png')
 2 SYSTEMPATH\CodeIgniter.php(509): CodeIgniter\CodeIgniter->runController(Object(App\Controllers\Usuarios))
 3 SYSTEMPATH\CodeIgniter.php(355): CodeIgniter\CodeIgniter->handleRequest(null, Object(Config\Cache), false)
 4 SYSTEMPATH\Boot.php(325): CodeIgniter\CodeIgniter->run()
 5 SYSTEMPATH\Boot.php(67): CodeIgniter\Boot::runCodeIgniter(Object(CodeIgniter\CodeIgniter))
 6 FCPATH\index.php(56): CodeIgniter\Boot::bootWeb(Object(Config\Paths))
 7 SYSTEMPATH\rewrite.php(44): require_once('C:\\xampp\\htdocs\\ordem\\public\\index.php')
CRITICAL - 2024-09-26 23:34:22 --> TypeError: App\Controllers\Usuarios::exibir(): Argument #1 ($id) must be of type ?int, string given, called in C:\xampp\htdocs\ordem\vendor\codeigniter4\framework\system\CodeIgniter.php on line 933
[Method: GET, Route: usuarios/exibir/img/avatar-3.jpg]
in APPPATH\Controllers\Usuarios.php on line 69.
 1 SYSTEMPATH\CodeIgniter.php(933): App\Controllers\Usuarios->exibir('img', 'avatar-3.jpg')
 2 SYSTEMPATH\CodeIgniter.php(509): CodeIgniter\CodeIgniter->runController(Object(App\Controllers\Usuarios))
 3 SYSTEMPATH\CodeIgniter.php(355): CodeIgniter\CodeIgniter->handleRequest(null, Object(Config\Cache), false)
 4 SYSTEMPATH\Boot.php(325): CodeIgniter\CodeIgniter->run()
 5 SYSTEMPATH\Boot.php(67): CodeIgniter\Boot::runCodeIgniter(Object(CodeIgniter\CodeIgniter))
 6 FCPATH\index.php(56): CodeIgniter\Boot::bootWeb(Object(Config\Paths))
 7 SYSTEMPATH\rewrite.php(44): require_once('C:\\xampp\\htdocs\\ordem\\public\\index.php')
CRITICAL - 2024-09-26 23:34:22 --> TypeError: App\Controllers\Usuarios::exibir(): Argument #1 ($id) must be of type ?int, string given, called in C:\xampp\htdocs\ordem\vendor\codeigniter4\framework\system\CodeIgniter.php on line 933
[Method: GET, Route: usuarios/exibir/img/avatar-2.jpg]
in APPPATH\Controllers\Usuarios.php on line 69.
 1 SYSTEMPATH\CodeIgniter.php(933): App\Controllers\Usuarios->exibir('img', 'avatar-2.jpg')
 2 SYSTEMPATH\CodeIgniter.php(509): CodeIgniter\CodeIgniter->runController(Object(App\Controllers\Usuarios))
 3 SYSTEMPATH\CodeIgniter.php(355): CodeIgniter\CodeIgniter->handleRequest(null, Object(Config\Cache), false)
 4 SYSTEMPATH\Boot.php(325): CodeIgniter\CodeIgniter->run()
 5 SYSTEMPATH\Boot.php(67): CodeIgniter\Boot::runCodeIgniter(Object(CodeIgniter\CodeIgniter))
 6 FCPATH\index.php(56): CodeIgniter\Boot::bootWeb(Object(Config\Paths))
 7 SYSTEMPATH\rewrite.php(44): require_once('C:\\xampp\\htdocs\\ordem\\public\\index.php')
CRITICAL - 2024-09-26 23:34:23 --> TypeError: App\Controllers\Usuarios::exibir(): Argument #1 ($id) must be of type ?int, string given, called in C:\xampp\htdocs\ordem\vendor\codeigniter4\framework\system\CodeIgniter.php on line 933
[Method: GET, Route: usuarios/exibir/img/avatar-1.jpg]
in APPPATH\Controllers\Usuarios.php on line 69.
 1 SYSTEMPATH\CodeIgniter.php(933): App\Controllers\Usuarios->exibir('img', 'avatar-1.jpg')
 2 SYSTEMPATH\CodeIgniter.php(509): CodeIgniter\CodeIgniter->runController(Object(App\Controllers\Usuarios))
 3 SYSTEMPATH\CodeIgniter.php(355): CodeIgniter\CodeIgniter->handleRequest(null, Object(Config\Cache), false)
 4 SYSTEMPATH\Boot.php(325): CodeIgniter\CodeIgniter->run()
 5 SYSTEMPATH\Boot.php(67): CodeIgniter\Boot::runCodeIgniter(Object(CodeIgniter\CodeIgniter))
 6 FCPATH\index.php(56): CodeIgniter\Boot::bootWeb(Object(Config\Paths))
 7 SYSTEMPATH\rewrite.php(44): require_once('C:\\xampp\\htdocs\\ordem\\public\\index.php')
CRITICAL - 2024-09-26 23:34:23 --> TypeError: App\Controllers\Usuarios::exibir(): Argument #1 ($id) must be of type ?int, string given, called in C:\xampp\htdocs\ordem\vendor\codeigniter4\framework\system\CodeIgniter.php on line 933
[Method: GET, Route: usuarios/exibir/img/avatar-5.jpg]
in APPPATH\Controllers\Usuarios.php on line 69.
 1 SYSTEMPATH\CodeIgniter.php(933): App\Controllers\Usuarios->exibir('img', 'avatar-5.jpg')
 2 SYSTEMPATH\CodeIgniter.php(509): CodeIgniter\CodeIgniter->runController(Object(App\Controllers\Usuarios))
 3 SYSTEMPATH\CodeIgniter.php(355): CodeIgniter\CodeIgniter->handleRequest(null, Object(Config\Cache), false)
 4 SYSTEMPATH\Boot.php(325): CodeIgniter\CodeIgniter->run()
 5 SYSTEMPATH\Boot.php(67): CodeIgniter\Boot::runCodeIgniter(Object(CodeIgniter\CodeIgniter))
 6 FCPATH\index.php(56): CodeIgniter\Boot::bootWeb(Object(Config\Paths))
 7 SYSTEMPATH\rewrite.php(44): require_once('C:\\xampp\\htdocs\\ordem\\public\\index.php')
CRITICAL - 2024-09-26 23:34:23 --> TypeError: App\Controllers\Usuarios::exibir(): Argument #1 ($id) must be of type ?int, string given, called in C:\xampp\htdocs\ordem\vendor\codeigniter4\framework\system\CodeIgniter.php on line 933
[Method: GET, Route: usuarios/exibir/img/flags/16/GB.png]
in APPPATH\Controllers\Usuarios.php on line 69.
 1 SYSTEMPATH\CodeIgniter.php(933): App\Controllers\Usuarios->exibir('img', 'flags', '16', 'GB.png')
 2 SYSTEMPATH\CodeIgniter.php(509): CodeIgniter\CodeIgniter->runController(Object(App\Controllers\Usuarios))
 3 SYSTEMPATH\CodeIgniter.php(355): CodeIgniter\CodeIgniter->handleRequest(null, Object(Config\Cache), false)
 4 SYSTEMPATH\Boot.php(325): CodeIgniter\CodeIgniter->run()
 5 SYSTEMPATH\Boot.php(67): CodeIgniter\Boot::runCodeIgniter(Object(CodeIgniter\CodeIgniter))
 6 FCPATH\index.php(56): CodeIgniter\Boot::bootWeb(Object(Config\Paths))
 7 SYSTEMPATH\rewrite.php(44): require_once('C:\\xampp\\htdocs\\ordem\\public\\index.php')
CRITICAL - 2024-09-26 23:34:23 --> TypeError: App\Controllers\Usuarios::exibir(): Argument #1 ($id) must be of type ?int, string given, called in C:\xampp\htdocs\ordem\vendor\codeigniter4\framework\system\CodeIgniter.php on line 933
[Method: GET, Route: usuarios/exibir/img/avatar-6.jpg]
in APPPATH\Controllers\Usuarios.php on line 69.
 1 SYSTEMPATH\CodeIgniter.php(933): App\Controllers\Usuarios->exibir('img', 'avatar-6.jpg')
 2 SYSTEMPATH\CodeIgniter.php(509): CodeIgniter\CodeIgniter->runController(Object(App\Controllers\Usuarios))
 3 SYSTEMPATH\CodeIgniter.php(355): CodeIgniter\CodeIgniter->handleRequest(null, Object(Config\Cache), false)
 4 SYSTEMPATH\Boot.php(325): CodeIgniter\CodeIgniter->run()
 5 SYSTEMPATH\Boot.php(67): CodeIgniter\Boot::runCodeIgniter(Object(CodeIgniter\CodeIgniter))
 6 FCPATH\index.php(56): CodeIgniter\Boot::bootWeb(Object(Config\Paths))
 7 SYSTEMPATH\rewrite.php(44): require_once('C:\\xampp\\htdocs\\ordem\\public\\index.php')
CRITICAL - 2024-09-26 23:34:23 --> TypeError: App\Controllers\Usuarios::exibir(): Argument #1 ($id) must be of type ?int, string given, called in C:\xampp\htdocs\ordem\vendor\codeigniter4\framework\system\CodeIgniter.php on line 933
[Method: GET, Route: usuarios/exibir/img/flags/16/DE.png]
in APPPATH\Controllers\Usuarios.php on line 69.
 1 SYSTEMPATH\CodeIgniter.php(933): App\Controllers\Usuarios->exibir('img', 'flags', '16', 'DE.png')
 2 SYSTEMPATH\CodeIgniter.php(509): CodeIgniter\CodeIgniter->runController(Object(App\Controllers\Usuarios))
 3 SYSTEMPATH\CodeIgniter.php(355): CodeIgniter\CodeIgniter->handleRequest(null, Object(Config\Cache), false)
 4 SYSTEMPATH\Boot.php(325): CodeIgniter\CodeIgniter->run()
 5 SYSTEMPATH\Boot.php(67): CodeIgniter\Boot::runCodeIgniter(Object(CodeIgniter\CodeIgniter))
 6 FCPATH\index.php(56): CodeIgniter\Boot::bootWeb(Object(Config\Paths))
 7 SYSTEMPATH\rewrite.php(44): require_once('C:\\xampp\\htdocs\\ordem\\public\\index.php')
CRITICAL - 2024-09-26 23:34:24 --> TypeError: App\Controllers\Usuarios::exibir(): Argument #1 ($id) must be of type ?int, string given, called in C:\xampp\htdocs\ordem\vendor\codeigniter4\framework\system\CodeIgniter.php on line 933
[Method: GET, Route: usuarios/exibir/img/flags/16/FR.png]
in APPPATH\Controllers\Usuarios.php on line 69.
 1 SYSTEMPATH\CodeIgniter.php(933): App\Controllers\Usuarios->exibir('img', 'flags', '16', 'FR.png')
 2 SYSTEMPATH\CodeIgniter.php(509): CodeIgniter\CodeIgniter->runController(Object(App\Controllers\Usuarios))
 3 SYSTEMPATH\CodeIgniter.php(355): CodeIgniter\CodeIgniter->handleRequest(null, Object(Config\Cache), false)
 4 SYSTEMPATH\Boot.php(325): CodeIgniter\CodeIgniter->run()
 5 SYSTEMPATH\Boot.php(67): CodeIgniter\Boot::runCodeIgniter(Object(CodeIgniter\CodeIgniter))
 6 FCPATH\index.php(56): CodeIgniter\Boot::bootWeb(Object(Config\Paths))
 7 SYSTEMPATH\rewrite.php(44): require_once('C:\\xampp\\htdocs\\ordem\\public\\index.php')
CRITICAL - 2024-09-26 23:34:33 --> TypeError: App\Controllers\Usuarios::exibir(): Argument #1 ($id) must be of type ?int, string given, called in C:\xampp\htdocs\ordem\vendor\codeigniter4\framework\system\CodeIgniter.php on line 933
[Method: GET, Route: usuarios/exibir/img/avatar-3.jpg]
in APPPATH\Controllers\Usuarios.php on line 69.
 1 SYSTEMPATH\CodeIgniter.php(933): App\Controllers\Usuarios->exibir('img', 'avatar-3.jpg')
 2 SYSTEMPATH\CodeIgniter.php(509): CodeIgniter\CodeIgniter->runController(Object(App\Controllers\Usuarios))
 3 SYSTEMPATH\CodeIgniter.php(355): CodeIgniter\CodeIgniter->handleRequest(null, Object(Config\Cache), false)
 4 SYSTEMPATH\Boot.php(325): CodeIgniter\CodeIgniter->run()
 5 SYSTEMPATH\Boot.php(67): CodeIgniter\Boot::runCodeIgniter(Object(CodeIgniter\CodeIgniter))
 6 FCPATH\index.php(56): CodeIgniter\Boot::bootWeb(Object(Config\Paths))
 7 SYSTEMPATH\rewrite.php(44): require_once('C:\\xampp\\htdocs\\ordem\\public\\index.php')
CRITICAL - 2024-09-26 23:34:33 --> TypeError: App\Controllers\Usuarios::exibir(): Argument #1 ($id) must be of type ?int, string given, called in C:\xampp\htdocs\ordem\vendor\codeigniter4\framework\system\CodeIgniter.php on line 933
[Method: GET, Route: usuarios/exibir/img/avatar-2.jpg]
in APPPATH\Controllers\Usuarios.php on line 69.
 1 SYSTEMPATH\CodeIgniter.php(933): App\Controllers\Usuarios->exibir('img', 'avatar-2.jpg')
 2 SYSTEMPATH\CodeIgniter.php(509): CodeIgniter\CodeIgniter->runController(Object(App\Controllers\Usuarios))
 3 SYSTEMPATH\CodeIgniter.php(355): CodeIgniter\CodeIgniter->handleRequest(null, Object(Config\Cache), false)
 4 SYSTEMPATH\Boot.php(325): CodeIgniter\CodeIgniter->run()
 5 SYSTEMPATH\Boot.php(67): CodeIgniter\Boot::runCodeIgniter(Object(CodeIgniter\CodeIgniter))
 6 FCPATH\index.php(56): CodeIgniter\Boot::bootWeb(Object(Config\Paths))
 7 SYSTEMPATH\rewrite.php(44): require_once('C:\\xampp\\htdocs\\ordem\\public\\index.php')
CRITICAL - 2024-09-26 23:34:33 --> TypeError: App\Controllers\Usuarios::exibir(): Argument #1 ($id) must be of type ?int, string given, called in C:\xampp\htdocs\ordem\vendor\codeigniter4\framework\system\CodeIgniter.php on line 933
[Method: GET, Route: usuarios/exibir/img/avatar-1.jpg]
in APPPATH\Controllers\Usuarios.php on line 69.
 1 SYSTEMPATH\CodeIgniter.php(933): App\Controllers\Usuarios->exibir('img', 'avatar-1.jpg')
 2 SYSTEMPATH\CodeIgniter.php(509): CodeIgniter\CodeIgniter->runController(Object(App\Controllers\Usuarios))
 3 SYSTEMPATH\CodeIgniter.php(355): CodeIgniter\CodeIgniter->handleRequest(null, Object(Config\Cache), false)
 4 SYSTEMPATH\Boot.php(325): CodeIgniter\CodeIgniter->run()
 5 SYSTEMPATH\Boot.php(67): CodeIgniter\Boot::runCodeIgniter(Object(CodeIgniter\CodeIgniter))
 6 FCPATH\index.php(56): CodeIgniter\Boot::bootWeb(Object(Config\Paths))
 7 SYSTEMPATH\rewrite.php(44): require_once('C:\\xampp\\htdocs\\ordem\\public\\index.php')
CRITICAL - 2024-09-26 23:34:33 --> TypeError: App\Controllers\Usuarios::exibir(): Argument #1 ($id) must be of type ?int, string given, called in C:\xampp\htdocs\ordem\vendor\codeigniter4\framework\system\CodeIgniter.php on line 933
[Method: GET, Route: usuarios/exibir/img/avatar-5.jpg]
in APPPATH\Controllers\Usuarios.php on line 69.
 1 SYSTEMPATH\CodeIgniter.php(933): App\Controllers\Usuarios->exibir('img', 'avatar-5.jpg')
 2 SYSTEMPATH\CodeIgniter.php(509): CodeIgniter\CodeIgniter->runController(Object(App\Controllers\Usuarios))
 3 SYSTEMPATH\CodeIgniter.php(355): CodeIgniter\CodeIgniter->handleRequest(null, Object(Config\Cache), false)
 4 SYSTEMPATH\Boot.php(325): CodeIgniter\CodeIgniter->run()
 5 SYSTEMPATH\Boot.php(67): CodeIgniter\Boot::runCodeIgniter(Object(CodeIgniter\CodeIgniter))
 6 FCPATH\index.php(56): CodeIgniter\Boot::bootWeb(Object(Config\Paths))
 7 SYSTEMPATH\rewrite.php(44): require_once('C:\\xampp\\htdocs\\ordem\\public\\index.php')
CRITICAL - 2024-09-26 23:34:33 --> TypeError: App\Controllers\Usuarios::exibir(): Argument #1 ($id) must be of type ?int, string given, called in C:\xampp\htdocs\ordem\vendor\codeigniter4\framework\system\CodeIgniter.php on line 933
[Method: GET, Route: usuarios/exibir/img/flags/16/GB.png]
in APPPATH\Controllers\Usuarios.php on line 69.
 1 SYSTEMPATH\CodeIgniter.php(933): App\Controllers\Usuarios->exibir('img', 'flags', '16', 'GB.png')
 2 SYSTEMPATH\CodeIgniter.php(509): CodeIgniter\CodeIgniter->runController(Object(App\Controllers\Usuarios))
 3 SYSTEMPATH\CodeIgniter.php(355): CodeIgniter\CodeIgniter->handleRequest(null, Object(Config\Cache), false)
 4 SYSTEMPATH\Boot.php(325): CodeIgniter\CodeIgniter->run()
 5 SYSTEMPATH\Boot.php(67): CodeIgniter\Boot::runCodeIgniter(Object(CodeIgniter\CodeIgniter))
 6 FCPATH\index.php(56): CodeIgniter\Boot::bootWeb(Object(Config\Paths))
 7 SYSTEMPATH\rewrite.php(44): require_once('C:\\xampp\\htdocs\\ordem\\public\\index.php')
CRITICAL - 2024-09-26 23:34:34 --> TypeError: App\Controllers\Usuarios::exibir(): Argument #1 ($id) must be of type ?int, string given, called in C:\xampp\htdocs\ordem\vendor\codeigniter4\framework\system\CodeIgniter.php on line 933
[Method: GET, Route: usuarios/exibir/img/avatar-6.jpg]
in APPPATH\Controllers\Usuarios.php on line 69.
 1 SYSTEMPATH\CodeIgniter.php(933): App\Controllers\Usuarios->exibir('img', 'avatar-6.jpg')
 2 SYSTEMPATH\CodeIgniter.php(509): CodeIgniter\CodeIgniter->runController(Object(App\Controllers\Usuarios))
 3 SYSTEMPATH\CodeIgniter.php(355): CodeIgniter\CodeIgniter->handleRequest(null, Object(Config\Cache), false)
 4 SYSTEMPATH\Boot.php(325): CodeIgniter\CodeIgniter->run()
 5 SYSTEMPATH\Boot.php(67): CodeIgniter\Boot::runCodeIgniter(Object(CodeIgniter\CodeIgniter))
 6 FCPATH\index.php(56): CodeIgniter\Boot::bootWeb(Object(Config\Paths))
 7 SYSTEMPATH\rewrite.php(44): require_once('C:\\xampp\\htdocs\\ordem\\public\\index.php')
CRITICAL - 2024-09-26 23:34:34 --> TypeError: App\Controllers\Usuarios::exibir(): Argument #1 ($id) must be of type ?int, string given, called in C:\xampp\htdocs\ordem\vendor\codeigniter4\framework\system\CodeIgniter.php on line 933
[Method: GET, Route: usuarios/exibir/img/flags/16/DE.png]
in APPPATH\Controllers\Usuarios.php on line 69.
 1 SYSTEMPATH\CodeIgniter.php(933): App\Controllers\Usuarios->exibir('img', 'flags', '16', 'DE.png')
 2 SYSTEMPATH\CodeIgniter.php(509): CodeIgniter\CodeIgniter->runController(Object(App\Controllers\Usuarios))
 3 SYSTEMPATH\CodeIgniter.php(355): CodeIgniter\CodeIgniter->handleRequest(null, Object(Config\Cache), false)
 4 SYSTEMPATH\Boot.php(325): CodeIgniter\CodeIgniter->run()
 5 SYSTEMPATH\Boot.php(67): CodeIgniter\Boot::runCodeIgniter(Object(CodeIgniter\CodeIgniter))
 6 FCPATH\index.php(56): CodeIgniter\Boot::bootWeb(Object(Config\Paths))
 7 SYSTEMPATH\rewrite.php(44): require_once('C:\\xampp\\htdocs\\ordem\\public\\index.php')
CRITICAL - 2024-09-26 23:34:34 --> TypeError: App\Controllers\Usuarios::exibir(): Argument #1 ($id) must be of type ?int, string given, called in C:\xampp\htdocs\ordem\vendor\codeigniter4\framework\system\CodeIgniter.php on line 933
[Method: GET, Route: usuarios/exibir/img/flags/16/FR.png]
in APPPATH\Controllers\Usuarios.php on line 69.
 1 SYSTEMPATH\CodeIgniter.php(933): App\Controllers\Usuarios->exibir('img', 'flags', '16', 'FR.png')
 2 SYSTEMPATH\CodeIgniter.php(509): CodeIgniter\CodeIgniter->runController(Object(App\Controllers\Usuarios))
 3 SYSTEMPATH\CodeIgniter.php(355): CodeIgniter\CodeIgniter->handleRequest(null, Object(Config\Cache), false)
 4 SYSTEMPATH\Boot.php(325): CodeIgniter\CodeIgniter->run()
 5 SYSTEMPATH\Boot.php(67): CodeIgniter\Boot::runCodeIgniter(Object(CodeIgniter\CodeIgniter))
 6 FCPATH\index.php(56): CodeIgniter\Boot::bootWeb(Object(Config\Paths))
 7 SYSTEMPATH\rewrite.php(44): require_once('C:\\xampp\\htdocs\\ordem\\public\\index.php')
CRITICAL - 2024-09-26 23:34:39 --> TypeError: App\Controllers\Usuarios::editar(): Argument #1 ($id) must be of type ?int, string given, called in C:\xampp\htdocs\ordem\vendor\codeigniter4\framework\system\CodeIgniter.php on line 933
[Method: GET, Route: usuarios/editar/img/avatar-3.jpg]
in APPPATH\Controllers\Usuarios.php on line 86.
 1 SYSTEMPATH\CodeIgniter.php(933): App\Controllers\Usuarios->editar('img', 'avatar-3.jpg')
 2 SYSTEMPATH\CodeIgniter.php(509): CodeIgniter\CodeIgniter->runController(Object(App\Controllers\Usuarios))
 3 SYSTEMPATH\CodeIgniter.php(355): CodeIgniter\CodeIgniter->handleRequest(null, Object(Config\Cache), false)
 4 SYSTEMPATH\Boot.php(325): CodeIgniter\CodeIgniter->run()
 5 SYSTEMPATH\Boot.php(67): CodeIgniter\Boot::runCodeIgniter(Object(CodeIgniter\CodeIgniter))
 6 FCPATH\index.php(56): CodeIgniter\Boot::bootWeb(Object(Config\Paths))
 7 SYSTEMPATH\rewrite.php(44): require_once('C:\\xampp\\htdocs\\ordem\\public\\index.php')
CRITICAL - 2024-09-26 23:34:39 --> TypeError: App\Controllers\Usuarios::editar(): Argument #1 ($id) must be of type ?int, string given, called in C:\xampp\htdocs\ordem\vendor\codeigniter4\framework\system\CodeIgniter.php on line 933
[Method: GET, Route: usuarios/editar/img/avatar-2.jpg]
in APPPATH\Controllers\Usuarios.php on line 86.
 1 SYSTEMPATH\CodeIgniter.php(933): App\Controllers\Usuarios->editar('img', 'avatar-2.jpg')
 2 SYSTEMPATH\CodeIgniter.php(509): CodeIgniter\CodeIgniter->runController(Object(App\Controllers\Usuarios))
 3 SYSTEMPATH\CodeIgniter.php(355): CodeIgniter\CodeIgniter->handleRequest(null, Object(Config\Cache), false)
 4 SYSTEMPATH\Boot.php(325): CodeIgniter\CodeIgniter->run()
 5 SYSTEMPATH\Boot.php(67): CodeIgniter\Boot::runCodeIgniter(Object(CodeIgniter\CodeIgniter))
 6 FCPATH\index.php(56): CodeIgniter\Boot::bootWeb(Object(Config\Paths))
 7 SYSTEMPATH\rewrite.php(44): require_once('C:\\xampp\\htdocs\\ordem\\public\\index.php')
CRITICAL - 2024-09-26 23:34:39 --> TypeError: App\Controllers\Usuarios::editar(): Argument #1 ($id) must be of type ?int, string given, called in C:\xampp\htdocs\ordem\vendor\codeigniter4\framework\system\CodeIgniter.php on line 933
[Method: GET, Route: usuarios/editar/img/avatar-1.jpg]
in APPPATH\Controllers\Usuarios.php on line 86.
 1 SYSTEMPATH\CodeIgniter.php(933): App\Controllers\Usuarios->editar('img', 'avatar-1.jpg')
 2 SYSTEMPATH\CodeIgniter.php(509): CodeIgniter\CodeIgniter->runController(Object(App\Controllers\Usuarios))
 3 SYSTEMPATH\CodeIgniter.php(355): CodeIgniter\CodeIgniter->handleRequest(null, Object(Config\Cache), false)
 4 SYSTEMPATH\Boot.php(325): CodeIgniter\CodeIgniter->run()
 5 SYSTEMPATH\Boot.php(67): CodeIgniter\Boot::runCodeIgniter(Object(CodeIgniter\CodeIgniter))
 6 FCPATH\index.php(56): CodeIgniter\Boot::bootWeb(Object(Config\Paths))
 7 SYSTEMPATH\rewrite.php(44): require_once('C:\\xampp\\htdocs\\ordem\\public\\index.php')
CRITICAL - 2024-09-26 23:34:39 --> TypeError: App\Controllers\Usuarios::editar(): Argument #1 ($id) must be of type ?int, string given, called in C:\xampp\htdocs\ordem\vendor\codeigniter4\framework\system\CodeIgniter.php on line 933
[Method: GET, Route: usuarios/editar/img/avatar-5.jpg]
in APPPATH\Controllers\Usuarios.php on line 86.
 1 SYSTEMPATH\CodeIgniter.php(933): App\Controllers\Usuarios->editar('img', 'avatar-5.jpg')
 2 SYSTEMPATH\CodeIgniter.php(509): CodeIgniter\CodeIgniter->runController(Object(App\Controllers\Usuarios))
 3 SYSTEMPATH\CodeIgniter.php(355): CodeIgniter\CodeIgniter->handleRequest(null, Object(Config\Cache), false)
 4 SYSTEMPATH\Boot.php(325): CodeIgniter\CodeIgniter->run()
 5 SYSTEMPATH\Boot.php(67): CodeIgniter\Boot::runCodeIgniter(Object(CodeIgniter\CodeIgniter))
 6 FCPATH\index.php(56): CodeIgniter\Boot::bootWeb(Object(Config\Paths))
 7 SYSTEMPATH\rewrite.php(44): require_once('C:\\xampp\\htdocs\\ordem\\public\\index.php')
CRITICAL - 2024-09-26 23:34:39 --> TypeError: App\Controllers\Usuarios::editar(): Argument #1 ($id) must be of type ?int, string given, called in C:\xampp\htdocs\ordem\vendor\codeigniter4\framework\system\CodeIgniter.php on line 933
[Method: GET, Route: usuarios/editar/img/flags/16/GB.png]
in APPPATH\Controllers\Usuarios.php on line 86.
 1 SYSTEMPATH\CodeIgniter.php(933): App\Controllers\Usuarios->editar('img', 'flags', '16', 'GB.png')
 2 SYSTEMPATH\CodeIgniter.php(509): CodeIgniter\CodeIgniter->runController(Object(App\Controllers\Usuarios))
 3 SYSTEMPATH\CodeIgniter.php(355): CodeIgniter\CodeIgniter->handleRequest(null, Object(Config\Cache), false)
 4 SYSTEMPATH\Boot.php(325): CodeIgniter\CodeIgniter->run()
 5 SYSTEMPATH\Boot.php(67): CodeIgniter\Boot::runCodeIgniter(Object(CodeIgniter\CodeIgniter))
 6 FCPATH\index.php(56): CodeIgniter\Boot::bootWeb(Object(Config\Paths))
 7 SYSTEMPATH\rewrite.php(44): require_once('C:\\xampp\\htdocs\\ordem\\public\\index.php')
CRITICAL - 2024-09-26 23:34:40 --> TypeError: App\Controllers\Usuarios::editar(): Argument #1 ($id) must be of type ?int, string given, called in C:\xampp\htdocs\ordem\vendor\codeigniter4\framework\system\CodeIgniter.php on line 933
[Method: GET, Route: usuarios/editar/img/avatar-6.jpg]
in APPPATH\Controllers\Usuarios.php on line 86.
 1 SYSTEMPATH\CodeIgniter.php(933): App\Controllers\Usuarios->editar('img', 'avatar-6.jpg')
 2 SYSTEMPATH\CodeIgniter.php(509): CodeIgniter\CodeIgniter->runController(Object(App\Controllers\Usuarios))
 3 SYSTEMPATH\CodeIgniter.php(355): CodeIgniter\CodeIgniter->handleRequest(null, Object(Config\Cache), false)
 4 SYSTEMPATH\Boot.php(325): CodeIgniter\CodeIgniter->run()
 5 SYSTEMPATH\Boot.php(67): CodeIgniter\Boot::runCodeIgniter(Object(CodeIgniter\CodeIgniter))
 6 FCPATH\index.php(56): CodeIgniter\Boot::bootWeb(Object(Config\Paths))
 7 SYSTEMPATH\rewrite.php(44): require_once('C:\\xampp\\htdocs\\ordem\\public\\index.php')
CRITICAL - 2024-09-26 23:34:40 --> TypeError: App\Controllers\Usuarios::editar(): Argument #1 ($id) must be of type ?int, string given, called in C:\xampp\htdocs\ordem\vendor\codeigniter4\framework\system\CodeIgniter.php on line 933
[Method: GET, Route: usuarios/editar/img/flags/16/DE.png]
in APPPATH\Controllers\Usuarios.php on line 86.
 1 SYSTEMPATH\CodeIgniter.php(933): App\Controllers\Usuarios->editar('img', 'flags', '16', 'DE.png')
 2 SYSTEMPATH\CodeIgniter.php(509): CodeIgniter\CodeIgniter->runController(Object(App\Controllers\Usuarios))
 3 SYSTEMPATH\CodeIgniter.php(355): CodeIgniter\CodeIgniter->handleRequest(null, Object(Config\Cache), false)
 4 SYSTEMPATH\Boot.php(325): CodeIgniter\CodeIgniter->run()
 5 SYSTEMPATH\Boot.php(67): CodeIgniter\Boot::runCodeIgniter(Object(CodeIgniter\CodeIgniter))
 6 FCPATH\index.php(56): CodeIgniter\Boot::bootWeb(Object(Config\Paths))
 7 SYSTEMPATH\rewrite.php(44): require_once('C:\\xampp\\htdocs\\ordem\\public\\index.php')
CRITICAL - 2024-09-26 23:34:40 --> TypeError: App\Controllers\Usuarios::editar(): Argument #1 ($id) must be of type ?int, string given, called in C:\xampp\htdocs\ordem\vendor\codeigniter4\framework\system\CodeIgniter.php on line 933
[Method: GET, Route: usuarios/editar/img/flags/16/FR.png]
in APPPATH\Controllers\Usuarios.php on line 86.
 1 SYSTEMPATH\CodeIgniter.php(933): App\Controllers\Usuarios->editar('img', 'flags', '16', 'FR.png')
 2 SYSTEMPATH\CodeIgniter.php(509): CodeIgniter\CodeIgniter->runController(Object(App\Controllers\Usuarios))
 3 SYSTEMPATH\CodeIgniter.php(355): CodeIgniter\CodeIgniter->handleRequest(null, Object(Config\Cache), false)
 4 SYSTEMPATH\Boot.php(325): CodeIgniter\CodeIgniter->run()
 5 SYSTEMPATH\Boot.php(67): CodeIgniter\Boot::runCodeIgniter(Object(CodeIgniter\CodeIgniter))
 6 FCPATH\index.php(56): CodeIgniter\Boot::bootWeb(Object(Config\Paths))
 7 SYSTEMPATH\rewrite.php(44): require_once('C:\\xampp\\htdocs\\ordem\\public\\index.php')
CRITICAL - 2024-09-26 23:42:09 --> TypeError: App\Controllers\Usuarios::editar(): Argument #1 ($id) must be of type ?int, string given, called in C:\xampp\htdocs\ordem\vendor\codeigniter4\framework\system\CodeIgniter.php on line 933
[Method: GET, Route: usuarios/editar/img/avatar-3.jpg]
in APPPATH\Controllers\Usuarios.php on line 86.
 1 SYSTEMPATH\CodeIgniter.php(933): App\Controllers\Usuarios->editar('img', 'avatar-3.jpg')
 2 SYSTEMPATH\CodeIgniter.php(509): CodeIgniter\CodeIgniter->runController(Object(App\Controllers\Usuarios))
 3 SYSTEMPATH\CodeIgniter.php(355): CodeIgniter\CodeIgniter->handleRequest(null, Object(Config\Cache), false)
 4 SYSTEMPATH\Boot.php(325): CodeIgniter\CodeIgniter->run()
 5 SYSTEMPATH\Boot.php(67): CodeIgniter\Boot::runCodeIgniter(Object(CodeIgniter\CodeIgniter))
 6 FCPATH\index.php(56): CodeIgniter\Boot::bootWeb(Object(Config\Paths))
 7 SYSTEMPATH\rewrite.php(44): require_once('C:\\xampp\\htdocs\\ordem\\public\\index.php')
CRITICAL - 2024-09-26 23:42:09 --> TypeError: App\Controllers\Usuarios::editar(): Argument #1 ($id) must be of type ?int, string given, called in C:\xampp\htdocs\ordem\vendor\codeigniter4\framework\system\CodeIgniter.php on line 933
[Method: GET, Route: usuarios/editar/img/avatar-2.jpg]
in APPPATH\Controllers\Usuarios.php on line 86.
 1 SYSTEMPATH\CodeIgniter.php(933): App\Controllers\Usuarios->editar('img', 'avatar-2.jpg')
 2 SYSTEMPATH\CodeIgniter.php(509): CodeIgniter\CodeIgniter->runController(Object(App\Controllers\Usuarios))
 3 SYSTEMPATH\CodeIgniter.php(355): CodeIgniter\CodeIgniter->handleRequest(null, Object(Config\Cache), false)
 4 SYSTEMPATH\Boot.php(325): CodeIgniter\CodeIgniter->run()
 5 SYSTEMPATH\Boot.php(67): CodeIgniter\Boot::runCodeIgniter(Object(CodeIgniter\CodeIgniter))
 6 FCPATH\index.php(56): CodeIgniter\Boot::bootWeb(Object(Config\Paths))
 7 SYSTEMPATH\rewrite.php(44): require_once('C:\\xampp\\htdocs\\ordem\\public\\index.php')
CRITICAL - 2024-09-26 23:42:09 --> TypeError: App\Controllers\Usuarios::editar(): Argument #1 ($id) must be of type ?int, string given, called in C:\xampp\htdocs\ordem\vendor\codeigniter4\framework\system\CodeIgniter.php on line 933
[Method: GET, Route: usuarios/editar/img/avatar-1.jpg]
in APPPATH\Controllers\Usuarios.php on line 86.
 1 SYSTEMPATH\CodeIgniter.php(933): App\Controllers\Usuarios->editar('img', 'avatar-1.jpg')
 2 SYSTEMPATH\CodeIgniter.php(509): CodeIgniter\CodeIgniter->runController(Object(App\Controllers\Usuarios))
 3 SYSTEMPATH\CodeIgniter.php(355): CodeIgniter\CodeIgniter->handleRequest(null, Object(Config\Cache), false)
 4 SYSTEMPATH\Boot.php(325): CodeIgniter\CodeIgniter->run()
 5 SYSTEMPATH\Boot.php(67): CodeIgniter\Boot::runCodeIgniter(Object(CodeIgniter\CodeIgniter))
 6 FCPATH\index.php(56): CodeIgniter\Boot::bootWeb(Object(Config\Paths))
 7 SYSTEMPATH\rewrite.php(44): require_once('C:\\xampp\\htdocs\\ordem\\public\\index.php')
CRITICAL - 2024-09-26 23:42:09 --> TypeError: App\Controllers\Usuarios::editar(): Argument #1 ($id) must be of type ?int, string given, called in C:\xampp\htdocs\ordem\vendor\codeigniter4\framework\system\CodeIgniter.php on line 933
[Method: GET, Route: usuarios/editar/img/avatar-5.jpg]
in APPPATH\Controllers\Usuarios.php on line 86.
 1 SYSTEMPATH\CodeIgniter.php(933): App\Controllers\Usuarios->editar('img', 'avatar-5.jpg')
 2 SYSTEMPATH\CodeIgniter.php(509): CodeIgniter\CodeIgniter->runController(Object(App\Controllers\Usuarios))
 3 SYSTEMPATH\CodeIgniter.php(355): CodeIgniter\CodeIgniter->handleRequest(null, Object(Config\Cache), false)
 4 SYSTEMPATH\Boot.php(325): CodeIgniter\CodeIgniter->run()
 5 SYSTEMPATH\Boot.php(67): CodeIgniter\Boot::runCodeIgniter(Object(CodeIgniter\CodeIgniter))
 6 FCPATH\index.php(56): CodeIgniter\Boot::bootWeb(Object(Config\Paths))
 7 SYSTEMPATH\rewrite.php(44): require_once('C:\\xampp\\htdocs\\ordem\\public\\index.php')
CRITICAL - 2024-09-26 23:42:09 --> TypeError: App\Controllers\Usuarios::editar(): Argument #1 ($id) must be of type ?int, string given, called in C:\xampp\htdocs\ordem\vendor\codeigniter4\framework\system\CodeIgniter.php on line 933
[Method: GET, Route: usuarios/editar/img/flags/16/GB.png]
in APPPATH\Controllers\Usuarios.php on line 86.
 1 SYSTEMPATH\CodeIgniter.php(933): App\Controllers\Usuarios->editar('img', 'flags', '16', 'GB.png')
 2 SYSTEMPATH\CodeIgniter.php(509): CodeIgniter\CodeIgniter->runController(Object(App\Controllers\Usuarios))
 3 SYSTEMPATH\CodeIgniter.php(355): CodeIgniter\CodeIgniter->handleRequest(null, Object(Config\Cache), false)
 4 SYSTEMPATH\Boot.php(325): CodeIgniter\CodeIgniter->run()
 5 SYSTEMPATH\Boot.php(67): CodeIgniter\Boot::runCodeIgniter(Object(CodeIgniter\CodeIgniter))
 6 FCPATH\index.php(56): CodeIgniter\Boot::bootWeb(Object(Config\Paths))
 7 SYSTEMPATH\rewrite.php(44): require_once('C:\\xampp\\htdocs\\ordem\\public\\index.php')
CRITICAL - 2024-09-26 23:42:10 --> TypeError: App\Controllers\Usuarios::editar(): Argument #1 ($id) must be of type ?int, string given, called in C:\xampp\htdocs\ordem\vendor\codeigniter4\framework\system\CodeIgniter.php on line 933
[Method: GET, Route: usuarios/editar/img/avatar-6.jpg]
in APPPATH\Controllers\Usuarios.php on line 86.
 1 SYSTEMPATH\CodeIgniter.php(933): App\Controllers\Usuarios->editar('img', 'avatar-6.jpg')
 2 SYSTEMPATH\CodeIgniter.php(509): CodeIgniter\CodeIgniter->runController(Object(App\Controllers\Usuarios))
 3 SYSTEMPATH\CodeIgniter.php(355): CodeIgniter\CodeIgniter->handleRequest(null, Object(Config\Cache), false)
 4 SYSTEMPATH\Boot.php(325): CodeIgniter\CodeIgniter->run()
 5 SYSTEMPATH\Boot.php(67): CodeIgniter\Boot::runCodeIgniter(Object(CodeIgniter\CodeIgniter))
 6 FCPATH\index.php(56): CodeIgniter\Boot::bootWeb(Object(Config\Paths))
 7 SYSTEMPATH\rewrite.php(44): require_once('C:\\xampp\\htdocs\\ordem\\public\\index.php')
CRITICAL - 2024-09-26 23:42:10 --> TypeError: App\Controllers\Usuarios::editar(): Argument #1 ($id) must be of type ?int, string given, called in C:\xampp\htdocs\ordem\vendor\codeigniter4\framework\system\CodeIgniter.php on line 933
[Method: GET, Route: usuarios/editar/img/flags/16/DE.png]
in APPPATH\Controllers\Usuarios.php on line 86.
 1 SYSTEMPATH\CodeIgniter.php(933): App\Controllers\Usuarios->editar('img', 'flags', '16', 'DE.png')
 2 SYSTEMPATH\CodeIgniter.php(509): CodeIgniter\CodeIgniter->runController(Object(App\Controllers\Usuarios))
 3 SYSTEMPATH\CodeIgniter.php(355): CodeIgniter\CodeIgniter->handleRequest(null, Object(Config\Cache), false)
 4 SYSTEMPATH\Boot.php(325): CodeIgniter\CodeIgniter->run()
 5 SYSTEMPATH\Boot.php(67): CodeIgniter\Boot::runCodeIgniter(Object(CodeIgniter\CodeIgniter))
 6 FCPATH\index.php(56): CodeIgniter\Boot::bootWeb(Object(Config\Paths))
 7 SYSTEMPATH\rewrite.php(44): require_once('C:\\xampp\\htdocs\\ordem\\public\\index.php')
CRITICAL - 2024-09-26 23:42:10 --> TypeError: App\Controllers\Usuarios::editar(): Argument #1 ($id) must be of type ?int, string given, called in C:\xampp\htdocs\ordem\vendor\codeigniter4\framework\system\CodeIgniter.php on line 933
[Method: GET, Route: usuarios/editar/img/flags/16/FR.png]
in APPPATH\Controllers\Usuarios.php on line 86.
 1 SYSTEMPATH\CodeIgniter.php(933): App\Controllers\Usuarios->editar('img', 'flags', '16', 'FR.png')
 2 SYSTEMPATH\CodeIgniter.php(509): CodeIgniter\CodeIgniter->runController(Object(App\Controllers\Usuarios))
 3 SYSTEMPATH\CodeIgniter.php(355): CodeIgniter\CodeIgniter->handleRequest(null, Object(Config\Cache), false)
 4 SYSTEMPATH\Boot.php(325): CodeIgniter\CodeIgniter->run()
 5 SYSTEMPATH\Boot.php(67): CodeIgniter\Boot::runCodeIgniter(Object(CodeIgniter\CodeIgniter))
 6 FCPATH\index.php(56): CodeIgniter\Boot::bootWeb(Object(Config\Paths))
 7 SYSTEMPATH\rewrite.php(44): require_once('C:\\xampp\\htdocs\\ordem\\public\\index.php')
CRITICAL - 2024-09-26 23:42:40 --> TypeError: App\Controllers\Usuarios::editar(): Argument #1 ($id) must be of type ?int, string given, called in C:\xampp\htdocs\ordem\vendor\codeigniter4\framework\system\CodeIgniter.php on line 933
[Method: GET, Route: usuarios/editar/img/avatar-3.jpg]
in APPPATH\Controllers\Usuarios.php on line 86.
 1 SYSTEMPATH\CodeIgniter.php(933): App\Controllers\Usuarios->editar('img', 'avatar-3.jpg')
 2 SYSTEMPATH\CodeIgniter.php(509): CodeIgniter\CodeIgniter->runController(Object(App\Controllers\Usuarios))
 3 SYSTEMPATH\CodeIgniter.php(355): CodeIgniter\CodeIgniter->handleRequest(null, Object(Config\Cache), false)
 4 SYSTEMPATH\Boot.php(325): CodeIgniter\CodeIgniter->run()
 5 SYSTEMPATH\Boot.php(67): CodeIgniter\Boot::runCodeIgniter(Object(CodeIgniter\CodeIgniter))
 6 FCPATH\index.php(56): CodeIgniter\Boot::bootWeb(Object(Config\Paths))
 7 SYSTEMPATH\rewrite.php(44): require_once('C:\\xampp\\htdocs\\ordem\\public\\index.php')
CRITICAL - 2024-09-26 23:42:40 --> TypeError: App\Controllers\Usuarios::editar(): Argument #1 ($id) must be of type ?int, string given, called in C:\xampp\htdocs\ordem\vendor\codeigniter4\framework\system\CodeIgniter.php on line 933
[Method: GET, Route: usuarios/editar/img/avatar-2.jpg]
in APPPATH\Controllers\Usuarios.php on line 86.
 1 SYSTEMPATH\CodeIgniter.php(933): App\Controllers\Usuarios->editar('img', 'avatar-2.jpg')
 2 SYSTEMPATH\CodeIgniter.php(509): CodeIgniter\CodeIgniter->runController(Object(App\Controllers\Usuarios))
 3 SYSTEMPATH\CodeIgniter.php(355): CodeIgniter\CodeIgniter->handleRequest(null, Object(Config\Cache), false)
 4 SYSTEMPATH\Boot.php(325): CodeIgniter\CodeIgniter->run()
 5 SYSTEMPATH\Boot.php(67): CodeIgniter\Boot::runCodeIgniter(Object(CodeIgniter\CodeIgniter))
 6 FCPATH\index.php(56): CodeIgniter\Boot::bootWeb(Object(Config\Paths))
 7 SYSTEMPATH\rewrite.php(44): require_once('C:\\xampp\\htdocs\\ordem\\public\\index.php')
CRITICAL - 2024-09-26 23:42:40 --> TypeError: App\Controllers\Usuarios::editar(): Argument #1 ($id) must be of type ?int, string given, called in C:\xampp\htdocs\ordem\vendor\codeigniter4\framework\system\CodeIgniter.php on line 933
[Method: GET, Route: usuarios/editar/img/avatar-1.jpg]
in APPPATH\Controllers\Usuarios.php on line 86.
 1 SYSTEMPATH\CodeIgniter.php(933): App\Controllers\Usuarios->editar('img', 'avatar-1.jpg')
 2 SYSTEMPATH\CodeIgniter.php(509): CodeIgniter\CodeIgniter->runController(Object(App\Controllers\Usuarios))
 3 SYSTEMPATH\CodeIgniter.php(355): CodeIgniter\CodeIgniter->handleRequest(null, Object(Config\Cache), false)
 4 SYSTEMPATH\Boot.php(325): CodeIgniter\CodeIgniter->run()
 5 SYSTEMPATH\Boot.php(67): CodeIgniter\Boot::runCodeIgniter(Object(CodeIgniter\CodeIgniter))
 6 FCPATH\index.php(56): CodeIgniter\Boot::bootWeb(Object(Config\Paths))
 7 SYSTEMPATH\rewrite.php(44): require_once('C:\\xampp\\htdocs\\ordem\\public\\index.php')
CRITICAL - 2024-09-26 23:42:40 --> TypeError: App\Controllers\Usuarios::editar(): Argument #1 ($id) must be of type ?int, string given, called in C:\xampp\htdocs\ordem\vendor\codeigniter4\framework\system\CodeIgniter.php on line 933
[Method: GET, Route: usuarios/editar/img/avatar-5.jpg]
in APPPATH\Controllers\Usuarios.php on line 86.
 1 SYSTEMPATH\CodeIgniter.php(933): App\Controllers\Usuarios->editar('img', 'avatar-5.jpg')
 2 SYSTEMPATH\CodeIgniter.php(509): CodeIgniter\CodeIgniter->runController(Object(App\Controllers\Usuarios))
 3 SYSTEMPATH\CodeIgniter.php(355): CodeIgniter\CodeIgniter->handleRequest(null, Object(Config\Cache), false)
 4 SYSTEMPATH\Boot.php(325): CodeIgniter\CodeIgniter->run()
 5 SYSTEMPATH\Boot.php(67): CodeIgniter\Boot::runCodeIgniter(Object(CodeIgniter\CodeIgniter))
 6 FCPATH\index.php(56): CodeIgniter\Boot::bootWeb(Object(Config\Paths))
 7 SYSTEMPATH\rewrite.php(44): require_once('C:\\xampp\\htdocs\\ordem\\public\\index.php')
CRITICAL - 2024-09-26 23:42:40 --> TypeError: App\Controllers\Usuarios::editar(): Argument #1 ($id) must be of type ?int, string given, called in C:\xampp\htdocs\ordem\vendor\codeigniter4\framework\system\CodeIgniter.php on line 933
[Method: GET, Route: usuarios/editar/img/flags/16/GB.png]
in APPPATH\Controllers\Usuarios.php on line 86.
 1 SYSTEMPATH\CodeIgniter.php(933): App\Controllers\Usuarios->editar('img', 'flags', '16', 'GB.png')
 2 SYSTEMPATH\CodeIgniter.php(509): CodeIgniter\CodeIgniter->runController(Object(App\Controllers\Usuarios))
 3 SYSTEMPATH\CodeIgniter.php(355): CodeIgniter\CodeIgniter->handleRequest(null, Object(Config\Cache), false)
 4 SYSTEMPATH\Boot.php(325): CodeIgniter\CodeIgniter->run()
 5 SYSTEMPATH\Boot.php(67): CodeIgniter\Boot::runCodeIgniter(Object(CodeIgniter\CodeIgniter))
 6 FCPATH\index.php(56): CodeIgniter\Boot::bootWeb(Object(Config\Paths))
 7 SYSTEMPATH\rewrite.php(44): require_once('C:\\xampp\\htdocs\\ordem\\public\\index.php')
CRITICAL - 2024-09-26 23:42:41 --> TypeError: App\Controllers\Usuarios::editar(): Argument #1 ($id) must be of type ?int, string given, called in C:\xampp\htdocs\ordem\vendor\codeigniter4\framework\system\CodeIgniter.php on line 933
[Method: GET, Route: usuarios/editar/img/avatar-6.jpg]
in APPPATH\Controllers\Usuarios.php on line 86.
 1 SYSTEMPATH\CodeIgniter.php(933): App\Controllers\Usuarios->editar('img', 'avatar-6.jpg')
 2 SYSTEMPATH\CodeIgniter.php(509): CodeIgniter\CodeIgniter->runController(Object(App\Controllers\Usuarios))
 3 SYSTEMPATH\CodeIgniter.php(355): CodeIgniter\CodeIgniter->handleRequest(null, Object(Config\Cache), false)
 4 SYSTEMPATH\Boot.php(325): CodeIgniter\CodeIgniter->run()
 5 SYSTEMPATH\Boot.php(67): CodeIgniter\Boot::runCodeIgniter(Object(CodeIgniter\CodeIgniter))
 6 FCPATH\index.php(56): CodeIgniter\Boot::bootWeb(Object(Config\Paths))
 7 SYSTEMPATH\rewrite.php(44): require_once('C:\\xampp\\htdocs\\ordem\\public\\index.php')
CRITICAL - 2024-09-26 23:42:41 --> TypeError: App\Controllers\Usuarios::editar(): Argument #1 ($id) must be of type ?int, string given, called in C:\xampp\htdocs\ordem\vendor\codeigniter4\framework\system\CodeIgniter.php on line 933
[Method: GET, Route: usuarios/editar/img/flags/16/DE.png]
in APPPATH\Controllers\Usuarios.php on line 86.
 1 SYSTEMPATH\CodeIgniter.php(933): App\Controllers\Usuarios->editar('img', 'flags', '16', 'DE.png')
 2 SYSTEMPATH\CodeIgniter.php(509): CodeIgniter\CodeIgniter->runController(Object(App\Controllers\Usuarios))
 3 SYSTEMPATH\CodeIgniter.php(355): CodeIgniter\CodeIgniter->handleRequest(null, Object(Config\Cache), false)
 4 SYSTEMPATH\Boot.php(325): CodeIgniter\CodeIgniter->run()
 5 SYSTEMPATH\Boot.php(67): CodeIgniter\Boot::runCodeIgniter(Object(CodeIgniter\CodeIgniter))
 6 FCPATH\index.php(56): CodeIgniter\Boot::bootWeb(Object(Config\Paths))
 7 SYSTEMPATH\rewrite.php(44): require_once('C:\\xampp\\htdocs\\ordem\\public\\index.php')
CRITICAL - 2024-09-26 23:42:41 --> TypeError: App\Controllers\Usuarios::editar(): Argument #1 ($id) must be of type ?int, string given, called in C:\xampp\htdocs\ordem\vendor\codeigniter4\framework\system\CodeIgniter.php on line 933
[Method: GET, Route: usuarios/editar/img/flags/16/FR.png]
in APPPATH\Controllers\Usuarios.php on line 86.
 1 SYSTEMPATH\CodeIgniter.php(933): App\Controllers\Usuarios->editar('img', 'flags', '16', 'FR.png')
 2 SYSTEMPATH\CodeIgniter.php(509): CodeIgniter\CodeIgniter->runController(Object(App\Controllers\Usuarios))
 3 SYSTEMPATH\CodeIgniter.php(355): CodeIgniter\CodeIgniter->handleRequest(null, Object(Config\Cache), false)
 4 SYSTEMPATH\Boot.php(325): CodeIgniter\CodeIgniter->run()
 5 SYSTEMPATH\Boot.php(67): CodeIgniter\Boot::runCodeIgniter(Object(CodeIgniter\CodeIgniter))
 6 FCPATH\index.php(56): CodeIgniter\Boot::bootWeb(Object(Config\Paths))
 7 SYSTEMPATH\rewrite.php(44): require_once('C:\\xampp\\htdocs\\ordem\\public\\index.php')
CRITICAL - 2024-09-26 23:49:13 --> TypeError: App\Controllers\Usuarios::editar(): Argument #1 ($id) must be of type ?int, string given, called in C:\xampp\htdocs\ordem\vendor\codeigniter4\framework\system\CodeIgniter.php on line 933
[Method: GET, Route: usuarios/editar/img/avatar-3.jpg]
in APPPATH\Controllers\Usuarios.php on line 86.
 1 SYSTEMPATH\CodeIgniter.php(933): App\Controllers\Usuarios->editar('img', 'avatar-3.jpg')
 2 SYSTEMPATH\CodeIgniter.php(509): CodeIgniter\CodeIgniter->runController(Object(App\Controllers\Usuarios))
 3 SYSTEMPATH\CodeIgniter.php(355): CodeIgniter\CodeIgniter->handleRequest(null, Object(Config\Cache), false)
 4 SYSTEMPATH\Boot.php(325): CodeIgniter\CodeIgniter->run()
 5 SYSTEMPATH\Boot.php(67): CodeIgniter\Boot::runCodeIgniter(Object(CodeIgniter\CodeIgniter))
 6 FCPATH\index.php(56): CodeIgniter\Boot::bootWeb(Object(Config\Paths))
 7 SYSTEMPATH\rewrite.php(44): require_once('C:\\xampp\\htdocs\\ordem\\public\\index.php')
CRITICAL - 2024-09-26 23:49:13 --> TypeError: App\Controllers\Usuarios::editar(): Argument #1 ($id) must be of type ?int, string given, called in C:\xampp\htdocs\ordem\vendor\codeigniter4\framework\system\CodeIgniter.php on line 933
[Method: GET, Route: usuarios/editar/img/avatar-2.jpg]
in APPPATH\Controllers\Usuarios.php on line 86.
 1 SYSTEMPATH\CodeIgniter.php(933): App\Controllers\Usuarios->editar('img', 'avatar-2.jpg')
 2 SYSTEMPATH\CodeIgniter.php(509): CodeIgniter\CodeIgniter->runController(Object(App\Controllers\Usuarios))
 3 SYSTEMPATH\CodeIgniter.php(355): CodeIgniter\CodeIgniter->handleRequest(null, Object(Config\Cache), false)
 4 SYSTEMPATH\Boot.php(325): CodeIgniter\CodeIgniter->run()
 5 SYSTEMPATH\Boot.php(67): CodeIgniter\Boot::runCodeIgniter(Object(CodeIgniter\CodeIgniter))
 6 FCPATH\index.php(56): CodeIgniter\Boot::bootWeb(Object(Config\Paths))
 7 SYSTEMPATH\rewrite.php(44): require_once('C:\\xampp\\htdocs\\ordem\\public\\index.php')
CRITICAL - 2024-09-26 23:49:14 --> TypeError: App\Controllers\Usuarios::editar(): Argument #1 ($id) must be of type ?int, string given, called in C:\xampp\htdocs\ordem\vendor\codeigniter4\framework\system\CodeIgniter.php on line 933
[Method: GET, Route: usuarios/editar/img/avatar-1.jpg]
in APPPATH\Controllers\Usuarios.php on line 86.
 1 SYSTEMPATH\CodeIgniter.php(933): App\Controllers\Usuarios->editar('img', 'avatar-1.jpg')
 2 SYSTEMPATH\CodeIgniter.php(509): CodeIgniter\CodeIgniter->runController(Object(App\Controllers\Usuarios))
 3 SYSTEMPATH\CodeIgniter.php(355): CodeIgniter\CodeIgniter->handleRequest(null, Object(Config\Cache), false)
 4 SYSTEMPATH\Boot.php(325): CodeIgniter\CodeIgniter->run()
 5 SYSTEMPATH\Boot.php(67): CodeIgniter\Boot::runCodeIgniter(Object(CodeIgniter\CodeIgniter))
 6 FCPATH\index.php(56): CodeIgniter\Boot::bootWeb(Object(Config\Paths))
 7 SYSTEMPATH\rewrite.php(44): require_once('C:\\xampp\\htdocs\\ordem\\public\\index.php')
CRITICAL - 2024-09-26 23:49:14 --> TypeError: App\Controllers\Usuarios::editar(): Argument #1 ($id) must be of type ?int, string given, called in C:\xampp\htdocs\ordem\vendor\codeigniter4\framework\system\CodeIgniter.php on line 933
[Method: GET, Route: usuarios/editar/img/avatar-5.jpg]
in APPPATH\Controllers\Usuarios.php on line 86.
 1 SYSTEMPATH\CodeIgniter.php(933): App\Controllers\Usuarios->editar('img', 'avatar-5.jpg')
 2 SYSTEMPATH\CodeIgniter.php(509): CodeIgniter\CodeIgniter->runController(Object(App\Controllers\Usuarios))
 3 SYSTEMPATH\CodeIgniter.php(355): CodeIgniter\CodeIgniter->handleRequest(null, Object(Config\Cache), false)
 4 SYSTEMPATH\Boot.php(325): CodeIgniter\CodeIgniter->run()
 5 SYSTEMPATH\Boot.php(67): CodeIgniter\Boot::runCodeIgniter(Object(CodeIgniter\CodeIgniter))
 6 FCPATH\index.php(56): CodeIgniter\Boot::bootWeb(Object(Config\Paths))
 7 SYSTEMPATH\rewrite.php(44): require_once('C:\\xampp\\htdocs\\ordem\\public\\index.php')
CRITICAL - 2024-09-26 23:49:14 --> TypeError: App\Controllers\Usuarios::editar(): Argument #1 ($id) must be of type ?int, string given, called in C:\xampp\htdocs\ordem\vendor\codeigniter4\framework\system\CodeIgniter.php on line 933
[Method: GET, Route: usuarios/editar/img/flags/16/GB.png]
in APPPATH\Controllers\Usuarios.php on line 86.
 1 SYSTEMPATH\CodeIgniter.php(933): App\Controllers\Usuarios->editar('img', 'flags', '16', 'GB.png')
 2 SYSTEMPATH\CodeIgniter.php(509): CodeIgniter\CodeIgniter->runController(Object(App\Controllers\Usuarios))
 3 SYSTEMPATH\CodeIgniter.php(355): CodeIgniter\CodeIgniter->handleRequest(null, Object(Config\Cache), false)
 4 SYSTEMPATH\Boot.php(325): CodeIgniter\CodeIgniter->run()
 5 SYSTEMPATH\Boot.php(67): CodeIgniter\Boot::runCodeIgniter(Object(CodeIgniter\CodeIgniter))
 6 FCPATH\index.php(56): CodeIgniter\Boot::bootWeb(Object(Config\Paths))
 7 SYSTEMPATH\rewrite.php(44): require_once('C:\\xampp\\htdocs\\ordem\\public\\index.php')
CRITICAL - 2024-09-26 23:49:14 --> TypeError: App\Controllers\Usuarios::editar(): Argument #1 ($id) must be of type ?int, string given, called in C:\xampp\htdocs\ordem\vendor\codeigniter4\framework\system\CodeIgniter.php on line 933
[Method: GET, Route: usuarios/editar/img/avatar-6.jpg]
in APPPATH\Controllers\Usuarios.php on line 86.
 1 SYSTEMPATH\CodeIgniter.php(933): App\Controllers\Usuarios->editar('img', 'avatar-6.jpg')
 2 SYSTEMPATH\CodeIgniter.php(509): CodeIgniter\CodeIgniter->runController(Object(App\Controllers\Usuarios))
 3 SYSTEMPATH\CodeIgniter.php(355): CodeIgniter\CodeIgniter->handleRequest(null, Object(Config\Cache), false)
 4 SYSTEMPATH\Boot.php(325): CodeIgniter\CodeIgniter->run()
 5 SYSTEMPATH\Boot.php(67): CodeIgniter\Boot::runCodeIgniter(Object(CodeIgniter\CodeIgniter))
 6 FCPATH\index.php(56): CodeIgniter\Boot::bootWeb(Object(Config\Paths))
 7 SYSTEMPATH\rewrite.php(44): require_once('C:\\xampp\\htdocs\\ordem\\public\\index.php')
CRITICAL - 2024-09-26 23:49:14 --> TypeError: App\Controllers\Usuarios::editar(): Argument #1 ($id) must be of type ?int, string given, called in C:\xampp\htdocs\ordem\vendor\codeigniter4\framework\system\CodeIgniter.php on line 933
[Method: GET, Route: usuarios/editar/img/flags/16/DE.png]
in APPPATH\Controllers\Usuarios.php on line 86.
 1 SYSTEMPATH\CodeIgniter.php(933): App\Controllers\Usuarios->editar('img', 'flags', '16', 'DE.png')
 2 SYSTEMPATH\CodeIgniter.php(509): CodeIgniter\CodeIgniter->runController(Object(App\Controllers\Usuarios))
 3 SYSTEMPATH\CodeIgniter.php(355): CodeIgniter\CodeIgniter->handleRequest(null, Object(Config\Cache), false)
 4 SYSTEMPATH\Boot.php(325): CodeIgniter\CodeIgniter->run()
 5 SYSTEMPATH\Boot.php(67): CodeIgniter\Boot::runCodeIgniter(Object(CodeIgniter\CodeIgniter))
 6 FCPATH\index.php(56): CodeIgniter\Boot::bootWeb(Object(Config\Paths))
 7 SYSTEMPATH\rewrite.php(44): require_once('C:\\xampp\\htdocs\\ordem\\public\\index.php')
CRITICAL - 2024-09-26 23:49:15 --> TypeError: App\Controllers\Usuarios::editar(): Argument #1 ($id) must be of type ?int, string given, called in C:\xampp\htdocs\ordem\vendor\codeigniter4\framework\system\CodeIgniter.php on line 933
[Method: GET, Route: usuarios/editar/img/flags/16/FR.png]
in APPPATH\Controllers\Usuarios.php on line 86.
 1 SYSTEMPATH\CodeIgniter.php(933): App\Controllers\Usuarios->editar('img', 'flags', '16', 'FR.png')
 2 SYSTEMPATH\CodeIgniter.php(509): CodeIgniter\CodeIgniter->runController(Object(App\Controllers\Usuarios))
 3 SYSTEMPATH\CodeIgniter.php(355): CodeIgniter\CodeIgniter->handleRequest(null, Object(Config\Cache), false)
 4 SYSTEMPATH\Boot.php(325): CodeIgniter\CodeIgniter->run()
 5 SYSTEMPATH\Boot.php(67): CodeIgniter\Boot::runCodeIgniter(Object(CodeIgniter\CodeIgniter))
 6 FCPATH\index.php(56): CodeIgniter\Boot::bootWeb(Object(Config\Paths))
 7 SYSTEMPATH\rewrite.php(44): require_once('C:\\xampp\\htdocs\\ordem\\public\\index.php')
INFO - 2024-09-26 23:49:23 --> CSRF token verified.
