CRITICAL - 2024-09-17 01:23:19 --> ErrorException: Undefined variable $nome
[Method: GET, Route: /]
in APPPATH\Views\welcome_message.php on line 232.
 1 APPPATH\Views\welcome_message.php(232): CodeIgniter\Debug\Exceptions->errorHandler(2, 'Undefined variable $nome', 'C:\\xampp\\htdocs\\ordem\\app\\Views\\welcome_message.php', 232)
 2 SYSTEMPATH\View\View.php(234): include('C:\\xampp\\htdocs\\ordem\\app\\Views\\welcome_message.php')
 3 SYSTEMPATH\View\View.php(237): CodeIgniter\View\View->CodeIgniter\View\{closure}()
 4 SYSTEMPATH\Common.php(1171): CodeIgniter\View\View->render('welcome_message', [], true)
 5 APPPATH\Controllers\Home.php(9): view('welcome_message')
 6 SYSTEMPATH\CodeIgniter.php(933): App\Controllers\Home->index()
 7 SYSTEMPATH\CodeIgniter.php(509): CodeIgniter\CodeIgniter->runController(Object(App\Controllers\Home))
 8 SYSTEMPATH\CodeIgniter.php(355): CodeIgniter\CodeIgniter->handleRequest(null, Object(Config\Cache), false)
 9 SYSTEMPATH\Boot.php(325): CodeIgniter\CodeIgniter->run()
10 SYSTEMPATH\Boot.php(67): CodeIgniter\Boot::runCodeIgniter(Object(CodeIgniter\CodeIgniter))
11 FCPATH\index.php(56): CodeIgniter\Boot::bootWeb(Object(Config\Paths))
12 SYSTEMPATH\rewrite.php(44): require_once('C:\\xampp\\htdocs\\ordem\\public\\index.php')
CRITICAL - 2024-09-17 01:23:53 --> ErrorException: Undefined variable $nome
[Method: GET, Route: /]
in APPPATH\Views\welcome_message.php on line 234.
 1 APPPATH\Views\welcome_message.php(234): CodeIgniter\Debug\Exceptions->errorHandler(2, 'Undefined variable $nome', 'C:\\xampp\\htdocs\\ordem\\app\\Views\\welcome_message.php', 234)
 2 SYSTEMPATH\View\View.php(234): include('C:\\xampp\\htdocs\\ordem\\app\\Views\\welcome_message.php')
 3 SYSTEMPATH\View\View.php(237): CodeIgniter\View\View->CodeIgniter\View\{closure}()
 4 SYSTEMPATH\Common.php(1171): CodeIgniter\View\View->render('welcome_message', [], true)
 5 APPPATH\Controllers\Home.php(9): view('welcome_message')
 6 SYSTEMPATH\CodeIgniter.php(933): App\Controllers\Home->index()
 7 SYSTEMPATH\CodeIgniter.php(509): CodeIgniter\CodeIgniter->runController(Object(App\Controllers\Home))
 8 SYSTEMPATH\CodeIgniter.php(355): CodeIgniter\CodeIgniter->handleRequest(null, Object(Config\Cache), false)
 9 SYSTEMPATH\Boot.php(325): CodeIgniter\CodeIgniter->run()
10 SYSTEMPATH\Boot.php(67): CodeIgniter\Boot::runCodeIgniter(Object(CodeIgniter\CodeIgniter))
11 FCPATH\index.php(56): CodeIgniter\Boot::bootWeb(Object(Config\Paths))
12 SYSTEMPATH\rewrite.php(44): require_once('C:\\xampp\\htdocs\\ordem\\public\\index.php')
CRITICAL - 2024-09-17 01:29:47 --> ErrorException: Undefined variable $nome
[Method: GET, Route: /]
in APPPATH\Views\welcome_message.php on line 238.
 1 APPPATH\Views\welcome_message.php(238): CodeIgniter\Debug\Exceptions->errorHandler(2, 'Undefined variable $nome', 'C:\\xampp\\htdocs\\ordem\\app\\Views\\welcome_message.php', 238)
 2 SYSTEMPATH\View\View.php(234): include('C:\\xampp\\htdocs\\ordem\\app\\Views\\welcome_message.php')
 3 SYSTEMPATH\View\View.php(237): CodeIgniter\View\View->CodeIgniter\View\{closure}()
 4 SYSTEMPATH\Common.php(1171): CodeIgniter\View\View->render('welcome_message', [], true)
 5 APPPATH\Controllers\Home.php(9): view('welcome_message')
 6 SYSTEMPATH\CodeIgniter.php(933): App\Controllers\Home->index()
 7 SYSTEMPATH\CodeIgniter.php(509): CodeIgniter\CodeIgniter->runController(Object(App\Controllers\Home))
 8 SYSTEMPATH\CodeIgniter.php(355): CodeIgniter\CodeIgniter->handleRequest(null, Object(Config\Cache), false)
 9 SYSTEMPATH\Boot.php(325): CodeIgniter\CodeIgniter->run()
10 SYSTEMPATH\Boot.php(67): CodeIgniter\Boot::runCodeIgniter(Object(CodeIgniter\CodeIgniter))
11 FCPATH\index.php(56): CodeIgniter\Boot::bootWeb(Object(Config\Paths))
12 SYSTEMPATH\rewrite.php(44): require_once('C:\\xampp\\htdocs\\ordem\\public\\index.php')
CRITICAL - 2024-09-17 01:29:50 --> ErrorException: Undefined variable $nome
[Method: GET, Route: /]
in APPPATH\Views\welcome_message.php on line 238.
 1 APPPATH\Views\welcome_message.php(238): CodeIgniter\Debug\Exceptions->errorHandler(2, 'Undefined variable $nome', 'C:\\xampp\\htdocs\\ordem\\app\\Views\\welcome_message.php', 238)
 2 SYSTEMPATH\View\View.php(234): include('C:\\xampp\\htdocs\\ordem\\app\\Views\\welcome_message.php')
 3 SYSTEMPATH\View\View.php(237): CodeIgniter\View\View->CodeIgniter\View\{closure}()
 4 SYSTEMPATH\Common.php(1171): CodeIgniter\View\View->render('welcome_message', [], true)
 5 APPPATH\Controllers\Home.php(9): view('welcome_message')
 6 SYSTEMPATH\CodeIgniter.php(933): App\Controllers\Home->index()
 7 SYSTEMPATH\CodeIgniter.php(509): CodeIgniter\CodeIgniter->runController(Object(App\Controllers\Home))
 8 SYSTEMPATH\CodeIgniter.php(355): CodeIgniter\CodeIgniter->handleRequest(null, Object(Config\Cache), false)
 9 SYSTEMPATH\Boot.php(325): CodeIgniter\CodeIgniter->run()
10 SYSTEMPATH\Boot.php(67): CodeIgniter\Boot::runCodeIgniter(Object(CodeIgniter\CodeIgniter))
11 FCPATH\index.php(56): CodeIgniter\Boot::bootWeb(Object(Config\Paths))
12 SYSTEMPATH\rewrite.php(44): require_once('C:\\xampp\\htdocs\\ordem\\public\\index.php')
CRITICAL - 2024-09-17 21:10:28 --> CodeIgniter\View\Exceptions\ViewException: Invalid file: "teste.php"
[Method: GET, Route: teste]
in SYSTEMPATH\Exceptions\FrameworkException.php on line 41.
 1 SYSTEMPATH\View\View.php(222): CodeIgniter\Exceptions\FrameworkException::forInvalidFile('teste.php')
 2 SYSTEMPATH\Common.php(1171): CodeIgniter\View\View->render('teste', [], true)
 3 APPPATH\Controllers\Teste.php(12): view('teste')
 4 SYSTEMPATH\CodeIgniter.php(933): App\Controllers\Teste->index()
 5 SYSTEMPATH\CodeIgniter.php(509): CodeIgniter\CodeIgniter->runController(Object(App\Controllers\Teste))
 6 SYSTEMPATH\CodeIgniter.php(355): CodeIgniter\CodeIgniter->handleRequest(null, Object(Config\Cache), false)
 7 SYSTEMPATH\Boot.php(325): CodeIgniter\CodeIgniter->run()
 8 SYSTEMPATH\Boot.php(67): CodeIgniter\Boot::runCodeIgniter(Object(CodeIgniter\CodeIgniter))
 9 FCPATH\index.php(56): CodeIgniter\Boot::bootWeb(Object(Config\Paths))
10 SYSTEMPATH\rewrite.php(44): require_once('C:\\xampp\\htdocs\\ordem\\public\\index.php')
CRITICAL - 2024-09-17 21:10:30 --> CodeIgniter\View\Exceptions\ViewException: Invalid file: "teste.php"
[Method: GET, Route: teste]
in SYSTEMPATH\Exceptions\FrameworkException.php on line 41.
 1 SYSTEMPATH\View\View.php(222): CodeIgniter\Exceptions\FrameworkException::forInvalidFile('teste.php')
 2 SYSTEMPATH\Common.php(1171): CodeIgniter\View\View->render('teste', [], true)
 3 APPPATH\Controllers\Teste.php(12): view('teste')
 4 SYSTEMPATH\CodeIgniter.php(933): App\Controllers\Teste->index()
 5 SYSTEMPATH\CodeIgniter.php(509): CodeIgniter\CodeIgniter->runController(Object(App\Controllers\Teste))
 6 SYSTEMPATH\CodeIgniter.php(355): CodeIgniter\CodeIgniter->handleRequest(null, Object(Config\Cache), false)
 7 SYSTEMPATH\Boot.php(325): CodeIgniter\CodeIgniter->run()
 8 SYSTEMPATH\Boot.php(67): CodeIgniter\Boot::runCodeIgniter(Object(CodeIgniter\CodeIgniter))
 9 FCPATH\index.php(56): CodeIgniter\Boot::bootWeb(Object(Config\Paths))
10 SYSTEMPATH\rewrite.php(44): require_once('C:\\xampp\\htdocs\\ordem\\public\\index.php')
CRITICAL - 2024-09-17 21:34:24 --> ParseError: syntax error, unexpected variable "$data", expecting ";" or "{"
[Method: GET, Route: teste]
in APPPATH\Controllers\Teste.php on line 12.
 1 SYSTEMPATH\Router\Router.php(563): CodeIgniter\Router\AutoRouter->getRoute('teste', 'GET')
 2 SYSTEMPATH\Router\Router.php(228): CodeIgniter\Router\Router->autoRoute('teste')
 3 SYSTEMPATH\CodeIgniter.php(834): CodeIgniter\Router\Router->handle('teste')
 4 SYSTEMPATH\CodeIgniter.php(457): CodeIgniter\CodeIgniter->tryToRouteIt(Object(CodeIgniter\Router\RouteCollection))
 5 SYSTEMPATH\CodeIgniter.php(355): CodeIgniter\CodeIgniter->handleRequest(null, Object(Config\Cache), false)
 6 SYSTEMPATH\Boot.php(325): CodeIgniter\CodeIgniter->run()
 7 SYSTEMPATH\Boot.php(67): CodeIgniter\Boot::runCodeIgniter(Object(CodeIgniter\CodeIgniter))
 8 FCPATH\index.php(56): CodeIgniter\Boot::bootWeb(Object(Config\Paths))
 9 SYSTEMPATH\rewrite.php(44): require_once('C:\\xampp\\htdocs\\ordem\\public\\index.php')
CRITICAL - 2024-09-17 21:41:43 --> ParseError: syntax error, unexpected variable "$data", expecting ";" or "{"
[Method: GET, Route: teste]
in APPPATH\Controllers\Teste.php on line 12.
 1 SYSTEMPATH\Router\Router.php(563): CodeIgniter\Router\AutoRouter->getRoute('teste', 'GET')
 2 SYSTEMPATH\Router\Router.php(228): CodeIgniter\Router\Router->autoRoute('teste')
 3 SYSTEMPATH\CodeIgniter.php(834): CodeIgniter\Router\Router->handle('teste')
 4 SYSTEMPATH\CodeIgniter.php(457): CodeIgniter\CodeIgniter->tryToRouteIt(Object(CodeIgniter\Router\RouteCollection))
 5 SYSTEMPATH\CodeIgniter.php(355): CodeIgniter\CodeIgniter->handleRequest(null, Object(Config\Cache), false)
 6 SYSTEMPATH\Boot.php(325): CodeIgniter\CodeIgniter->run()
 7 SYSTEMPATH\Boot.php(67): CodeIgniter\Boot::runCodeIgniter(Object(CodeIgniter\CodeIgniter))
 8 FCPATH\index.php(56): CodeIgniter\Boot::bootWeb(Object(Config\Paths))
 9 SYSTEMPATH\rewrite.php(44): require_once('C:\\xampp\\htdocs\\ordem\\public\\index.php')
CRITICAL - 2024-09-17 21:41:47 --> ParseError: syntax error, unexpected variable "$data", expecting ";" or "{"
[Method: GET, Route: teste]
in APPPATH\Controllers\Teste.php on line 12.
 1 SYSTEMPATH\Router\Router.php(563): CodeIgniter\Router\AutoRouter->getRoute('teste', 'GET')
 2 SYSTEMPATH\Router\Router.php(228): CodeIgniter\Router\Router->autoRoute('teste')
 3 SYSTEMPATH\CodeIgniter.php(834): CodeIgniter\Router\Router->handle('teste')
 4 SYSTEMPATH\CodeIgniter.php(457): CodeIgniter\CodeIgniter->tryToRouteIt(Object(CodeIgniter\Router\RouteCollection))
 5 SYSTEMPATH\CodeIgniter.php(355): CodeIgniter\CodeIgniter->handleRequest(null, Object(Config\Cache), false)
 6 SYSTEMPATH\Boot.php(325): CodeIgniter\CodeIgniter->run()
 7 SYSTEMPATH\Boot.php(67): CodeIgniter\Boot::runCodeIgniter(Object(CodeIgniter\CodeIgniter))
 8 FCPATH\index.php(56): CodeIgniter\Boot::bootWeb(Object(Config\Paths))
 9 SYSTEMPATH\rewrite.php(44): require_once('C:\\xampp\\htdocs\\ordem\\public\\index.php')
CRITICAL - 2024-09-17 22:02:25 --> ErrorException: Undefined variable $data
[Method: GET, Route: teste]
in APPPATH\Views\teste.php on line 1.
 1 APPPATH\Views\teste.php(1): CodeIgniter\Debug\Exceptions->errorHandler(2, 'Undefined variable $data', 'C:\\xampp\\htdocs\\ordem\\app\\Views\\teste.php', 1)
 2 SYSTEMPATH\View\View.php(234): include('C:\\xampp\\htdocs\\ordem\\app\\Views\\teste.php')
 3 SYSTEMPATH\View\View.php(237): CodeIgniter\View\View->CodeIgniter\View\{closure}()
 4 SYSTEMPATH\Common.php(1171): CodeIgniter\View\View->render('teste', [], true)
 5 APPPATH\Controllers\Teste.php(16): view('teste', [...])
 6 SYSTEMPATH\CodeIgniter.php(933): App\Controllers\Teste->index()
 7 SYSTEMPATH\CodeIgniter.php(509): CodeIgniter\CodeIgniter->runController(Object(App\Controllers\Teste))
 8 SYSTEMPATH\CodeIgniter.php(355): CodeIgniter\CodeIgniter->handleRequest(null, Object(Config\Cache), false)
 9 SYSTEMPATH\Boot.php(325): CodeIgniter\CodeIgniter->run()
10 SYSTEMPATH\Boot.php(67): CodeIgniter\Boot::runCodeIgniter(Object(CodeIgniter\CodeIgniter))
11 FCPATH\index.php(56): CodeIgniter\Boot::bootWeb(Object(Config\Paths))
12 SYSTEMPATH\rewrite.php(44): require_once('C:\\xampp\\htdocs\\ordem\\public\\index.php')
CRITICAL - 2024-09-17 22:50:39 --> ErrorException: Undefined variable $eleitor
[Method: GET, Route: teste/minha]
in APPPATH\Views\minha.php on line 1.
 1 APPPATH\Views\minha.php(1): CodeIgniter\Debug\Exceptions->errorHandler(2, 'Undefined variable $eleitor', 'C:\\xampp\\htdocs\\ordem\\app\\Views\\minha.php', 1)
 2 SYSTEMPATH\View\View.php(234): include('C:\\xampp\\htdocs\\ordem\\app\\Views\\minha.php')
 3 SYSTEMPATH\View\View.php(237): CodeIgniter\View\View->CodeIgniter\View\{closure}()
 4 SYSTEMPATH\Common.php(1171): CodeIgniter\View\View->render('minha', [], true)
 5 APPPATH\Controllers\Teste.php(24): view('minha')
 6 SYSTEMPATH\CodeIgniter.php(933): App\Controllers\Teste->minha()
 7 SYSTEMPATH\CodeIgniter.php(509): CodeIgniter\CodeIgniter->runController(Object(App\Controllers\Teste))
 8 SYSTEMPATH\CodeIgniter.php(355): CodeIgniter\CodeIgniter->handleRequest(null, Object(Config\Cache), false)
 9 SYSTEMPATH\Boot.php(325): CodeIgniter\CodeIgniter->run()
10 SYSTEMPATH\Boot.php(67): CodeIgniter\Boot::runCodeIgniter(Object(CodeIgniter\CodeIgniter))
11 FCPATH\index.php(56): CodeIgniter\Boot::bootWeb(Object(Config\Paths))
12 SYSTEMPATH\rewrite.php(44): require_once('C:\\xampp\\htdocs\\ordem\\public\\index.php')
CRITICAL - 2024-09-17 22:51:58 --> ErrorException: Undefined variable $eleitor
[Method: GET, Route: teste/minha]
in APPPATH\Views\minha.php on line 1.
 1 APPPATH\Views\minha.php(1): CodeIgniter\Debug\Exceptions->errorHandler(2, 'Undefined variable $eleitor', 'C:\\xampp\\htdocs\\ordem\\app\\Views\\minha.php', 1)
 2 SYSTEMPATH\View\View.php(234): include('C:\\xampp\\htdocs\\ordem\\app\\Views\\minha.php')
 3 SYSTEMPATH\View\View.php(237): CodeIgniter\View\View->CodeIgniter\View\{closure}()
 4 SYSTEMPATH\Common.php(1171): CodeIgniter\View\View->render('minha', [], true)
 5 APPPATH\Controllers\Teste.php(24): view('minha')
 6 SYSTEMPATH\CodeIgniter.php(933): App\Controllers\Teste->minha()
 7 SYSTEMPATH\CodeIgniter.php(509): CodeIgniter\CodeIgniter->runController(Object(App\Controllers\Teste))
 8 SYSTEMPATH\CodeIgniter.php(355): CodeIgniter\CodeIgniter->handleRequest(null, Object(Config\Cache), false)
 9 SYSTEMPATH\Boot.php(325): CodeIgniter\CodeIgniter->run()
10 SYSTEMPATH\Boot.php(67): CodeIgniter\Boot::runCodeIgniter(Object(CodeIgniter\CodeIgniter))
11 FCPATH\index.php(56): CodeIgniter\Boot::bootWeb(Object(Config\Paths))
12 SYSTEMPATH\rewrite.php(44): require_once('C:\\xampp\\htdocs\\ordem\\public\\index.php')
CRITICAL - 2024-09-17 22:54:08 --> ErrorException: Undefined variable $eleitor
[Method: GET, Route: teste/minha]
in APPPATH\Views\minha.php on line 1.
 1 APPPATH\Views\minha.php(1): CodeIgniter\Debug\Exceptions->errorHandler(2, 'Undefined variable $eleitor', 'C:\\xampp\\htdocs\\ordem\\app\\Views\\minha.php', 1)
 2 SYSTEMPATH\View\View.php(234): include('C:\\xampp\\htdocs\\ordem\\app\\Views\\minha.php')
 3 SYSTEMPATH\View\View.php(237): CodeIgniter\View\View->CodeIgniter\View\{closure}()
 4 SYSTEMPATH\Common.php(1171): CodeIgniter\View\View->render('minha', [], true)
 5 APPPATH\Controllers\Teste.php(24): view('minha')
 6 SYSTEMPATH\CodeIgniter.php(933): App\Controllers\Teste->minha()
 7 SYSTEMPATH\CodeIgniter.php(509): CodeIgniter\CodeIgniter->runController(Object(App\Controllers\Teste))
 8 SYSTEMPATH\CodeIgniter.php(355): CodeIgniter\CodeIgniter->handleRequest(null, Object(Config\Cache), false)
 9 SYSTEMPATH\Boot.php(325): CodeIgniter\CodeIgniter->run()
10 SYSTEMPATH\Boot.php(67): CodeIgniter\Boot::runCodeIgniter(Object(CodeIgniter\CodeIgniter))
11 FCPATH\index.php(56): CodeIgniter\Boot::bootWeb(Object(Config\Paths))
12 SYSTEMPATH\rewrite.php(44): require_once('C:\\xampp\\htdocs\\ordem\\public\\index.php')
CRITICAL - 2024-09-17 22:55:17 --> ErrorException: Array to string conversion
[Method: GET, Route: teste/minha]
in APPPATH\Views\minha.php on line 1.
 1 APPPATH\Views\minha.php(1): CodeIgniter\Debug\Exceptions->errorHandler(2, 'Array to string conversion', 'C:\\xampp\\htdocs\\ordem\\app\\Views\\minha.php', 1)
 2 SYSTEMPATH\View\View.php(234): include('C:\\xampp\\htdocs\\ordem\\app\\Views\\minha.php')
 3 SYSTEMPATH\View\View.php(237): CodeIgniter\View\View->CodeIgniter\View\{closure}()
 4 SYSTEMPATH\Common.php(1171): CodeIgniter\View\View->render('minha', [], true)
 5 APPPATH\Controllers\Teste.php(24): view('minha', [...])
 6 SYSTEMPATH\CodeIgniter.php(933): App\Controllers\Teste->minha()
 7 SYSTEMPATH\CodeIgniter.php(509): CodeIgniter\CodeIgniter->runController(Object(App\Controllers\Teste))
 8 SYSTEMPATH\CodeIgniter.php(355): CodeIgniter\CodeIgniter->handleRequest(null, Object(Config\Cache), false)
 9 SYSTEMPATH\Boot.php(325): CodeIgniter\CodeIgniter->run()
10 SYSTEMPATH\Boot.php(67): CodeIgniter\Boot::runCodeIgniter(Object(CodeIgniter\CodeIgniter))
11 FCPATH\index.php(56): CodeIgniter\Boot::bootWeb(Object(Config\Paths))
12 SYSTEMPATH\rewrite.php(44): require_once('C:\\xampp\\htdocs\\ordem\\public\\index.php')
CRITICAL - 2024-09-17 22:58:20 --> ErrorException: Array to string conversion
[Method: GET, Route: teste/minha]
in APPPATH\Views\minha.php on line 1.
 1 APPPATH\Views\minha.php(1): CodeIgniter\Debug\Exceptions->errorHandler(2, 'Array to string conversion', 'C:\\xampp\\htdocs\\ordem\\app\\Views\\minha.php', 1)
 2 SYSTEMPATH\View\View.php(234): include('C:\\xampp\\htdocs\\ordem\\app\\Views\\minha.php')
 3 SYSTEMPATH\View\View.php(237): CodeIgniter\View\View->CodeIgniter\View\{closure}()
 4 SYSTEMPATH\Common.php(1171): CodeIgniter\View\View->render('minha', [], true)
 5 APPPATH\Controllers\Teste.php(24): view('minha', [...])
 6 SYSTEMPATH\CodeIgniter.php(933): App\Controllers\Teste->minha()
 7 SYSTEMPATH\CodeIgniter.php(509): CodeIgniter\CodeIgniter->runController(Object(App\Controllers\Teste))
 8 SYSTEMPATH\CodeIgniter.php(355): CodeIgniter\CodeIgniter->handleRequest(null, Object(Config\Cache), false)
 9 SYSTEMPATH\Boot.php(325): CodeIgniter\CodeIgniter->run()
10 SYSTEMPATH\Boot.php(67): CodeIgniter\Boot::runCodeIgniter(Object(CodeIgniter\CodeIgniter))
11 FCPATH\index.php(56): CodeIgniter\Boot::bootWeb(Object(Config\Paths))
12 SYSTEMPATH\rewrite.php(44): require_once('C:\\xampp\\htdocs\\ordem\\public\\index.php')
CRITICAL - 2024-09-17 22:59:10 --> ParseError: syntax error, unexpected token ",", expecting "]"
[Method: GET, Route: teste/minha]
in APPPATH\Views\minha.php on line 1.
 1 SYSTEMPATH\View\View.php(237): CodeIgniter\View\View->CodeIgniter\View\{closure}()
 2 SYSTEMPATH\Common.php(1171): CodeIgniter\View\View->render('minha', [], true)
 3 APPPATH\Controllers\Teste.php(24): view('minha', [...])
 4 SYSTEMPATH\CodeIgniter.php(933): App\Controllers\Teste->minha()
 5 SYSTEMPATH\CodeIgniter.php(509): CodeIgniter\CodeIgniter->runController(Object(App\Controllers\Teste))
 6 SYSTEMPATH\CodeIgniter.php(355): CodeIgniter\CodeIgniter->handleRequest(null, Object(Config\Cache), false)
 7 SYSTEMPATH\Boot.php(325): CodeIgniter\CodeIgniter->run()
 8 SYSTEMPATH\Boot.php(67): CodeIgniter\Boot::runCodeIgniter(Object(CodeIgniter\CodeIgniter))
 9 FCPATH\index.php(56): CodeIgniter\Boot::bootWeb(Object(Config\Paths))
10 SYSTEMPATH\rewrite.php(44): require_once('C:\\xampp\\htdocs\\ordem\\public\\index.php')
